Determining size of __uint128 failed with the following output:
Change Dir: /MMCI/MS/DeNovoAssembly2/work/ReREAD/Sample_ORNA/ORNA/thirdparty/gatb-core/build/CMakeFiles/CMakeTmp

Run Build Command:"/usr/bin/make" "cmTryCompileExec4205104705/fast"
/usr/bin/make -f CMakeFiles/cmTryCompileExec4205104705.dir/build.make CMakeFiles/cmTryCompileExec4205104705.dir/build
make[1]: Entering directory '/MMCI/MS/DeNovoAssembly2/work/ReREAD/Sample_ORNA/ORNA/thirdparty/gatb-core/build/CMakeFiles/CMakeTmp'
/usr/bin/cmake -E cmake_progress_report /MMCI/MS/DeNovoAssembly2/work/ReREAD/Sample_ORNA/ORNA/thirdparty/gatb-core/build/CMakeFiles/CMakeTmp/CMakeFiles 1
Building C object CMakeFiles/cmTryCompileExec4205104705.dir/int128_t_USE__uint128.c.o
/usr/bin/cc    -o CMakeFiles/cmTryCompileExec4205104705.dir/int128_t_USE__uint128.c.o   -c /MMCI/MS/DeNovoAssembly2/work/ReREAD/Sample_ORNA/ORNA/thirdparty/gatb-core/build/CMakeFiles/CheckTypeSize/int128_t_USE__uint128.c
/MMCI/MS/DeNovoAssembly2/work/ReREAD/Sample_ORNA/ORNA/thirdparty/gatb-core/build/CMakeFiles/CheckTypeSize/int128_t_USE__uint128.c:17:22: error: ‘__uint128’ undeclared here (not in a function)
 #define SIZE (sizeof(__uint128))
                      ^
/MMCI/MS/DeNovoAssembly2/work/ReREAD/Sample_ORNA/ORNA/thirdparty/gatb-core/build/CMakeFiles/CheckTypeSize/int128_t_USE__uint128.c:19:12: note: in expansion of macro ‘SIZE’
   ('0' + ((SIZE / 10000)%10)),
            ^
CMakeFiles/cmTryCompileExec4205104705.dir/build.make:57: recipe for target 'CMakeFiles/cmTryCompileExec4205104705.dir/int128_t_USE__uint128.c.o' failed
make[1]: Leaving directory '/MMCI/MS/DeNovoAssembly2/work/ReREAD/Sample_ORNA/ORNA/thirdparty/gatb-core/build/CMakeFiles/CMakeTmp'
make[1]: *** [CMakeFiles/cmTryCompileExec4205104705.dir/int128_t_USE__uint128.c.o] Error 1
Makefile:118: recipe for target 'cmTryCompileExec4205104705/fast' failed
make: *** [cmTryCompileExec4205104705/fast] Error 2

/MMCI/MS/DeNovoAssembly2/work/ReREAD/Sample_ORNA/ORNA/thirdparty/gatb-core/build/CMakeFiles/CheckTypeSize/int128_t_USE__uint128.c:
#include <sys/types.h>
#include <stdint.h>
#include <stddef.h>


#undef KEY
#if defined(__i386)
# define KEY '_','_','i','3','8','6'
#elif defined(__x86_64)
# define KEY '_','_','x','8','6','_','6','4'
#elif defined(__ppc__)
# define KEY '_','_','p','p','c','_','_'
#elif defined(__ppc64__)
# define KEY '_','_','p','p','c','6','4','_','_'
#endif

#define SIZE (sizeof(__uint128))
char info_size[] =  {'I', 'N', 'F', 'O', ':', 's','i','z','e','[',
  ('0' + ((SIZE / 10000)%10)),
  ('0' + ((SIZE / 1000)%10)),
  ('0' + ((SIZE / 100)%10)),
  ('0' + ((SIZE / 10)%10)),
  ('0' +  (SIZE    % 10)),
  ']',
#ifdef KEY
  ' ','k','e','y','[', KEY, ']',
#endif
  '\0'};

#ifdef __CLASSIC_C__
int main(argc, argv) int argc; char *argv[];
#else
int main(int argc, char *argv[])
#endif
{
  int require = 0;
  require += info_size[argc];
  (void)argv;
  return require;
}


Determining if the function WSAStartup exists in the ws2_32;m;dl failed with the following output:
Change Dir: /MMCI/MS/DeNovoAssembly2/work/ReREAD/Sample_ORNA/ORNA/thirdparty/gatb-core/build/CMakeFiles/CMakeTmp

Run Build Command:"/usr/bin/make" "cmTryCompileExec1735893605/fast"
/usr/bin/make -f CMakeFiles/cmTryCompileExec1735893605.dir/build.make CMakeFiles/cmTryCompileExec1735893605.dir/build
make[1]: Entering directory '/MMCI/MS/DeNovoAssembly2/work/ReREAD/Sample_ORNA/ORNA/thirdparty/gatb-core/build/CMakeFiles/CMakeTmp'
/usr/bin/cmake -E cmake_progress_report /MMCI/MS/DeNovoAssembly2/work/ReREAD/Sample_ORNA/ORNA/thirdparty/gatb-core/build/CMakeFiles/CMakeTmp/CMakeFiles 1
Building C object CMakeFiles/cmTryCompileExec1735893605.dir/CheckFunctionExists.c.o
/usr/bin/cc   -msse2 -msse4.2 -mpopcnt -DCHECK_FUNCTION_EXISTS=WSAStartup   -o CMakeFiles/cmTryCompileExec1735893605.dir/CheckFunctionExists.c.o   -c /usr/share/cmake-3.0/Modules/CheckFunctionExists.c
Linking C executable cmTryCompileExec1735893605
/usr/bin/cmake -E cmake_link_script CMakeFiles/cmTryCompileExec1735893605.dir/link.txt --verbose=1
/usr/bin/cc   -msse2 -msse4.2 -mpopcnt -DCHECK_FUNCTION_EXISTS=WSAStartup    CMakeFiles/cmTryCompileExec1735893605.dir/CheckFunctionExists.c.o  -o cmTryCompileExec1735893605 -rdynamic -lws2_32 -lm -ldl 
/usr/bin/ld: cannot find -lws2_32
collect2: error: ld returned 1 exit status
CMakeFiles/cmTryCompileExec1735893605.dir/build.make:88: recipe for target 'cmTryCompileExec1735893605' failed
make[1]: Leaving directory '/MMCI/MS/DeNovoAssembly2/work/ReREAD/Sample_ORNA/ORNA/thirdparty/gatb-core/build/CMakeFiles/CMakeTmp'
make[1]: *** [cmTryCompileExec1735893605] Error 1
Makefile:118: recipe for target 'cmTryCompileExec1735893605/fast' failed
make: *** [cmTryCompileExec1735893605/fast] Error 2


Determining if the function gethostbyname exists in the wsock32;m;dl failed with the following output:
Change Dir: /MMCI/MS/DeNovoAssembly2/work/ReREAD/Sample_ORNA/ORNA/thirdparty/gatb-core/build/CMakeFiles/CMakeTmp

Run Build Command:"/usr/bin/make" "cmTryCompileExec1332726809/fast"
/usr/bin/make -f CMakeFiles/cmTryCompileExec1332726809.dir/build.make CMakeFiles/cmTryCompileExec1332726809.dir/build
make[1]: Entering directory '/MMCI/MS/DeNovoAssembly2/work/ReREAD/Sample_ORNA/ORNA/thirdparty/gatb-core/build/CMakeFiles/CMakeTmp'
/usr/bin/cmake -E cmake_progress_report /MMCI/MS/DeNovoAssembly2/work/ReREAD/Sample_ORNA/ORNA/thirdparty/gatb-core/build/CMakeFiles/CMakeTmp/CMakeFiles 1
Building C object CMakeFiles/cmTryCompileExec1332726809.dir/CheckFunctionExists.c.o
/usr/bin/cc   -msse2 -msse4.2 -mpopcnt -DCHECK_FUNCTION_EXISTS=gethostbyname   -o CMakeFiles/cmTryCompileExec1332726809.dir/CheckFunctionExists.c.o   -c /usr/share/cmake-3.0/Modules/CheckFunctionExists.c
Linking C executable cmTryCompileExec1332726809
/usr/bin/cmake -E cmake_link_script CMakeFiles/cmTryCompileExec1332726809.dir/link.txt --verbose=1
/usr/bin/cc   -msse2 -msse4.2 -mpopcnt -DCHECK_FUNCTION_EXISTS=gethostbyname    CMakeFiles/cmTryCompileExec1332726809.dir/CheckFunctionExists.c.o  -o cmTryCompileExec1332726809 -rdynamic -lwsock32 -lm -ldl 
/usr/bin/ld: cannot find -lwsock32
collect2: error: ld returned 1 exit status
CMakeFiles/cmTryCompileExec1332726809.dir/build.make:88: recipe for target 'cmTryCompileExec1332726809' failed
make[1]: *** [cmTryCompileExec1332726809] Error 1
make[1]: Leaving directory '/MMCI/MS/DeNovoAssembly2/work/ReREAD/Sample_ORNA/ORNA/thirdparty/gatb-core/build/CMakeFiles/CMakeTmp'
Makefile:118: recipe for target 'cmTryCompileExec1332726809/fast' failed
make: *** [cmTryCompileExec1332726809/fast] Error 2


Determining if the function gethostname exists in the ucb;m;dl failed with the following output:
Change Dir: /MMCI/MS/DeNovoAssembly2/work/ReREAD/Sample_ORNA/ORNA/thirdparty/gatb-core/build/CMakeFiles/CMakeTmp

Run Build Command:"/usr/bin/make" "cmTryCompileExec3934399254/fast"
/usr/bin/make -f CMakeFiles/cmTryCompileExec3934399254.dir/build.make CMakeFiles/cmTryCompileExec3934399254.dir/build
make[1]: Entering directory '/MMCI/MS/DeNovoAssembly2/work/ReREAD/Sample_ORNA/ORNA/thirdparty/gatb-core/build/CMakeFiles/CMakeTmp'
/usr/bin/cmake -E cmake_progress_report /MMCI/MS/DeNovoAssembly2/work/ReREAD/Sample_ORNA/ORNA/thirdparty/gatb-core/build/CMakeFiles/CMakeTmp/CMakeFiles 1
Building C object CMakeFiles/cmTryCompileExec3934399254.dir/CheckFunctionExists.c.o
/usr/bin/cc   -msse2 -msse4.2 -mpopcnt -DCHECK_FUNCTION_EXISTS=gethostname   -o CMakeFiles/cmTryCompileExec3934399254.dir/CheckFunctionExists.c.o   -c /usr/share/cmake-3.0/Modules/CheckFunctionExists.c
Linking C executable cmTryCompileExec3934399254
/usr/bin/cmake -E cmake_link_script CMakeFiles/cmTryCompileExec3934399254.dir/link.txt --verbose=1
/usr/bin/cc   -msse2 -msse4.2 -mpopcnt -DCHECK_FUNCTION_EXISTS=gethostname    CMakeFiles/cmTryCompileExec3934399254.dir/CheckFunctionExists.c.o  -o cmTryCompileExec3934399254 -rdynamic -lucb -lm -ldl 
/usr/bin/ld: cannot find -lucb
collect2: error: ld returned 1 exit status
CMakeFiles/cmTryCompileExec3934399254.dir/build.make:88: recipe for target 'cmTryCompileExec3934399254' failed
make[1]: Leaving directory '/MMCI/MS/DeNovoAssembly2/work/ReREAD/Sample_ORNA/ORNA/thirdparty/gatb-core/build/CMakeFiles/CMakeTmp'
make[1]: *** [cmTryCompileExec3934399254] Error 1
Makefile:118: recipe for target 'cmTryCompileExec3934399254/fast' failed
make: *** [cmTryCompileExec3934399254/fast] Error 2


Determining if the function connect exists in the socket;m;dl failed with the following output:
Change Dir: /MMCI/MS/DeNovoAssembly2/work/ReREAD/Sample_ORNA/ORNA/thirdparty/gatb-core/build/CMakeFiles/CMakeTmp

Run Build Command:"/usr/bin/make" "cmTryCompileExec671209220/fast"
/usr/bin/make -f CMakeFiles/cmTryCompileExec671209220.dir/build.make CMakeFiles/cmTryCompileExec671209220.dir/build
make[1]: Entering directory '/MMCI/MS/DeNovoAssembly2/work/ReREAD/Sample_ORNA/ORNA/thirdparty/gatb-core/build/CMakeFiles/CMakeTmp'
/usr/bin/cmake -E cmake_progress_report /MMCI/MS/DeNovoAssembly2/work/ReREAD/Sample_ORNA/ORNA/thirdparty/gatb-core/build/CMakeFiles/CMakeTmp/CMakeFiles 1
Building C object CMakeFiles/cmTryCompileExec671209220.dir/CheckFunctionExists.c.o
/usr/bin/cc   -msse2 -msse4.2 -mpopcnt -DCHECK_FUNCTION_EXISTS=connect   -o CMakeFiles/cmTryCompileExec671209220.dir/CheckFunctionExists.c.o   -c /usr/share/cmake-3.0/Modules/CheckFunctionExists.c
Linking C executable cmTryCompileExec671209220
/usr/bin/cmake -E cmake_link_script CMakeFiles/cmTryCompileExec671209220.dir/link.txt --verbose=1
/usr/bin/cc   -msse2 -msse4.2 -mpopcnt -DCHECK_FUNCTION_EXISTS=connect    CMakeFiles/cmTryCompileExec671209220.dir/CheckFunctionExists.c.o  -o cmTryCompileExec671209220 -rdynamic -lsocket -lm -ldl 
/usr/bin/ld: cannot find -lsocket
collect2: error: ld returned 1 exit status
CMakeFiles/cmTryCompileExec671209220.dir/build.make:88: recipe for target 'cmTryCompileExec671209220' failed
make[1]: Leaving directory '/MMCI/MS/DeNovoAssembly2/work/ReREAD/Sample_ORNA/ORNA/thirdparty/gatb-core/build/CMakeFiles/CMakeTmp'
make[1]: *** [cmTryCompileExec671209220] Error 1
Makefile:118: recipe for target 'cmTryCompileExec671209220/fast' failed
make: *** [cmTryCompileExec671209220/fast] Error 2


Determining if the system is big endian passed with the following output:
Change Dir: /MMCI/MS/DeNovoAssembly2/work/ReREAD/Sample_ORNA/ORNA/thirdparty/gatb-core/build/CMakeFiles/CMakeTmp

Run Build Command:"/usr/bin/make" "cmTryCompileExec3442286313/fast"
/usr/bin/make -f CMakeFiles/cmTryCompileExec3442286313.dir/build.make CMakeFiles/cmTryCompileExec3442286313.dir/build
make[1]: Entering directory '/MMCI/MS/DeNovoAssembly2/work/ReREAD/Sample_ORNA/ORNA/thirdparty/gatb-core/build/CMakeFiles/CMakeTmp'
/usr/bin/cmake -E cmake_progress_report /MMCI/MS/DeNovoAssembly2/work/ReREAD/Sample_ORNA/ORNA/thirdparty/gatb-core/build/CMakeFiles/CMakeTmp/CMakeFiles 1
Building C object CMakeFiles/cmTryCompileExec3442286313.dir/TestEndianess.c.o
/usr/bin/cc   -msse2 -msse4.2 -mpopcnt    -o CMakeFiles/cmTryCompileExec3442286313.dir/TestEndianess.c.o   -c /MMCI/MS/DeNovoAssembly2/work/ReREAD/Sample_ORNA/ORNA/thirdparty/gatb-core/build/CMakeFiles/CMakeTmp/TestEndianess.c
Linking C executable cmTryCompileExec3442286313
/usr/bin/cmake -E cmake_link_script CMakeFiles/cmTryCompileExec3442286313.dir/link.txt --verbose=1
/usr/bin/cc   -msse2 -msse4.2 -mpopcnt     CMakeFiles/cmTryCompileExec3442286313.dir/TestEndianess.c.o  -o cmTryCompileExec3442286313 -rdynamic 
make[1]: Leaving directory '/MMCI/MS/DeNovoAssembly2/work/ReREAD/Sample_ORNA/ORNA/thirdparty/gatb-core/build/CMakeFiles/CMakeTmp'

TestEndianess.c:
/* A 16 bit integer is required. */
typedef unsigned short cmakeint16;

/* On a little endian machine, these 16bit ints will give "THIS IS LITTLE ENDIAN."
   On a big endian machine the characters will be exchanged pairwise. */
const cmakeint16 info_little[] =  {0x4854, 0x5349, 0x4920, 0x2053, 0x494c, 0x5454, 0x454c, 0x4520, 0x444e, 0x4149, 0x2e4e, 0x0000};

/* on a big endian machine, these 16bit ints will give "THIS IS BIG ENDIAN."
   On a little endian machine the characters will be exchanged pairwise. */
const cmakeint16 info_big[] =     {0x5448, 0x4953, 0x2049, 0x5320, 0x4249, 0x4720, 0x454e, 0x4449, 0x414e, 0x2e2e, 0x0000};

#ifdef __CLASSIC_C__
int main(argc, argv) int argc; char *argv[];
#else
int main(int argc, char *argv[])
#endif
{
  int require = 0;
  require += info_little[argc];
  require += info_big[argc];
  (void)argv;
  return require;
}


Determining if the function clock_gettime exists in the posix4 failed with the following output:
Change Dir: /MMCI/MS/DeNovoAssembly2/work/ReREAD/Sample_ORNA/ORNA/thirdparty/gatb-core/build/CMakeFiles/CMakeTmp

Run Build Command:"/usr/bin/make" "cmTryCompileExec2246334398/fast"
/usr/bin/make -f CMakeFiles/cmTryCompileExec2246334398.dir/build.make CMakeFiles/cmTryCompileExec2246334398.dir/build
make[1]: Entering directory '/MMCI/MS/DeNovoAssembly2/work/ReREAD/Sample_ORNA/ORNA/thirdparty/gatb-core/build/CMakeFiles/CMakeTmp'
/usr/bin/cmake -E cmake_progress_report /MMCI/MS/DeNovoAssembly2/work/ReREAD/Sample_ORNA/ORNA/thirdparty/gatb-core/build/CMakeFiles/CMakeTmp/CMakeFiles 1
Building C object CMakeFiles/cmTryCompileExec2246334398.dir/CheckFunctionExists.c.o
/usr/bin/cc   -msse2 -msse4.2 -mpopcnt -DCHECK_FUNCTION_EXISTS=clock_gettime   -o CMakeFiles/cmTryCompileExec2246334398.dir/CheckFunctionExists.c.o   -c /usr/share/cmake-3.0/Modules/CheckFunctionExists.c
Linking C executable cmTryCompileExec2246334398
/usr/bin/cmake -E cmake_link_script CMakeFiles/cmTryCompileExec2246334398.dir/link.txt --verbose=1
/usr/bin/cc   -msse2 -msse4.2 -mpopcnt -DCHECK_FUNCTION_EXISTS=clock_gettime    CMakeFiles/cmTryCompileExec2246334398.dir/CheckFunctionExists.c.o  -o cmTryCompileExec2246334398 -rdynamic -lposix4 -lm -ldl 
/usr/bin/ld: cannot find -lposix4
collect2: error: ld returned 1 exit status
CMakeFiles/cmTryCompileExec2246334398.dir/build.make:88: recipe for target 'cmTryCompileExec2246334398' failed
make[1]: Leaving directory '/MMCI/MS/DeNovoAssembly2/work/ReREAD/Sample_ORNA/ORNA/thirdparty/gatb-core/build/CMakeFiles/CMakeTmp'
make[1]: *** [cmTryCompileExec2246334398] Error 1
Makefile:118: recipe for target 'cmTryCompileExec2246334398/fast' failed
make: *** [cmTryCompileExec2246334398/fast] Error 2


Determining if files sys/resource.h;sys/time.h;unistd.h;sys/ioctl.h;sys/stat.h;sys/socket.h;sys/types.h;stddef.h;setjmp.h;features.h;dirent.h;stdint.h;mach/mach_time.h exist failed with the following output:
Change Dir: /MMCI/MS/DeNovoAssembly2/work/ReREAD/Sample_ORNA/ORNA/thirdparty/gatb-core/build/CMakeFiles/CMakeTmp

Run Build Command:"/usr/bin/make" "cmTryCompileExec2507323892/fast"
/usr/bin/make -f CMakeFiles/cmTryCompileExec2507323892.dir/build.make CMakeFiles/cmTryCompileExec2507323892.dir/build
make[1]: Entering directory '/MMCI/MS/DeNovoAssembly2/work/ReREAD/Sample_ORNA/ORNA/thirdparty/gatb-core/build/CMakeFiles/CMakeTmp'
/usr/bin/cmake -E cmake_progress_report /MMCI/MS/DeNovoAssembly2/work/ReREAD/Sample_ORNA/ORNA/thirdparty/gatb-core/build/CMakeFiles/CMakeTmp/CMakeFiles 1
Building C object CMakeFiles/cmTryCompileExec2507323892.dir/CheckIncludeFiles.c.o
/usr/bin/cc   -msse2 -msse4.2 -mpopcnt    -o CMakeFiles/cmTryCompileExec2507323892.dir/CheckIncludeFiles.c.o   -c /MMCI/MS/DeNovoAssembly2/work/ReREAD/Sample_ORNA/ORNA/thirdparty/gatb-core/build/CMakeFiles/CMakeTmp/CheckIncludeFiles.c
/MMCI/MS/DeNovoAssembly2/work/ReREAD/Sample_ORNA/ORNA/thirdparty/gatb-core/build/CMakeFiles/CMakeTmp/CheckIncludeFiles.c:14:28: fatal error: mach/mach_time.h: No such file or directory
 #include <mach/mach_time.h>
                            ^
compilation terminated.
CMakeFiles/cmTryCompileExec2507323892.dir/build.make:57: recipe for target 'CMakeFiles/cmTryCompileExec2507323892.dir/CheckIncludeFiles.c.o' failed
make[1]: *** [CMakeFiles/cmTryCompileExec2507323892.dir/CheckIncludeFiles.c.o] Error 1
make[1]: Leaving directory '/MMCI/MS/DeNovoAssembly2/work/ReREAD/Sample_ORNA/ORNA/thirdparty/gatb-core/build/CMakeFiles/CMakeTmp'
Makefile:118: recipe for target 'cmTryCompileExec2507323892/fast' failed
make: *** [cmTryCompileExec2507323892/fast] Error 2

Source:
/* */
#include <sys/resource.h>
#include <sys/time.h>
#include <unistd.h>
#include <sys/ioctl.h>
#include <sys/stat.h>
#include <sys/socket.h>
#include <sys/types.h>
#include <stddef.h>
#include <setjmp.h>
#include <features.h>
#include <dirent.h>
#include <stdint.h>
#include <mach/mach_time.h>


int main(){return 0;}

Determining if files sys/resource.h;sys/time.h;unistd.h;sys/ioctl.h;sys/stat.h;sys/socket.h;sys/types.h;stddef.h;setjmp.h;features.h;dirent.h;stdint.h;io.h exist failed with the following output:
Change Dir: /MMCI/MS/DeNovoAssembly2/work/ReREAD/Sample_ORNA/ORNA/thirdparty/gatb-core/build/CMakeFiles/CMakeTmp

Run Build Command:"/usr/bin/make" "cmTryCompileExec478039436/fast"
/usr/bin/make -f CMakeFiles/cmTryCompileExec478039436.dir/build.make CMakeFiles/cmTryCompileExec478039436.dir/build
make[1]: Entering directory '/MMCI/MS/DeNovoAssembly2/work/ReREAD/Sample_ORNA/ORNA/thirdparty/gatb-core/build/CMakeFiles/CMakeTmp'
/usr/bin/cmake -E cmake_progress_report /MMCI/MS/DeNovoAssembly2/work/ReREAD/Sample_ORNA/ORNA/thirdparty/gatb-core/build/CMakeFiles/CMakeTmp/CMakeFiles 1
Building C object CMakeFiles/cmTryCompileExec478039436.dir/CheckIncludeFiles.c.o
/usr/bin/cc   -msse2 -msse4.2 -mpopcnt    -o CMakeFiles/cmTryCompileExec478039436.dir/CheckIncludeFiles.c.o   -c /MMCI/MS/DeNovoAssembly2/work/ReREAD/Sample_ORNA/ORNA/thirdparty/gatb-core/build/CMakeFiles/CMakeTmp/CheckIncludeFiles.c
/MMCI/MS/DeNovoAssembly2/work/ReREAD/Sample_ORNA/ORNA/thirdparty/gatb-core/build/CMakeFiles/CMakeTmp/CheckIncludeFiles.c:14:16: fatal error: io.h: No such file or directory
 #include <io.h>
                ^
compilation terminated.
CMakeFiles/cmTryCompileExec478039436.dir/build.make:57: recipe for target 'CMakeFiles/cmTryCompileExec478039436.dir/CheckIncludeFiles.c.o' failed
make[1]: Leaving directory '/MMCI/MS/DeNovoAssembly2/work/ReREAD/Sample_ORNA/ORNA/thirdparty/gatb-core/build/CMakeFiles/CMakeTmp'
make[1]: *** [CMakeFiles/cmTryCompileExec478039436.dir/CheckIncludeFiles.c.o] Error 1
Makefile:118: recipe for target 'cmTryCompileExec478039436/fast' failed
make: *** [cmTryCompileExec478039436/fast] Error 2

Source:
/* */
#include <sys/resource.h>
#include <sys/time.h>
#include <unistd.h>
#include <sys/ioctl.h>
#include <sys/stat.h>
#include <sys/socket.h>
#include <sys/types.h>
#include <stddef.h>
#include <setjmp.h>
#include <features.h>
#include <dirent.h>
#include <stdint.h>
#include <io.h>


int main(){return 0;}

Determining if files sys/resource.h;sys/time.h;unistd.h;sys/ioctl.h;sys/stat.h;sys/socket.h;sys/types.h;stddef.h;setjmp.h;features.h;dirent.h;stdint.h;winsock2.h exist failed with the following output:
Change Dir: /MMCI/MS/DeNovoAssembly2/work/ReREAD/Sample_ORNA/ORNA/thirdparty/gatb-core/build/CMakeFiles/CMakeTmp

Run Build Command:"/usr/bin/make" "cmTryCompileExec199249965/fast"
/usr/bin/make -f CMakeFiles/cmTryCompileExec199249965.dir/build.make CMakeFiles/cmTryCompileExec199249965.dir/build
make[1]: Entering directory '/MMCI/MS/DeNovoAssembly2/work/ReREAD/Sample_ORNA/ORNA/thirdparty/gatb-core/build/CMakeFiles/CMakeTmp'
/usr/bin/cmake -E cmake_progress_report /MMCI/MS/DeNovoAssembly2/work/ReREAD/Sample_ORNA/ORNA/thirdparty/gatb-core/build/CMakeFiles/CMakeTmp/CMakeFiles 1
Building C object CMakeFiles/cmTryCompileExec199249965.dir/CheckIncludeFiles.c.o
/usr/bin/cc   -msse2 -msse4.2 -mpopcnt    -o CMakeFiles/cmTryCompileExec199249965.dir/CheckIncludeFiles.c.o   -c /MMCI/MS/DeNovoAssembly2/work/ReREAD/Sample_ORNA/ORNA/thirdparty/gatb-core/build/CMakeFiles/CMakeTmp/CheckIncludeFiles.c
/MMCI/MS/DeNovoAssembly2/work/ReREAD/Sample_ORNA/ORNA/thirdparty/gatb-core/build/CMakeFiles/CMakeTmp/CheckIncludeFiles.c:14:22: fatal error: winsock2.h: No such file or directory
 #include <winsock2.h>
                      ^
compilation terminated.
CMakeFiles/cmTryCompileExec199249965.dir/build.make:57: recipe for target 'CMakeFiles/cmTryCompileExec199249965.dir/CheckIncludeFiles.c.o' failed
make[1]: *** [CMakeFiles/cmTryCompileExec199249965.dir/CheckIncludeFiles.c.o] Error 1
make[1]: Leaving directory '/MMCI/MS/DeNovoAssembly2/work/ReREAD/Sample_ORNA/ORNA/thirdparty/gatb-core/build/CMakeFiles/CMakeTmp'
Makefile:118: recipe for target 'cmTryCompileExec199249965/fast' failed
make: *** [cmTryCompileExec199249965/fast] Error 2

Source:
/* */
#include <sys/resource.h>
#include <sys/time.h>
#include <unistd.h>
#include <sys/ioctl.h>
#include <sys/stat.h>
#include <sys/socket.h>
#include <sys/types.h>
#include <stddef.h>
#include <setjmp.h>
#include <features.h>
#include <dirent.h>
#include <stdint.h>
#include <winsock2.h>


int main(){return 0;}

Determining if files sys/resource.h;sys/time.h;unistd.h;sys/ioctl.h;sys/stat.h;sys/socket.h;sys/types.h;stddef.h;setjmp.h;features.h;dirent.h;stdint.h;sys/timeb.h;globus/common.h exist failed with the following output:
Change Dir: /MMCI/MS/DeNovoAssembly2/work/ReREAD/Sample_ORNA/ORNA/thirdparty/gatb-core/build/CMakeFiles/CMakeTmp

Run Build Command:"/usr/bin/make" "cmTryCompileExec3435962780/fast"
/usr/bin/make -f CMakeFiles/cmTryCompileExec3435962780.dir/build.make CMakeFiles/cmTryCompileExec3435962780.dir/build
make[1]: Entering directory '/MMCI/MS/DeNovoAssembly2/work/ReREAD/Sample_ORNA/ORNA/thirdparty/gatb-core/build/CMakeFiles/CMakeTmp'
/usr/bin/cmake -E cmake_progress_report /MMCI/MS/DeNovoAssembly2/work/ReREAD/Sample_ORNA/ORNA/thirdparty/gatb-core/build/CMakeFiles/CMakeTmp/CMakeFiles 1
Building C object CMakeFiles/cmTryCompileExec3435962780.dir/CheckIncludeFiles.c.o
/usr/bin/cc   -msse2 -msse4.2 -mpopcnt    -o CMakeFiles/cmTryCompileExec3435962780.dir/CheckIncludeFiles.c.o   -c /MMCI/MS/DeNovoAssembly2/work/ReREAD/Sample_ORNA/ORNA/thirdparty/gatb-core/build/CMakeFiles/CMakeTmp/CheckIncludeFiles.c
/MMCI/MS/DeNovoAssembly2/work/ReREAD/Sample_ORNA/ORNA/thirdparty/gatb-core/build/CMakeFiles/CMakeTmp/CheckIncludeFiles.c:15:27: fatal error: globus/common.h: No such file or directory
 #include <globus/common.h>
                           ^
compilation terminated.
CMakeFiles/cmTryCompileExec3435962780.dir/build.make:57: recipe for target 'CMakeFiles/cmTryCompileExec3435962780.dir/CheckIncludeFiles.c.o' failed
make[1]: *** [CMakeFiles/cmTryCompileExec3435962780.dir/CheckIncludeFiles.c.o] Error 1
make[1]: Leaving directory '/MMCI/MS/DeNovoAssembly2/work/ReREAD/Sample_ORNA/ORNA/thirdparty/gatb-core/build/CMakeFiles/CMakeTmp'
Makefile:118: recipe for target 'cmTryCompileExec3435962780/fast' failed
make: *** [cmTryCompileExec3435962780/fast] Error 2

Source:
/* */
#include <sys/resource.h>
#include <sys/time.h>
#include <unistd.h>
#include <sys/ioctl.h>
#include <sys/stat.h>
#include <sys/socket.h>
#include <sys/types.h>
#include <stddef.h>
#include <setjmp.h>
#include <features.h>
#include <dirent.h>
#include <stdint.h>
#include <sys/timeb.h>
#include <globus/common.h>


int main(){return 0;}

Determining if files sys/resource.h;sys/time.h;unistd.h;sys/ioctl.h;sys/stat.h;sys/socket.h;sys/types.h;stddef.h;setjmp.h;features.h;dirent.h;stdint.h;sys/timeb.h;pdb.h exist failed with the following output:
Change Dir: /MMCI/MS/DeNovoAssembly2/work/ReREAD/Sample_ORNA/ORNA/thirdparty/gatb-core/build/CMakeFiles/CMakeTmp

Run Build Command:"/usr/bin/make" "cmTryCompileExec1836665676/fast"
/usr/bin/make -f CMakeFiles/cmTryCompileExec1836665676.dir/build.make CMakeFiles/cmTryCompileExec1836665676.dir/build
make[1]: Entering directory '/MMCI/MS/DeNovoAssembly2/work/ReREAD/Sample_ORNA/ORNA/thirdparty/gatb-core/build/CMakeFiles/CMakeTmp'
/usr/bin/cmake -E cmake_progress_report /MMCI/MS/DeNovoAssembly2/work/ReREAD/Sample_ORNA/ORNA/thirdparty/gatb-core/build/CMakeFiles/CMakeTmp/CMakeFiles 1
Building C object CMakeFiles/cmTryCompileExec1836665676.dir/CheckIncludeFiles.c.o
/usr/bin/cc   -msse2 -msse4.2 -mpopcnt    -o CMakeFiles/cmTryCompileExec1836665676.dir/CheckIncludeFiles.c.o   -c /MMCI/MS/DeNovoAssembly2/work/ReREAD/Sample_ORNA/ORNA/thirdparty/gatb-core/build/CMakeFiles/CMakeTmp/CheckIncludeFiles.c
/MMCI/MS/DeNovoAssembly2/work/ReREAD/Sample_ORNA/ORNA/thirdparty/gatb-core/build/CMakeFiles/CMakeTmp/CheckIncludeFiles.c:15:17: fatal error: pdb.h: No such file or directory
 #include <pdb.h>
                 ^
compilation terminated.
CMakeFiles/cmTryCompileExec1836665676.dir/build.make:57: recipe for target 'CMakeFiles/cmTryCompileExec1836665676.dir/CheckIncludeFiles.c.o' failed
make[1]: Leaving directory '/MMCI/MS/DeNovoAssembly2/work/ReREAD/Sample_ORNA/ORNA/thirdparty/gatb-core/build/CMakeFiles/CMakeTmp'
make[1]: *** [CMakeFiles/cmTryCompileExec1836665676.dir/CheckIncludeFiles.c.o] Error 1
Makefile:118: recipe for target 'cmTryCompileExec1836665676/fast' failed
make: *** [cmTryCompileExec1836665676/fast] Error 2

Source:
/* */
#include <sys/resource.h>
#include <sys/time.h>
#include <unistd.h>
#include <sys/ioctl.h>
#include <sys/stat.h>
#include <sys/socket.h>
#include <sys/types.h>
#include <stddef.h>
#include <setjmp.h>
#include <features.h>
#include <dirent.h>
#include <stdint.h>
#include <sys/timeb.h>
#include <pdb.h>


int main(){return 0;}

Determining if files sys/resource.h;sys/time.h;unistd.h;sys/ioctl.h;sys/stat.h;sys/socket.h;sys/types.h;stddef.h;setjmp.h;features.h;dirent.h;stdint.h;sys/timeb.h;pthread.h;srbclient.h exist failed with the following output:
Change Dir: /MMCI/MS/DeNovoAssembly2/work/ReREAD/Sample_ORNA/ORNA/thirdparty/gatb-core/build/CMakeFiles/CMakeTmp

Run Build Command:"/usr/bin/make" "cmTryCompileExec1209575927/fast"
/usr/bin/make -f CMakeFiles/cmTryCompileExec1209575927.dir/build.make CMakeFiles/cmTryCompileExec1209575927.dir/build
make[1]: Entering directory '/MMCI/MS/DeNovoAssembly2/work/ReREAD/Sample_ORNA/ORNA/thirdparty/gatb-core/build/CMakeFiles/CMakeTmp'
/usr/bin/cmake -E cmake_progress_report /MMCI/MS/DeNovoAssembly2/work/ReREAD/Sample_ORNA/ORNA/thirdparty/gatb-core/build/CMakeFiles/CMakeTmp/CMakeFiles 1
Building C object CMakeFiles/cmTryCompileExec1209575927.dir/CheckIncludeFiles.c.o
/usr/bin/cc   -msse2 -msse4.2 -mpopcnt    -o CMakeFiles/cmTryCompileExec1209575927.dir/CheckIncludeFiles.c.o   -c /MMCI/MS/DeNovoAssembly2/work/ReREAD/Sample_ORNA/ORNA/thirdparty/gatb-core/build/CMakeFiles/CMakeTmp/CheckIncludeFiles.c
/MMCI/MS/DeNovoAssembly2/work/ReREAD/Sample_ORNA/ORNA/thirdparty/gatb-core/build/CMakeFiles/CMakeTmp/CheckIncludeFiles.c:16:23: fatal error: srbclient.h: No such file or directory
 #include <srbclient.h>
                       ^
compilation terminated.
CMakeFiles/cmTryCompileExec1209575927.dir/build.make:57: recipe for target 'CMakeFiles/cmTryCompileExec1209575927.dir/CheckIncludeFiles.c.o' failed
make[1]: *** [CMakeFiles/cmTryCompileExec1209575927.dir/CheckIncludeFiles.c.o] Error 1
make[1]: Leaving directory '/MMCI/MS/DeNovoAssembly2/work/ReREAD/Sample_ORNA/ORNA/thirdparty/gatb-core/build/CMakeFiles/CMakeTmp'
Makefile:118: recipe for target 'cmTryCompileExec1209575927/fast' failed
make: *** [cmTryCompileExec1209575927/fast] Error 2

Source:
/* */
#include <sys/resource.h>
#include <sys/time.h>
#include <unistd.h>
#include <sys/ioctl.h>
#include <sys/stat.h>
#include <sys/socket.h>
#include <sys/types.h>
#include <stddef.h>
#include <setjmp.h>
#include <features.h>
#include <dirent.h>
#include <stdint.h>
#include <sys/timeb.h>
#include <pthread.h>
#include <srbclient.h>


int main(){return 0;}

Determining size of __int64 failed with the following output:
Change Dir: /MMCI/MS/DeNovoAssembly2/work/ReREAD/Sample_ORNA/ORNA/thirdparty/gatb-core/build/CMakeFiles/CMakeTmp

Run Build Command:"/usr/bin/make" "cmTryCompileExec3089119911/fast"
/usr/bin/make -f CMakeFiles/cmTryCompileExec3089119911.dir/build.make CMakeFiles/cmTryCompileExec3089119911.dir/build
make[1]: Entering directory '/MMCI/MS/DeNovoAssembly2/work/ReREAD/Sample_ORNA/ORNA/thirdparty/gatb-core/build/CMakeFiles/CMakeTmp'
/usr/bin/cmake -E cmake_progress_report /MMCI/MS/DeNovoAssembly2/work/ReREAD/Sample_ORNA/ORNA/thirdparty/gatb-core/build/CMakeFiles/CMakeTmp/CMakeFiles 1
Building C object CMakeFiles/cmTryCompileExec3089119911.dir/H5_SIZEOF___INT64.c.o
/usr/bin/cc  -D_BSD_SOURCE -D_FILE_OFFSET_BITS=64 -D_LARGEFILE64_SOURCE -D_LARGEFILE_SOURCE -msse2 -msse4.2 -mpopcnt    -o CMakeFiles/cmTryCompileExec3089119911.dir/H5_SIZEOF___INT64.c.o   -c /MMCI/MS/DeNovoAssembly2/work/ReREAD/Sample_ORNA/ORNA/thirdparty/gatb-core/build/CMakeFiles/CheckTypeSize/H5_SIZEOF___INT64.c
/MMCI/MS/DeNovoAssembly2/work/ReREAD/Sample_ORNA/ORNA/thirdparty/gatb-core/build/CMakeFiles/CheckTypeSize/H5_SIZEOF___INT64.c:17:22: error: ‘__int64’ undeclared here (not in a function)
 #define SIZE (sizeof(__int64))
                      ^
/MMCI/MS/DeNovoAssembly2/work/ReREAD/Sample_ORNA/ORNA/thirdparty/gatb-core/build/CMakeFiles/CheckTypeSize/H5_SIZEOF___INT64.c:19:12: note: in expansion of macro ‘SIZE’
   ('0' + ((SIZE / 10000)%10)),
            ^
CMakeFiles/cmTryCompileExec3089119911.dir/build.make:57: recipe for target 'CMakeFiles/cmTryCompileExec3089119911.dir/H5_SIZEOF___INT64.c.o' failed
make[1]: Leaving directory '/MMCI/MS/DeNovoAssembly2/work/ReREAD/Sample_ORNA/ORNA/thirdparty/gatb-core/build/CMakeFiles/CMakeTmp'
make[1]: *** [CMakeFiles/cmTryCompileExec3089119911.dir/H5_SIZEOF___INT64.c.o] Error 1
Makefile:118: recipe for target 'cmTryCompileExec3089119911/fast' failed
make: *** [cmTryCompileExec3089119911/fast] Error 2

/MMCI/MS/DeNovoAssembly2/work/ReREAD/Sample_ORNA/ORNA/thirdparty/gatb-core/build/CMakeFiles/CheckTypeSize/H5_SIZEOF___INT64.c:
#include <sys/types.h>
#include <stdint.h>
#include <stddef.h>


#undef KEY
#if defined(__i386)
# define KEY '_','_','i','3','8','6'
#elif defined(__x86_64)
# define KEY '_','_','x','8','6','_','6','4'
#elif defined(__ppc__)
# define KEY '_','_','p','p','c','_','_'
#elif defined(__ppc64__)
# define KEY '_','_','p','p','c','6','4','_','_'
#endif

#define SIZE (sizeof(__int64))
char info_size[] =  {'I', 'N', 'F', 'O', ':', 's','i','z','e','[',
  ('0' + ((SIZE / 10000)%10)),
  ('0' + ((SIZE / 1000)%10)),
  ('0' + ((SIZE / 100)%10)),
  ('0' + ((SIZE / 10)%10)),
  ('0' +  (SIZE    % 10)),
  ']',
#ifdef KEY
  ' ','k','e','y','[', KEY, ']',
#endif
  '\0'};

#ifdef __CLASSIC_C__
int main(argc, argv) int argc; char *argv[];
#else
int main(int argc, char *argv[])
#endif
{
  int require = 0;
  require += info_size[argc];
  (void)argv;
  return require;
}


Determining if the variable CLOCK_MONOTONIC exists failed with the following output:
Change Dir: /MMCI/MS/DeNovoAssembly2/work/ReREAD/Sample_ORNA/ORNA/thirdparty/gatb-core/build/CMakeFiles/CMakeTmp

Run Build Command:"/usr/bin/make" "cmTryCompileExec3737224462/fast"
/usr/bin/make -f CMakeFiles/cmTryCompileExec3737224462.dir/build.make CMakeFiles/cmTryCompileExec3737224462.dir/build
make[1]: Entering directory '/MMCI/MS/DeNovoAssembly2/work/ReREAD/Sample_ORNA/ORNA/thirdparty/gatb-core/build/CMakeFiles/CMakeTmp'
/usr/bin/cmake -E cmake_progress_report /MMCI/MS/DeNovoAssembly2/work/ReREAD/Sample_ORNA/ORNA/thirdparty/gatb-core/build/CMakeFiles/CMakeTmp/CMakeFiles 1
Building C object CMakeFiles/cmTryCompileExec3737224462.dir/CheckVariableExists.c.o
/usr/bin/cc  -D_BSD_SOURCE -D_FILE_OFFSET_BITS=64 -D_LARGEFILE64_SOURCE -D_LARGEFILE_SOURCE -msse2 -msse4.2 -mpopcnt -DCHECK_VARIABLE_EXISTS=CLOCK_MONOTONIC   -o CMakeFiles/cmTryCompileExec3737224462.dir/CheckVariableExists.c.o   -c /usr/share/cmake-3.0/Modules/CheckVariableExists.c
Linking C executable cmTryCompileExec3737224462
/usr/bin/cmake -E cmake_link_script CMakeFiles/cmTryCompileExec3737224462.dir/link.txt --verbose=1
/usr/bin/cc   -msse2 -msse4.2 -mpopcnt -DCHECK_VARIABLE_EXISTS=CLOCK_MONOTONIC    CMakeFiles/cmTryCompileExec3737224462.dir/CheckVariableExists.c.o  -o cmTryCompileExec3737224462 -rdynamic -lm -ldl 
CMakeFiles/cmTryCompileExec3737224462.dir/CheckVariableExists.c.o: In function `main':
CheckVariableExists.c:(.text+0x25): undefined reference to `CLOCK_MONOTONIC'
collect2: error: ld returned 1 exit status
CMakeFiles/cmTryCompileExec3737224462.dir/build.make:88: recipe for target 'cmTryCompileExec3737224462' failed
make[1]: Leaving directory '/MMCI/MS/DeNovoAssembly2/work/ReREAD/Sample_ORNA/ORNA/thirdparty/gatb-core/build/CMakeFiles/CMakeTmp'
make[1]: *** [cmTryCompileExec3737224462] Error 1
Makefile:118: recipe for target 'cmTryCompileExec3737224462/fast' failed
make: *** [cmTryCompileExec3737224462/fast] Error 2


Performing Other Test HAVE___TM_GMTOFF failed with the following output:
Change Dir: /MMCI/MS/DeNovoAssembly2/work/ReREAD/Sample_ORNA/ORNA/thirdparty/gatb-core/build/CMakeFiles/CMakeTmp

Run Build Command:"/usr/bin/make" "cmTryCompileExec2564908945/fast"
/usr/bin/make -f CMakeFiles/cmTryCompileExec2564908945.dir/build.make CMakeFiles/cmTryCompileExec2564908945.dir/build
make[1]: Entering directory '/MMCI/MS/DeNovoAssembly2/work/ReREAD/Sample_ORNA/ORNA/thirdparty/gatb-core/build/CMakeFiles/CMakeTmp'
/usr/bin/cmake -E cmake_progress_report /MMCI/MS/DeNovoAssembly2/work/ReREAD/Sample_ORNA/ORNA/thirdparty/gatb-core/build/CMakeFiles/CMakeTmp/CMakeFiles 1
Building C object CMakeFiles/cmTryCompileExec2564908945.dir/HDF5Tests.c.o
/usr/bin/cc   -msse2 -msse4.2 -mpopcnt -DHAVE___TM_GMTOFF  -DHAVE_SYS_TIME_H -DHAVE_UNISTD_H -DHAVE_SYS_TYPES_H -DHAVE_SYS_SOCKET_H -D_FILE_OFFSET_BITS=64 -D_LARGEFILE64_SOURCE -D_LARGEFILE_SOURCE   -o CMakeFiles/cmTryCompileExec2564908945.dir/HDF5Tests.c.o   -c /MMCI/MS/DeNovoAssembly2/work/ReREAD/Sample_ORNA/ORNA/thirdparty/gatb-core/thirdparty/hdf5/config/cmake/HDF5Tests.c
/MMCI/MS/DeNovoAssembly2/work/ReREAD/Sample_ORNA/ORNA/thirdparty/gatb-core/thirdparty/hdf5/config/cmake/HDF5Tests.c: In function ‘main’:
/MMCI/MS/DeNovoAssembly2/work/ReREAD/Sample_ORNA/ORNA/thirdparty/gatb-core/thirdparty/hdf5/config/cmake/HDF5Tests.c:191:29: error: ‘struct tm’ has no member named ‘__tm_gmtoff’
 SIMPLE_TEST(struct tm tm; tm.__tm_gmtoff=0);
                             ^
/MMCI/MS/DeNovoAssembly2/work/ReREAD/Sample_ORNA/ORNA/thirdparty/gatb-core/thirdparty/hdf5/config/cmake/HDF5Tests.c:1:36: note: in definition of macro ‘SIMPLE_TEST’
 #define SIMPLE_TEST(x) int main(){ x; return 0; }
                                    ^
CMakeFiles/cmTryCompileExec2564908945.dir/build.make:57: recipe for target 'CMakeFiles/cmTryCompileExec2564908945.dir/HDF5Tests.c.o' failed
make[1]: Leaving directory '/MMCI/MS/DeNovoAssembly2/work/ReREAD/Sample_ORNA/ORNA/thirdparty/gatb-core/build/CMakeFiles/CMakeTmp'
make[1]: *** [CMakeFiles/cmTryCompileExec2564908945.dir/HDF5Tests.c.o] Error 1
Makefile:118: recipe for target 'cmTryCompileExec2564908945/fast' failed
make: *** [cmTryCompileExec2564908945/fast] Error 2

Performing Other Test HAVE_STRUCT_VIDEOCONFIG failed with the following output:
Change Dir: /MMCI/MS/DeNovoAssembly2/work/ReREAD/Sample_ORNA/ORNA/thirdparty/gatb-core/build/CMakeFiles/CMakeTmp

Run Build Command:"/usr/bin/make" "cmTryCompileExec1568578607/fast"
/usr/bin/make -f CMakeFiles/cmTryCompileExec1568578607.dir/build.make CMakeFiles/cmTryCompileExec1568578607.dir/build
make[1]: Entering directory '/MMCI/MS/DeNovoAssembly2/work/ReREAD/Sample_ORNA/ORNA/thirdparty/gatb-core/build/CMakeFiles/CMakeTmp'
/usr/bin/cmake -E cmake_progress_report /MMCI/MS/DeNovoAssembly2/work/ReREAD/Sample_ORNA/ORNA/thirdparty/gatb-core/build/CMakeFiles/CMakeTmp/CMakeFiles 1
Building C object CMakeFiles/cmTryCompileExec1568578607.dir/HDF5Tests.c.o
/usr/bin/cc   -msse2 -msse4.2 -mpopcnt -DHAVE_STRUCT_VIDEOCONFIG  -DHAVE_SYS_TIME_H -DHAVE_UNISTD_H -DHAVE_SYS_TYPES_H -DHAVE_SYS_SOCKET_H -D_FILE_OFFSET_BITS=64 -D_LARGEFILE64_SOURCE -D_LARGEFILE_SOURCE   -o CMakeFiles/cmTryCompileExec1568578607.dir/HDF5Tests.c.o   -c /MMCI/MS/DeNovoAssembly2/work/ReREAD/Sample_ORNA/ORNA/thirdparty/gatb-core/thirdparty/hdf5/config/cmake/HDF5Tests.c
/MMCI/MS/DeNovoAssembly2/work/ReREAD/Sample_ORNA/ORNA/thirdparty/gatb-core/thirdparty/hdf5/config/cmake/HDF5Tests.c: In function ‘main’:
/MMCI/MS/DeNovoAssembly2/work/ReREAD/Sample_ORNA/ORNA/thirdparty/gatb-core/thirdparty/hdf5/config/cmake/HDF5Tests.c:471:32: error: storage size of ‘w’ isn’t known
 SIMPLE_TEST(struct videoconfig w; w.numtextcols=0);
                                ^
/MMCI/MS/DeNovoAssembly2/work/ReREAD/Sample_ORNA/ORNA/thirdparty/gatb-core/thirdparty/hdf5/config/cmake/HDF5Tests.c:1:36: note: in definition of macro ‘SIMPLE_TEST’
 #define SIMPLE_TEST(x) int main(){ x; return 0; }
                                    ^
CMakeFiles/cmTryCompileExec1568578607.dir/build.make:57: recipe for target 'CMakeFiles/cmTryCompileExec1568578607.dir/HDF5Tests.c.o' failed
make[1]: *** [CMakeFiles/cmTryCompileExec1568578607.dir/HDF5Tests.c.o] Error 1
make[1]: Leaving directory '/MMCI/MS/DeNovoAssembly2/work/ReREAD/Sample_ORNA/ORNA/thirdparty/gatb-core/build/CMakeFiles/CMakeTmp'
Makefile:118: recipe for target 'cmTryCompileExec1568578607/fast' failed
make: *** [cmTryCompileExec1568578607/fast] Error 2

Performing Other Test HAVE_STRUCT_TEXT_INFO failed with the following output:
Change Dir: /MMCI/MS/DeNovoAssembly2/work/ReREAD/Sample_ORNA/ORNA/thirdparty/gatb-core/build/CMakeFiles/CMakeTmp

Run Build Command:"/usr/bin/make" "cmTryCompileExec1434754693/fast"
/usr/bin/make -f CMakeFiles/cmTryCompileExec1434754693.dir/build.make CMakeFiles/cmTryCompileExec1434754693.dir/build
make[1]: Entering directory '/MMCI/MS/DeNovoAssembly2/work/ReREAD/Sample_ORNA/ORNA/thirdparty/gatb-core/build/CMakeFiles/CMakeTmp'
/usr/bin/cmake -E cmake_progress_report /MMCI/MS/DeNovoAssembly2/work/ReREAD/Sample_ORNA/ORNA/thirdparty/gatb-core/build/CMakeFiles/CMakeTmp/CMakeFiles 1
Building C object CMakeFiles/cmTryCompileExec1434754693.dir/HDF5Tests.c.o
/usr/bin/cc   -msse2 -msse4.2 -mpopcnt -DHAVE_STRUCT_TEXT_INFO  -DHAVE_SYS_TIME_H -DHAVE_UNISTD_H -DHAVE_SYS_TYPES_H -DHAVE_SYS_SOCKET_H -D_FILE_OFFSET_BITS=64 -D_LARGEFILE64_SOURCE -D_LARGEFILE_SOURCE   -o CMakeFiles/cmTryCompileExec1434754693.dir/HDF5Tests.c.o   -c /MMCI/MS/DeNovoAssembly2/work/ReREAD/Sample_ORNA/ORNA/thirdparty/gatb-core/thirdparty/hdf5/config/cmake/HDF5Tests.c
/MMCI/MS/DeNovoAssembly2/work/ReREAD/Sample_ORNA/ORNA/thirdparty/gatb-core/thirdparty/hdf5/config/cmake/HDF5Tests.c: In function ‘main’:
/MMCI/MS/DeNovoAssembly2/work/ReREAD/Sample_ORNA/ORNA/thirdparty/gatb-core/thirdparty/hdf5/config/cmake/HDF5Tests.c:477:30: error: storage size of ‘w’ isn’t known
 SIMPLE_TEST(struct text_info w; w.screenwidth=0);
                              ^
/MMCI/MS/DeNovoAssembly2/work/ReREAD/Sample_ORNA/ORNA/thirdparty/gatb-core/thirdparty/hdf5/config/cmake/HDF5Tests.c:1:36: note: in definition of macro ‘SIMPLE_TEST’
 #define SIMPLE_TEST(x) int main(){ x; return 0; }
                                    ^
CMakeFiles/cmTryCompileExec1434754693.dir/build.make:57: recipe for target 'CMakeFiles/cmTryCompileExec1434754693.dir/HDF5Tests.c.o' failed
make[1]: *** [CMakeFiles/cmTryCompileExec1434754693.dir/HDF5Tests.c.o] Error 1
make[1]: Leaving directory '/MMCI/MS/DeNovoAssembly2/work/ReREAD/Sample_ORNA/ORNA/thirdparty/gatb-core/build/CMakeFiles/CMakeTmp'
Makefile:118: recipe for target 'cmTryCompileExec1434754693/fast' failed
make: *** [cmTryCompileExec1434754693/fast] Error 2

Determining if the function _getvideoconfig exists failed with the following output:
Change Dir: /MMCI/MS/DeNovoAssembly2/work/ReREAD/Sample_ORNA/ORNA/thirdparty/gatb-core/build/CMakeFiles/CMakeTmp

Run Build Command:"/usr/bin/make" "cmTryCompileExec1095783429/fast"
/usr/bin/make -f CMakeFiles/cmTryCompileExec1095783429.dir/build.make CMakeFiles/cmTryCompileExec1095783429.dir/build
make[1]: Entering directory '/MMCI/MS/DeNovoAssembly2/work/ReREAD/Sample_ORNA/ORNA/thirdparty/gatb-core/build/CMakeFiles/CMakeTmp'
/usr/bin/cmake -E cmake_progress_report /MMCI/MS/DeNovoAssembly2/work/ReREAD/Sample_ORNA/ORNA/thirdparty/gatb-core/build/CMakeFiles/CMakeTmp/CMakeFiles 1
Building C object CMakeFiles/cmTryCompileExec1095783429.dir/CheckFunctionExists.c.o
/usr/bin/cc  -D_BSD_SOURCE -D_FILE_OFFSET_BITS=64 -D_LARGEFILE64_SOURCE -D_LARGEFILE_SOURCE -msse2 -msse4.2 -mpopcnt -DCHECK_FUNCTION_EXISTS=_getvideoconfig   -o CMakeFiles/cmTryCompileExec1095783429.dir/CheckFunctionExists.c.o   -c /usr/share/cmake-3.0/Modules/CheckFunctionExists.c
Linking C executable cmTryCompileExec1095783429
/usr/bin/cmake -E cmake_link_script CMakeFiles/cmTryCompileExec1095783429.dir/link.txt --verbose=1
/usr/bin/cc   -msse2 -msse4.2 -mpopcnt -DCHECK_FUNCTION_EXISTS=_getvideoconfig    CMakeFiles/cmTryCompileExec1095783429.dir/CheckFunctionExists.c.o  -o cmTryCompileExec1095783429 -rdynamic -lm -ldl 
CMakeFiles/cmTryCompileExec1095783429.dir/CheckFunctionExists.c.o: In function `main':
CheckFunctionExists.c:(.text+0x15): undefined reference to `_getvideoconfig'
collect2: error: ld returned 1 exit status
CMakeFiles/cmTryCompileExec1095783429.dir/build.make:88: recipe for target 'cmTryCompileExec1095783429' failed
make[1]: *** [cmTryCompileExec1095783429] Error 1
make[1]: Leaving directory '/MMCI/MS/DeNovoAssembly2/work/ReREAD/Sample_ORNA/ORNA/thirdparty/gatb-core/build/CMakeFiles/CMakeTmp'
Makefile:118: recipe for target 'cmTryCompileExec1095783429/fast' failed
make: *** [cmTryCompileExec1095783429/fast] Error 2


Determining if the function gettextinfo exists failed with the following output:
Change Dir: /MMCI/MS/DeNovoAssembly2/work/ReREAD/Sample_ORNA/ORNA/thirdparty/gatb-core/build/CMakeFiles/CMakeTmp

Run Build Command:"/usr/bin/make" "cmTryCompileExec3020356474/fast"
/usr/bin/make -f CMakeFiles/cmTryCompileExec3020356474.dir/build.make CMakeFiles/cmTryCompileExec3020356474.dir/build
make[1]: Entering directory '/MMCI/MS/DeNovoAssembly2/work/ReREAD/Sample_ORNA/ORNA/thirdparty/gatb-core/build/CMakeFiles/CMakeTmp'
/usr/bin/cmake -E cmake_progress_report /MMCI/MS/DeNovoAssembly2/work/ReREAD/Sample_ORNA/ORNA/thirdparty/gatb-core/build/CMakeFiles/CMakeTmp/CMakeFiles 1
Building C object CMakeFiles/cmTryCompileExec3020356474.dir/CheckFunctionExists.c.o
/usr/bin/cc  -D_BSD_SOURCE -D_FILE_OFFSET_BITS=64 -D_LARGEFILE64_SOURCE -D_LARGEFILE_SOURCE -msse2 -msse4.2 -mpopcnt -DCHECK_FUNCTION_EXISTS=gettextinfo   -o CMakeFiles/cmTryCompileExec3020356474.dir/CheckFunctionExists.c.o   -c /usr/share/cmake-3.0/Modules/CheckFunctionExists.c
Linking C executable cmTryCompileExec3020356474
/usr/bin/cmake -E cmake_link_script CMakeFiles/cmTryCompileExec3020356474.dir/link.txt --verbose=1
/usr/bin/cc   -msse2 -msse4.2 -mpopcnt -DCHECK_FUNCTION_EXISTS=gettextinfo    CMakeFiles/cmTryCompileExec3020356474.dir/CheckFunctionExists.c.o  -o cmTryCompileExec3020356474 -rdynamic -lm -ldl 
CMakeFiles/cmTryCompileExec3020356474.dir/CheckFunctionExists.c.o: In function `main':
CheckFunctionExists.c:(.text+0x15): undefined reference to `gettextinfo'
collect2: error: ld returned 1 exit status
CMakeFiles/cmTryCompileExec3020356474.dir/build.make:88: recipe for target 'cmTryCompileExec3020356474' failed
make[1]: Leaving directory '/MMCI/MS/DeNovoAssembly2/work/ReREAD/Sample_ORNA/ORNA/thirdparty/gatb-core/build/CMakeFiles/CMakeTmp'
make[1]: *** [cmTryCompileExec3020356474] Error 1
Makefile:118: recipe for target 'cmTryCompileExec3020356474/fast' failed
make: *** [cmTryCompileExec3020356474/fast] Error 2


Determining if the function _scrsize exists failed with the following output:
Change Dir: /MMCI/MS/DeNovoAssembly2/work/ReREAD/Sample_ORNA/ORNA/thirdparty/gatb-core/build/CMakeFiles/CMakeTmp

Run Build Command:"/usr/bin/make" "cmTryCompileExec2860175341/fast"
/usr/bin/make -f CMakeFiles/cmTryCompileExec2860175341.dir/build.make CMakeFiles/cmTryCompileExec2860175341.dir/build
make[1]: Entering directory '/MMCI/MS/DeNovoAssembly2/work/ReREAD/Sample_ORNA/ORNA/thirdparty/gatb-core/build/CMakeFiles/CMakeTmp'
/usr/bin/cmake -E cmake_progress_report /MMCI/MS/DeNovoAssembly2/work/ReREAD/Sample_ORNA/ORNA/thirdparty/gatb-core/build/CMakeFiles/CMakeTmp/CMakeFiles 1
Building C object CMakeFiles/cmTryCompileExec2860175341.dir/CheckFunctionExists.c.o
/usr/bin/cc  -D_BSD_SOURCE -D_FILE_OFFSET_BITS=64 -D_LARGEFILE64_SOURCE -D_LARGEFILE_SOURCE -msse2 -msse4.2 -mpopcnt -DCHECK_FUNCTION_EXISTS=_scrsize   -o CMakeFiles/cmTryCompileExec2860175341.dir/CheckFunctionExists.c.o   -c /usr/share/cmake-3.0/Modules/CheckFunctionExists.c
Linking C executable cmTryCompileExec2860175341
/usr/bin/cmake -E cmake_link_script CMakeFiles/cmTryCompileExec2860175341.dir/link.txt --verbose=1
/usr/bin/cc   -msse2 -msse4.2 -mpopcnt -DCHECK_FUNCTION_EXISTS=_scrsize    CMakeFiles/cmTryCompileExec2860175341.dir/CheckFunctionExists.c.o  -o cmTryCompileExec2860175341 -rdynamic -lm -ldl 
CMakeFiles/cmTryCompileExec2860175341.dir/CheckFunctionExists.c.o: In function `main':
CheckFunctionExists.c:(.text+0x15): undefined reference to `_scrsize'
collect2: error: ld returned 1 exit status
CMakeFiles/cmTryCompileExec2860175341.dir/build.make:88: recipe for target 'cmTryCompileExec2860175341' failed
make[1]: Leaving directory '/MMCI/MS/DeNovoAssembly2/work/ReREAD/Sample_ORNA/ORNA/thirdparty/gatb-core/build/CMakeFiles/CMakeTmp'
make[1]: *** [cmTryCompileExec2860175341] Error 1
Makefile:118: recipe for target 'cmTryCompileExec2860175341/fast' failed
make: *** [cmTryCompileExec2860175341/fast] Error 2


Determining if the function GetConsoleScreenBufferInfo exists failed with the following output:
Change Dir: /MMCI/MS/DeNovoAssembly2/work/ReREAD/Sample_ORNA/ORNA/thirdparty/gatb-core/build/CMakeFiles/CMakeTmp

Run Build Command:"/usr/bin/make" "cmTryCompileExec4110453730/fast"
/usr/bin/make -f CMakeFiles/cmTryCompileExec4110453730.dir/build.make CMakeFiles/cmTryCompileExec4110453730.dir/build
make[1]: Entering directory '/MMCI/MS/DeNovoAssembly2/work/ReREAD/Sample_ORNA/ORNA/thirdparty/gatb-core/build/CMakeFiles/CMakeTmp'
/usr/bin/cmake -E cmake_progress_report /MMCI/MS/DeNovoAssembly2/work/ReREAD/Sample_ORNA/ORNA/thirdparty/gatb-core/build/CMakeFiles/CMakeTmp/CMakeFiles 1
Building C object CMakeFiles/cmTryCompileExec4110453730.dir/CheckFunctionExists.c.o
/usr/bin/cc  -D_BSD_SOURCE -D_FILE_OFFSET_BITS=64 -D_LARGEFILE64_SOURCE -D_LARGEFILE_SOURCE -msse2 -msse4.2 -mpopcnt -DCHECK_FUNCTION_EXISTS=GetConsoleScreenBufferInfo   -o CMakeFiles/cmTryCompileExec4110453730.dir/CheckFunctionExists.c.o   -c /usr/share/cmake-3.0/Modules/CheckFunctionExists.c
Linking C executable cmTryCompileExec4110453730
/usr/bin/cmake -E cmake_link_script CMakeFiles/cmTryCompileExec4110453730.dir/link.txt --verbose=1
/usr/bin/cc   -msse2 -msse4.2 -mpopcnt -DCHECK_FUNCTION_EXISTS=GetConsoleScreenBufferInfo    CMakeFiles/cmTryCompileExec4110453730.dir/CheckFunctionExists.c.o  -o cmTryCompileExec4110453730 -rdynamic -lm -ldl 
CMakeFiles/cmTryCompileExec4110453730.dir/CheckFunctionExists.c.o: In function `main':
CheckFunctionExists.c:(.text+0x15): undefined reference to `GetConsoleScreenBufferInfo'
collect2: error: ld returned 1 exit status
CMakeFiles/cmTryCompileExec4110453730.dir/build.make:88: recipe for target 'cmTryCompileExec4110453730' failed
make[1]: Leaving directory '/MMCI/MS/DeNovoAssembly2/work/ReREAD/Sample_ORNA/ORNA/thirdparty/gatb-core/build/CMakeFiles/CMakeTmp'
make[1]: *** [cmTryCompileExec4110453730] Error 1
Makefile:118: recipe for target 'cmTryCompileExec4110453730/fast' failed
make: *** [cmTryCompileExec4110453730/fast] Error 2


Determining if the function setsysinfo exists failed with the following output:
Change Dir: /MMCI/MS/DeNovoAssembly2/work/ReREAD/Sample_ORNA/ORNA/thirdparty/gatb-core/build/CMakeFiles/CMakeTmp

Run Build Command:"/usr/bin/make" "cmTryCompileExec1361407881/fast"
/usr/bin/make -f CMakeFiles/cmTryCompileExec1361407881.dir/build.make CMakeFiles/cmTryCompileExec1361407881.dir/build
make[1]: Entering directory '/MMCI/MS/DeNovoAssembly2/work/ReREAD/Sample_ORNA/ORNA/thirdparty/gatb-core/build/CMakeFiles/CMakeTmp'
/usr/bin/cmake -E cmake_progress_report /MMCI/MS/DeNovoAssembly2/work/ReREAD/Sample_ORNA/ORNA/thirdparty/gatb-core/build/CMakeFiles/CMakeTmp/CMakeFiles 1
Building C object CMakeFiles/cmTryCompileExec1361407881.dir/CheckFunctionExists.c.o
/usr/bin/cc  -D_BSD_SOURCE -D_FILE_OFFSET_BITS=64 -D_LARGEFILE64_SOURCE -D_LARGEFILE_SOURCE -msse2 -msse4.2 -mpopcnt -DCHECK_FUNCTION_EXISTS=setsysinfo   -o CMakeFiles/cmTryCompileExec1361407881.dir/CheckFunctionExists.c.o   -c /usr/share/cmake-3.0/Modules/CheckFunctionExists.c
Linking C executable cmTryCompileExec1361407881
/usr/bin/cmake -E cmake_link_script CMakeFiles/cmTryCompileExec1361407881.dir/link.txt --verbose=1
/usr/bin/cc   -msse2 -msse4.2 -mpopcnt -DCHECK_FUNCTION_EXISTS=setsysinfo    CMakeFiles/cmTryCompileExec1361407881.dir/CheckFunctionExists.c.o  -o cmTryCompileExec1361407881 -rdynamic -lm -ldl 
CMakeFiles/cmTryCompileExec1361407881.dir/CheckFunctionExists.c.o: In function `main':
CheckFunctionExists.c:(.text+0x15): undefined reference to `setsysinfo'
collect2: error: ld returned 1 exit status
CMakeFiles/cmTryCompileExec1361407881.dir/build.make:88: recipe for target 'cmTryCompileExec1361407881' failed
make[1]: *** [cmTryCompileExec1361407881] Error 1
make[1]: Leaving directory '/MMCI/MS/DeNovoAssembly2/work/ReREAD/Sample_ORNA/ORNA/thirdparty/gatb-core/build/CMakeFiles/CMakeTmp'
Makefile:118: recipe for target 'cmTryCompileExec1361407881/fast' failed
make: *** [cmTryCompileExec1361407881/fast] Error 2


Determining if the function sigsetjmp exists failed with the following output:
Change Dir: /MMCI/MS/DeNovoAssembly2/work/ReREAD/Sample_ORNA/ORNA/thirdparty/gatb-core/build/CMakeFiles/CMakeTmp

Run Build Command:"/usr/bin/make" "cmTryCompileExec293892335/fast"
/usr/bin/make -f CMakeFiles/cmTryCompileExec293892335.dir/build.make CMakeFiles/cmTryCompileExec293892335.dir/build
make[1]: Entering directory '/MMCI/MS/DeNovoAssembly2/work/ReREAD/Sample_ORNA/ORNA/thirdparty/gatb-core/build/CMakeFiles/CMakeTmp'
/usr/bin/cmake -E cmake_progress_report /MMCI/MS/DeNovoAssembly2/work/ReREAD/Sample_ORNA/ORNA/thirdparty/gatb-core/build/CMakeFiles/CMakeTmp/CMakeFiles 1
Building C object CMakeFiles/cmTryCompileExec293892335.dir/CheckFunctionExists.c.o
/usr/bin/cc  -D_BSD_SOURCE -D_FILE_OFFSET_BITS=64 -D_LARGEFILE64_SOURCE -D_LARGEFILE_SOURCE -msse2 -msse4.2 -mpopcnt -DCHECK_FUNCTION_EXISTS=sigsetjmp   -o CMakeFiles/cmTryCompileExec293892335.dir/CheckFunctionExists.c.o   -c /usr/share/cmake-3.0/Modules/CheckFunctionExists.c
Linking C executable cmTryCompileExec293892335
/usr/bin/cmake -E cmake_link_script CMakeFiles/cmTryCompileExec293892335.dir/link.txt --verbose=1
/usr/bin/cc   -msse2 -msse4.2 -mpopcnt -DCHECK_FUNCTION_EXISTS=sigsetjmp    CMakeFiles/cmTryCompileExec293892335.dir/CheckFunctionExists.c.o  -o cmTryCompileExec293892335 -rdynamic -lm -ldl 
CMakeFiles/cmTryCompileExec293892335.dir/CheckFunctionExists.c.o: In function `main':
CheckFunctionExists.c:(.text+0x15): undefined reference to `sigsetjmp'
collect2: error: ld returned 1 exit status
CMakeFiles/cmTryCompileExec293892335.dir/build.make:88: recipe for target 'cmTryCompileExec293892335' failed
make[1]: Leaving directory '/MMCI/MS/DeNovoAssembly2/work/ReREAD/Sample_ORNA/ORNA/thirdparty/gatb-core/build/CMakeFiles/CMakeTmp'
make[1]: *** [cmTryCompileExec293892335] Error 1
Makefile:118: recipe for target 'cmTryCompileExec293892335/fast' failed
make: *** [cmTryCompileExec293892335/fast] Error 2


Performing CXX Test OLD_HEADER_FILENAME failed with the following output:
Change Dir: /MMCI/MS/DeNovoAssembly2/work/ReREAD/Sample_ORNA/ORNA/thirdparty/gatb-core/build/CMakeFiles/CMakeTmp

Run Build Command:"/usr/bin/make" "cmTryCompileExec4049840366/fast"
/usr/bin/make -f CMakeFiles/cmTryCompileExec4049840366.dir/build.make CMakeFiles/cmTryCompileExec4049840366.dir/build
make[1]: Entering directory '/MMCI/MS/DeNovoAssembly2/work/ReREAD/Sample_ORNA/ORNA/thirdparty/gatb-core/build/CMakeFiles/CMakeTmp'
/usr/bin/cmake -E cmake_progress_report /MMCI/MS/DeNovoAssembly2/work/ReREAD/Sample_ORNA/ORNA/thirdparty/gatb-core/build/CMakeFiles/CMakeTmp/CMakeFiles 1
Building CXX object CMakeFiles/cmTryCompileExec4049840366.dir/HDF5CXXTests.cpp.o
/usr/bin/c++    -msse2 -msse4.2 -mpopcnt -DOLD_HEADER_FILENAME  -DHAVE_SYS_TIME_H -DHAVE_UNISTD_H -DHAVE_SYS_TYPES_H -DHAVE_SYS_SOCKET_H -D_FILE_OFFSET_BITS=64 -D_LARGEFILE64_SOURCE -D_LARGEFILE_SOURCE   -o CMakeFiles/cmTryCompileExec4049840366.dir/HDF5CXXTests.cpp.o -c /MMCI/MS/DeNovoAssembly2/work/ReREAD/Sample_ORNA/ORNA/thirdparty/gatb-core/thirdparty/hdf5/config/cmake/HDF5CXXTests.cpp
Linking CXX executable cmTryCompileExec4049840366
/usr/bin/cmake -E cmake_link_script CMakeFiles/cmTryCompileExec4049840366.dir/link.txt --verbose=1
/usr/bin/c++    -msse2 -msse4.2 -mpopcnt -DOLD_HEADER_FILENAME  -DHAVE_SYS_TIME_H -DHAVE_UNISTD_H -DHAVE_SYS_TYPES_H -DHAVE_SYS_SOCKET_H -D_FILE_OFFSET_BITS=64 -D_LARGEFILE64_SOURCE -D_LARGEFILE_SOURCE    CMakeFiles/cmTryCompileExec4049840366.dir/HDF5CXXTests.cpp.o  -o cmTryCompileExec4049840366 -rdynamic -lm -ldl 
make[1]: Leaving directory '/MMCI/MS/DeNovoAssembly2/work/ReREAD/Sample_ORNA/ORNA/thirdparty/gatb-core/build/CMakeFiles/CMakeTmp'

Performing CXX Test H5_NO_NAMESPACE failed with the following output:
Change Dir: /MMCI/MS/DeNovoAssembly2/work/ReREAD/Sample_ORNA/ORNA/thirdparty/gatb-core/build/CMakeFiles/CMakeTmp

Run Build Command:"/usr/bin/make" "cmTryCompileExec3396000850/fast"
/usr/bin/make -f CMakeFiles/cmTryCompileExec3396000850.dir/build.make CMakeFiles/cmTryCompileExec3396000850.dir/build
make[1]: Entering directory '/MMCI/MS/DeNovoAssembly2/work/ReREAD/Sample_ORNA/ORNA/thirdparty/gatb-core/build/CMakeFiles/CMakeTmp'
/usr/bin/cmake -E cmake_progress_report /MMCI/MS/DeNovoAssembly2/work/ReREAD/Sample_ORNA/ORNA/thirdparty/gatb-core/build/CMakeFiles/CMakeTmp/CMakeFiles 1
Building CXX object CMakeFiles/cmTryCompileExec3396000850.dir/HDF5CXXTests.cpp.o
/usr/bin/c++    -msse2 -msse4.2 -mpopcnt -DH5_NO_NAMESPACE  -DHAVE_SYS_TIME_H -DHAVE_UNISTD_H -DHAVE_SYS_TYPES_H -DHAVE_SYS_SOCKET_H -D_FILE_OFFSET_BITS=64 -D_LARGEFILE64_SOURCE -D_LARGEFILE_SOURCE   -o CMakeFiles/cmTryCompileExec3396000850.dir/HDF5CXXTests.cpp.o -c /MMCI/MS/DeNovoAssembly2/work/ReREAD/Sample_ORNA/ORNA/thirdparty/gatb-core/thirdparty/hdf5/config/cmake/HDF5CXXTests.cpp
Linking CXX executable cmTryCompileExec3396000850
/usr/bin/cmake -E cmake_link_script CMakeFiles/cmTryCompileExec3396000850.dir/link.txt --verbose=1
/usr/bin/c++    -msse2 -msse4.2 -mpopcnt -DH5_NO_NAMESPACE  -DHAVE_SYS_TIME_H -DHAVE_UNISTD_H -DHAVE_SYS_TYPES_H -DHAVE_SYS_SOCKET_H -D_FILE_OFFSET_BITS=64 -D_LARGEFILE64_SOURCE -D_LARGEFILE_SOURCE    CMakeFiles/cmTryCompileExec3396000850.dir/HDF5CXXTests.cpp.o  -o cmTryCompileExec3396000850 -rdynamic -lm -ldl 
make[1]: Leaving directory '/MMCI/MS/DeNovoAssembly2/work/ReREAD/Sample_ORNA/ORNA/thirdparty/gatb-core/build/CMakeFiles/CMakeTmp'

Performing CXX Test H5_NO_STD failed with the following output:
Change Dir: /MMCI/MS/DeNovoAssembly2/work/ReREAD/Sample_ORNA/ORNA/thirdparty/gatb-core/build/CMakeFiles/CMakeTmp

Run Build Command:"/usr/bin/make" "cmTryCompileExec14580272/fast"
/usr/bin/make -f CMakeFiles/cmTryCompileExec14580272.dir/build.make CMakeFiles/cmTryCompileExec14580272.dir/build
make[1]: Entering directory '/MMCI/MS/DeNovoAssembly2/work/ReREAD/Sample_ORNA/ORNA/thirdparty/gatb-core/build/CMakeFiles/CMakeTmp'
/usr/bin/cmake -E cmake_progress_report /MMCI/MS/DeNovoAssembly2/work/ReREAD/Sample_ORNA/ORNA/thirdparty/gatb-core/build/CMakeFiles/CMakeTmp/CMakeFiles 1
Building CXX object CMakeFiles/cmTryCompileExec14580272.dir/HDF5CXXTests.cpp.o
/usr/bin/c++    -msse2 -msse4.2 -mpopcnt -DH5_NO_STD  -DHAVE_SYS_TIME_H -DHAVE_UNISTD_H -DHAVE_SYS_TYPES_H -DHAVE_SYS_SOCKET_H -D_FILE_OFFSET_BITS=64 -D_LARGEFILE64_SOURCE -D_LARGEFILE_SOURCE   -o CMakeFiles/cmTryCompileExec14580272.dir/HDF5CXXTests.cpp.o -c /MMCI/MS/DeNovoAssembly2/work/ReREAD/Sample_ORNA/ORNA/thirdparty/gatb-core/thirdparty/hdf5/config/cmake/HDF5CXXTests.cpp
Linking CXX executable cmTryCompileExec14580272
/usr/bin/cmake -E cmake_link_script CMakeFiles/cmTryCompileExec14580272.dir/link.txt --verbose=1
/usr/bin/c++    -msse2 -msse4.2 -mpopcnt -DH5_NO_STD  -DHAVE_SYS_TIME_H -DHAVE_UNISTD_H -DHAVE_SYS_TYPES_H -DHAVE_SYS_SOCKET_H -D_FILE_OFFSET_BITS=64 -D_LARGEFILE64_SOURCE -D_LARGEFILE_SOURCE    CMakeFiles/cmTryCompileExec14580272.dir/HDF5CXXTests.cpp.o  -o cmTryCompileExec14580272 -rdynamic -lm -ldl 
make[1]: Leaving directory '/MMCI/MS/DeNovoAssembly2/work/ReREAD/Sample_ORNA/ORNA/thirdparty/gatb-core/build/CMakeFiles/CMakeTmp'

Performing CXX Test BOOL_NOTDEFINED failed with the following output:
Change Dir: /MMCI/MS/DeNovoAssembly2/work/ReREAD/Sample_ORNA/ORNA/thirdparty/gatb-core/build/CMakeFiles/CMakeTmp

Run Build Command:"/usr/bin/make" "cmTryCompileExec4005436807/fast"
/usr/bin/make -f CMakeFiles/cmTryCompileExec4005436807.dir/build.make CMakeFiles/cmTryCompileExec4005436807.dir/build
make[1]: Entering directory '/MMCI/MS/DeNovoAssembly2/work/ReREAD/Sample_ORNA/ORNA/thirdparty/gatb-core/build/CMakeFiles/CMakeTmp'
/usr/bin/cmake -E cmake_progress_report /MMCI/MS/DeNovoAssembly2/work/ReREAD/Sample_ORNA/ORNA/thirdparty/gatb-core/build/CMakeFiles/CMakeTmp/CMakeFiles 1
Building CXX object CMakeFiles/cmTryCompileExec4005436807.dir/HDF5CXXTests.cpp.o
/usr/bin/c++    -msse2 -msse4.2 -mpopcnt -DBOOL_NOTDEFINED  -DHAVE_SYS_TIME_H -DHAVE_UNISTD_H -DHAVE_SYS_TYPES_H -DHAVE_SYS_SOCKET_H -D_FILE_OFFSET_BITS=64 -D_LARGEFILE64_SOURCE -D_LARGEFILE_SOURCE   -o CMakeFiles/cmTryCompileExec4005436807.dir/HDF5CXXTests.cpp.o -c /MMCI/MS/DeNovoAssembly2/work/ReREAD/Sample_ORNA/ORNA/thirdparty/gatb-core/thirdparty/hdf5/config/cmake/HDF5CXXTests.cpp
Linking CXX executable cmTryCompileExec4005436807
/usr/bin/cmake -E cmake_link_script CMakeFiles/cmTryCompileExec4005436807.dir/link.txt --verbose=1
/usr/bin/c++    -msse2 -msse4.2 -mpopcnt -DBOOL_NOTDEFINED  -DHAVE_SYS_TIME_H -DHAVE_UNISTD_H -DHAVE_SYS_TYPES_H -DHAVE_SYS_SOCKET_H -D_FILE_OFFSET_BITS=64 -D_LARGEFILE64_SOURCE -D_LARGEFILE_SOURCE    CMakeFiles/cmTryCompileExec4005436807.dir/HDF5CXXTests.cpp.o  -o cmTryCompileExec4005436807 -rdynamic -lm -ldl 
make[1]: Leaving directory '/MMCI/MS/DeNovoAssembly2/work/ReREAD/Sample_ORNA/ORNA/thirdparty/gatb-core/build/CMakeFiles/CMakeTmp'

Performing CXX Test NO_STATIC_CAST failed with the following output:
Change Dir: /MMCI/MS/DeNovoAssembly2/work/ReREAD/Sample_ORNA/ORNA/thirdparty/gatb-core/build/CMakeFiles/CMakeTmp

Run Build Command:"/usr/bin/make" "cmTryCompileExec3988436468/fast"
/usr/bin/make -f CMakeFiles/cmTryCompileExec3988436468.dir/build.make CMakeFiles/cmTryCompileExec3988436468.dir/build
make[1]: Entering directory '/MMCI/MS/DeNovoAssembly2/work/ReREAD/Sample_ORNA/ORNA/thirdparty/gatb-core/build/CMakeFiles/CMakeTmp'
/usr/bin/cmake -E cmake_progress_report /MMCI/MS/DeNovoAssembly2/work/ReREAD/Sample_ORNA/ORNA/thirdparty/gatb-core/build/CMakeFiles/CMakeTmp/CMakeFiles 1
Building CXX object CMakeFiles/cmTryCompileExec3988436468.dir/HDF5CXXTests.cpp.o
/usr/bin/c++    -msse2 -msse4.2 -mpopcnt -DNO_STATIC_CAST  -DHAVE_SYS_TIME_H -DHAVE_UNISTD_H -DHAVE_SYS_TYPES_H -DHAVE_SYS_SOCKET_H -D_FILE_OFFSET_BITS=64 -D_LARGEFILE64_SOURCE -D_LARGEFILE_SOURCE   -o CMakeFiles/cmTryCompileExec3988436468.dir/HDF5CXXTests.cpp.o -c /MMCI/MS/DeNovoAssembly2/work/ReREAD/Sample_ORNA/ORNA/thirdparty/gatb-core/thirdparty/hdf5/config/cmake/HDF5CXXTests.cpp
Linking CXX executable cmTryCompileExec3988436468
/usr/bin/cmake -E cmake_link_script CMakeFiles/cmTryCompileExec3988436468.dir/link.txt --verbose=1
/usr/bin/c++    -msse2 -msse4.2 -mpopcnt -DNO_STATIC_CAST  -DHAVE_SYS_TIME_H -DHAVE_UNISTD_H -DHAVE_SYS_TYPES_H -DHAVE_SYS_SOCKET_H -D_FILE_OFFSET_BITS=64 -D_LARGEFILE64_SOURCE -D_LARGEFILE_SOURCE    CMakeFiles/cmTryCompileExec3988436468.dir/HDF5CXXTests.cpp.o  -o cmTryCompileExec3988436468 -rdynamic -lm -ldl 
make[1]: Leaving directory '/MMCI/MS/DeNovoAssembly2/work/ReREAD/Sample_ORNA/ORNA/thirdparty/gatb-core/build/CMakeFiles/CMakeTmp'

Test H5_ULONG_TO_FP_BOTTOM_BIT_ACCURATE Run failed with the following output and exit code:
 Change Dir: /MMCI/MS/DeNovoAssembly2/work/ReREAD/Sample_ORNA/ORNA/thirdparty/gatb-core/build/thirdparty/hdf5/CMake/CMakeFiles/CMakeTmp

Run Build Command:"/usr/bin/make" "cmTryCompileExec2084334250/fast"
/usr/bin/make -f CMakeFiles/cmTryCompileExec2084334250.dir/build.make CMakeFiles/cmTryCompileExec2084334250.dir/build
make[1]: Entering directory '/MMCI/MS/DeNovoAssembly2/work/ReREAD/Sample_ORNA/ORNA/thirdparty/gatb-core/build/thirdparty/hdf5/CMake/CMakeFiles/CMakeTmp'
/usr/bin/cmake -E cmake_progress_report /MMCI/MS/DeNovoAssembly2/work/ReREAD/Sample_ORNA/ORNA/thirdparty/gatb-core/build/thirdparty/hdf5/CMake/CMakeFiles/CMakeTmp/CMakeFiles 1
Building C object CMakeFiles/cmTryCompileExec2084334250.dir/ConversionTests.c.o
/usr/bin/cc   -msse2 -msse4.2 -mpopcnt -DH5_ULONG_TO_FP_BOTTOM_BIT_ACCURATE_TEST   -o CMakeFiles/cmTryCompileExec2084334250.dir/ConversionTests.c.o   -c /MMCI/MS/DeNovoAssembly2/work/ReREAD/Sample_ORNA/ORNA/thirdparty/gatb-core/thirdparty/hdf5/config/cmake/ConversionTests.c
/MMCI/MS/DeNovoAssembly2/work/ReREAD/Sample_ORNA/ORNA/thirdparty/gatb-core/thirdparty/hdf5/config/cmake/ConversionTests.c: In function ‘main’:
/MMCI/MS/DeNovoAssembly2/work/ReREAD/Sample_ORNA/ORNA/thirdparty/gatb-core/thirdparty/hdf5/config/cmake/ConversionTests.c:420:5: warning: incompatible implicit declaration of built-in function ‘exit’
     exit(ret);
     ^
Linking C executable cmTryCompileExec2084334250
/usr/bin/cmake -E cmake_link_script CMakeFiles/cmTryCompileExec2084334250.dir/link.txt --verbose=1
/usr/bin/cc   -msse2 -msse4.2 -mpopcnt -DH5_ULONG_TO_FP_BOTTOM_BIT_ACCURATE_TEST    CMakeFiles/cmTryCompileExec2084334250.dir/ConversionTests.c.o  -o cmTryCompileExec2084334250 -rdynamic 
make[1]: Leaving directory '/MMCI/MS/DeNovoAssembly2/work/ReREAD/Sample_ORNA/ORNA/thirdparty/gatb-core/build/thirdparty/hdf5/CMake/CMakeFiles/CMakeTmp'

