Determining size of __uint128 failed with the following output:
Change Dir: /MMCI/MS/DeNovoAssembly2/work/ReREAD/Sample_ORNA/ORNA/build/CMakeFiles/CMakeTmp

Run Build Command:"/usr/bin/make" "cmTryCompileExec3539925750/fast"
/usr/bin/make -f CMakeFiles/cmTryCompileExec3539925750.dir/build.make CMakeFiles/cmTryCompileExec3539925750.dir/build
make[1]: Entering directory '/MMCI/MS/DeNovoAssembly2/work/ReREAD/Sample_ORNA/ORNA/build/CMakeFiles/CMakeTmp'
/usr/bin/cmake -E cmake_progress_report /MMCI/MS/DeNovoAssembly2/work/ReREAD/Sample_ORNA/ORNA/build/CMakeFiles/CMakeTmp/CMakeFiles 1
Building C object CMakeFiles/cmTryCompileExec3539925750.dir/int128_t_USE__uint128.c.o
/usr/bin/cc    -o CMakeFiles/cmTryCompileExec3539925750.dir/int128_t_USE__uint128.c.o   -c /MMCI/MS/DeNovoAssembly2/work/ReREAD/Sample_ORNA/ORNA/build/CMakeFiles/CheckTypeSize/int128_t_USE__uint128.c
/MMCI/MS/DeNovoAssembly2/work/ReREAD/Sample_ORNA/ORNA/build/CMakeFiles/CheckTypeSize/int128_t_USE__uint128.c:17:22: error: ‘__uint128’ undeclared here (not in a function)
 #define SIZE (sizeof(__uint128))
                      ^
/MMCI/MS/DeNovoAssembly2/work/ReREAD/Sample_ORNA/ORNA/build/CMakeFiles/CheckTypeSize/int128_t_USE__uint128.c:19:12: note: in expansion of macro ‘SIZE’
   ('0' + ((SIZE / 10000)%10)),
            ^
CMakeFiles/cmTryCompileExec3539925750.dir/build.make:57: recipe for target 'CMakeFiles/cmTryCompileExec3539925750.dir/int128_t_USE__uint128.c.o' failed
make[1]: Leaving directory '/MMCI/MS/DeNovoAssembly2/work/ReREAD/Sample_ORNA/ORNA/build/CMakeFiles/CMakeTmp'
make[1]: *** [CMakeFiles/cmTryCompileExec3539925750.dir/int128_t_USE__uint128.c.o] Error 1
Makefile:118: recipe for target 'cmTryCompileExec3539925750/fast' failed
make: *** [cmTryCompileExec3539925750/fast] Error 2

/MMCI/MS/DeNovoAssembly2/work/ReREAD/Sample_ORNA/ORNA/build/CMakeFiles/CheckTypeSize/int128_t_USE__uint128.c:
#include <sys/types.h>
#include <stdint.h>
#include <stddef.h>


#undef KEY
#if defined(__i386)
# define KEY '_','_','i','3','8','6'
#elif defined(__x86_64)
# define KEY '_','_','x','8','6','_','6','4'
#elif defined(__ppc__)
# define KEY '_','_','p','p','c','_','_'
#elif defined(__ppc64__)
# define KEY '_','_','p','p','c','6','4','_','_'
#endif

#define SIZE (sizeof(__uint128))
char info_size[] =  {'I', 'N', 'F', 'O', ':', 's','i','z','e','[',
  ('0' + ((SIZE / 10000)%10)),
  ('0' + ((SIZE / 1000)%10)),
  ('0' + ((SIZE / 100)%10)),
  ('0' + ((SIZE / 10)%10)),
  ('0' +  (SIZE    % 10)),
  ']',
#ifdef KEY
  ' ','k','e','y','[', KEY, ']',
#endif
  '\0'};

#ifdef __CLASSIC_C__
int main(argc, argv) int argc; char *argv[];
#else
int main(int argc, char *argv[])
#endif
{
  int require = 0;
  require += info_size[argc];
  (void)argv;
  return require;
}


Determining if the function WSAStartup exists in the ws2_32;m;dl failed with the following output:
Change Dir: /MMCI/MS/DeNovoAssembly2/work/ReREAD/Sample_ORNA/ORNA/build/CMakeFiles/CMakeTmp

Run Build Command:"/usr/bin/make" "cmTryCompileExec4094492199/fast"
/usr/bin/make -f CMakeFiles/cmTryCompileExec4094492199.dir/build.make CMakeFiles/cmTryCompileExec4094492199.dir/build
make[1]: Entering directory '/MMCI/MS/DeNovoAssembly2/work/ReREAD/Sample_ORNA/ORNA/build/CMakeFiles/CMakeTmp'
/usr/bin/cmake -E cmake_progress_report /MMCI/MS/DeNovoAssembly2/work/ReREAD/Sample_ORNA/ORNA/build/CMakeFiles/CMakeTmp/CMakeFiles 1
Building C object CMakeFiles/cmTryCompileExec4094492199.dir/CheckFunctionExists.c.o
/usr/bin/cc   -msse2 -msse4.2 -mpopcnt -DCHECK_FUNCTION_EXISTS=WSAStartup   -o CMakeFiles/cmTryCompileExec4094492199.dir/CheckFunctionExists.c.o   -c /usr/share/cmake-3.0/Modules/CheckFunctionExists.c
Linking C executable cmTryCompileExec4094492199
/usr/bin/cmake -E cmake_link_script CMakeFiles/cmTryCompileExec4094492199.dir/link.txt --verbose=1
/usr/bin/cc   -msse2 -msse4.2 -mpopcnt -DCHECK_FUNCTION_EXISTS=WSAStartup    CMakeFiles/cmTryCompileExec4094492199.dir/CheckFunctionExists.c.o  -o cmTryCompileExec4094492199 -rdynamic -lws2_32 -lm -ldl 
/usr/bin/ld: cannot find -lws2_32
collect2: error: ld returned 1 exit status
CMakeFiles/cmTryCompileExec4094492199.dir/build.make:88: recipe for target 'cmTryCompileExec4094492199' failed
make[1]: Leaving directory '/MMCI/MS/DeNovoAssembly2/work/ReREAD/Sample_ORNA/ORNA/build/CMakeFiles/CMakeTmp'
make[1]: *** [cmTryCompileExec4094492199] Error 1
Makefile:118: recipe for target 'cmTryCompileExec4094492199/fast' failed
make: *** [cmTryCompileExec4094492199/fast] Error 2


Determining if the function gethostbyname exists in the wsock32;m;dl failed with the following output:
Change Dir: /MMCI/MS/DeNovoAssembly2/work/ReREAD/Sample_ORNA/ORNA/build/CMakeFiles/CMakeTmp

Run Build Command:"/usr/bin/make" "cmTryCompileExec1572811629/fast"
/usr/bin/make -f CMakeFiles/cmTryCompileExec1572811629.dir/build.make CMakeFiles/cmTryCompileExec1572811629.dir/build
make[1]: Entering directory '/MMCI/MS/DeNovoAssembly2/work/ReREAD/Sample_ORNA/ORNA/build/CMakeFiles/CMakeTmp'
/usr/bin/cmake -E cmake_progress_report /MMCI/MS/DeNovoAssembly2/work/ReREAD/Sample_ORNA/ORNA/build/CMakeFiles/CMakeTmp/CMakeFiles 1
Building C object CMakeFiles/cmTryCompileExec1572811629.dir/CheckFunctionExists.c.o
/usr/bin/cc   -msse2 -msse4.2 -mpopcnt -DCHECK_FUNCTION_EXISTS=gethostbyname   -o CMakeFiles/cmTryCompileExec1572811629.dir/CheckFunctionExists.c.o   -c /usr/share/cmake-3.0/Modules/CheckFunctionExists.c
Linking C executable cmTryCompileExec1572811629
/usr/bin/cmake -E cmake_link_script CMakeFiles/cmTryCompileExec1572811629.dir/link.txt --verbose=1
/usr/bin/cc   -msse2 -msse4.2 -mpopcnt -DCHECK_FUNCTION_EXISTS=gethostbyname    CMakeFiles/cmTryCompileExec1572811629.dir/CheckFunctionExists.c.o  -o cmTryCompileExec1572811629 -rdynamic -lwsock32 -lm -ldl 
/usr/bin/ld: cannot find -lwsock32
collect2: error: ld returned 1 exit status
CMakeFiles/cmTryCompileExec1572811629.dir/build.make:88: recipe for target 'cmTryCompileExec1572811629' failed
make[1]: Leaving directory '/MMCI/MS/DeNovoAssembly2/work/ReREAD/Sample_ORNA/ORNA/build/CMakeFiles/CMakeTmp'
make[1]: *** [cmTryCompileExec1572811629] Error 1
Makefile:118: recipe for target 'cmTryCompileExec1572811629/fast' failed
make: *** [cmTryCompileExec1572811629/fast] Error 2


Determining if the function gethostname exists in the ucb;m;dl failed with the following output:
Change Dir: /MMCI/MS/DeNovoAssembly2/work/ReREAD/Sample_ORNA/ORNA/build/CMakeFiles/CMakeTmp

Run Build Command:"/usr/bin/make" "cmTryCompileExec627162178/fast"
/usr/bin/make -f CMakeFiles/cmTryCompileExec627162178.dir/build.make CMakeFiles/cmTryCompileExec627162178.dir/build
make[1]: Entering directory '/MMCI/MS/DeNovoAssembly2/work/ReREAD/Sample_ORNA/ORNA/build/CMakeFiles/CMakeTmp'
/usr/bin/cmake -E cmake_progress_report /MMCI/MS/DeNovoAssembly2/work/ReREAD/Sample_ORNA/ORNA/build/CMakeFiles/CMakeTmp/CMakeFiles 1
Building C object CMakeFiles/cmTryCompileExec627162178.dir/CheckFunctionExists.c.o
/usr/bin/cc   -msse2 -msse4.2 -mpopcnt -DCHECK_FUNCTION_EXISTS=gethostname   -o CMakeFiles/cmTryCompileExec627162178.dir/CheckFunctionExists.c.o   -c /usr/share/cmake-3.0/Modules/CheckFunctionExists.c
Linking C executable cmTryCompileExec627162178
/usr/bin/cmake -E cmake_link_script CMakeFiles/cmTryCompileExec627162178.dir/link.txt --verbose=1
/usr/bin/cc   -msse2 -msse4.2 -mpopcnt -DCHECK_FUNCTION_EXISTS=gethostname    CMakeFiles/cmTryCompileExec627162178.dir/CheckFunctionExists.c.o  -o cmTryCompileExec627162178 -rdynamic -lucb -lm -ldl 
/usr/bin/ld: cannot find -lucb
collect2: error: ld returned 1 exit status
CMakeFiles/cmTryCompileExec627162178.dir/build.make:88: recipe for target 'cmTryCompileExec627162178' failed
make[1]: Leaving directory '/MMCI/MS/DeNovoAssembly2/work/ReREAD/Sample_ORNA/ORNA/build/CMakeFiles/CMakeTmp'
make[1]: *** [cmTryCompileExec627162178] Error 1
Makefile:118: recipe for target 'cmTryCompileExec627162178/fast' failed
make: *** [cmTryCompileExec627162178/fast] Error 2


Determining if the function connect exists in the socket;m;dl failed with the following output:
Change Dir: /MMCI/MS/DeNovoAssembly2/work/ReREAD/Sample_ORNA/ORNA/build/CMakeFiles/CMakeTmp

Run Build Command:"/usr/bin/make" "cmTryCompileExec4124384905/fast"
/usr/bin/make -f CMakeFiles/cmTryCompileExec4124384905.dir/build.make CMakeFiles/cmTryCompileExec4124384905.dir/build
make[1]: Entering directory '/MMCI/MS/DeNovoAssembly2/work/ReREAD/Sample_ORNA/ORNA/build/CMakeFiles/CMakeTmp'
/usr/bin/cmake -E cmake_progress_report /MMCI/MS/DeNovoAssembly2/work/ReREAD/Sample_ORNA/ORNA/build/CMakeFiles/CMakeTmp/CMakeFiles 1
Building C object CMakeFiles/cmTryCompileExec4124384905.dir/CheckFunctionExists.c.o
/usr/bin/cc   -msse2 -msse4.2 -mpopcnt -DCHECK_FUNCTION_EXISTS=connect   -o CMakeFiles/cmTryCompileExec4124384905.dir/CheckFunctionExists.c.o   -c /usr/share/cmake-3.0/Modules/CheckFunctionExists.c
Linking C executable cmTryCompileExec4124384905
/usr/bin/cmake -E cmake_link_script CMakeFiles/cmTryCompileExec4124384905.dir/link.txt --verbose=1
/usr/bin/cc   -msse2 -msse4.2 -mpopcnt -DCHECK_FUNCTION_EXISTS=connect    CMakeFiles/cmTryCompileExec4124384905.dir/CheckFunctionExists.c.o  -o cmTryCompileExec4124384905 -rdynamic -lsocket -lm -ldl 
/usr/bin/ld: cannot find -lsocket
collect2: error: ld returned 1 exit status
CMakeFiles/cmTryCompileExec4124384905.dir/build.make:88: recipe for target 'cmTryCompileExec4124384905' failed
make[1]: Leaving directory '/MMCI/MS/DeNovoAssembly2/work/ReREAD/Sample_ORNA/ORNA/build/CMakeFiles/CMakeTmp'
make[1]: *** [cmTryCompileExec4124384905] Error 1
Makefile:118: recipe for target 'cmTryCompileExec4124384905/fast' failed
make: *** [cmTryCompileExec4124384905/fast] Error 2


Determining if the system is big endian passed with the following output:
Change Dir: /MMCI/MS/DeNovoAssembly2/work/ReREAD/Sample_ORNA/ORNA/build/CMakeFiles/CMakeTmp

Run Build Command:"/usr/bin/make" "cmTryCompileExec970590621/fast"
/usr/bin/make -f CMakeFiles/cmTryCompileExec970590621.dir/build.make CMakeFiles/cmTryCompileExec970590621.dir/build
make[1]: Entering directory '/MMCI/MS/DeNovoAssembly2/work/ReREAD/Sample_ORNA/ORNA/build/CMakeFiles/CMakeTmp'
/usr/bin/cmake -E cmake_progress_report /MMCI/MS/DeNovoAssembly2/work/ReREAD/Sample_ORNA/ORNA/build/CMakeFiles/CMakeTmp/CMakeFiles 1
Building C object CMakeFiles/cmTryCompileExec970590621.dir/TestEndianess.c.o
/usr/bin/cc   -msse2 -msse4.2 -mpopcnt    -o CMakeFiles/cmTryCompileExec970590621.dir/TestEndianess.c.o   -c /MMCI/MS/DeNovoAssembly2/work/ReREAD/Sample_ORNA/ORNA/build/CMakeFiles/CMakeTmp/TestEndianess.c
Linking C executable cmTryCompileExec970590621
/usr/bin/cmake -E cmake_link_script CMakeFiles/cmTryCompileExec970590621.dir/link.txt --verbose=1
/usr/bin/cc   -msse2 -msse4.2 -mpopcnt     CMakeFiles/cmTryCompileExec970590621.dir/TestEndianess.c.o  -o cmTryCompileExec970590621 -rdynamic 
make[1]: Leaving directory '/MMCI/MS/DeNovoAssembly2/work/ReREAD/Sample_ORNA/ORNA/build/CMakeFiles/CMakeTmp'

TestEndianess.c:
/* A 16 bit integer is required. */
typedef unsigned short cmakeint16;

/* On a little endian machine, these 16bit ints will give "THIS IS LITTLE ENDIAN."
   On a big endian machine the characters will be exchanged pairwise. */
const cmakeint16 info_little[] =  {0x4854, 0x5349, 0x4920, 0x2053, 0x494c, 0x5454, 0x454c, 0x4520, 0x444e, 0x4149, 0x2e4e, 0x0000};

/* on a big endian machine, these 16bit ints will give "THIS IS BIG ENDIAN."
   On a little endian machine the characters will be exchanged pairwise. */
const cmakeint16 info_big[] =     {0x5448, 0x4953, 0x2049, 0x5320, 0x4249, 0x4720, 0x454e, 0x4449, 0x414e, 0x2e2e, 0x0000};

#ifdef __CLASSIC_C__
int main(argc, argv) int argc; char *argv[];
#else
int main(int argc, char *argv[])
#endif
{
  int require = 0;
  require += info_little[argc];
  require += info_big[argc];
  (void)argv;
  return require;
}


Determining if the function clock_gettime exists in the posix4 failed with the following output:
Change Dir: /MMCI/MS/DeNovoAssembly2/work/ReREAD/Sample_ORNA/ORNA/build/CMakeFiles/CMakeTmp

Run Build Command:"/usr/bin/make" "cmTryCompileExec1896640588/fast"
/usr/bin/make -f CMakeFiles/cmTryCompileExec1896640588.dir/build.make CMakeFiles/cmTryCompileExec1896640588.dir/build
make[1]: Entering directory '/MMCI/MS/DeNovoAssembly2/work/ReREAD/Sample_ORNA/ORNA/build/CMakeFiles/CMakeTmp'
/usr/bin/cmake -E cmake_progress_report /MMCI/MS/DeNovoAssembly2/work/ReREAD/Sample_ORNA/ORNA/build/CMakeFiles/CMakeTmp/CMakeFiles 1
Building C object CMakeFiles/cmTryCompileExec1896640588.dir/CheckFunctionExists.c.o
/usr/bin/cc   -msse2 -msse4.2 -mpopcnt -DCHECK_FUNCTION_EXISTS=clock_gettime   -o CMakeFiles/cmTryCompileExec1896640588.dir/CheckFunctionExists.c.o   -c /usr/share/cmake-3.0/Modules/CheckFunctionExists.c
Linking C executable cmTryCompileExec1896640588
/usr/bin/cmake -E cmake_link_script CMakeFiles/cmTryCompileExec1896640588.dir/link.txt --verbose=1
/usr/bin/cc   -msse2 -msse4.2 -mpopcnt -DCHECK_FUNCTION_EXISTS=clock_gettime    CMakeFiles/cmTryCompileExec1896640588.dir/CheckFunctionExists.c.o  -o cmTryCompileExec1896640588 -rdynamic -lposix4 -lm -ldl 
/usr/bin/ld: cannot find -lposix4
collect2: error: ld returned 1 exit status
CMakeFiles/cmTryCompileExec1896640588.dir/build.make:88: recipe for target 'cmTryCompileExec1896640588' failed
make[1]: Leaving directory '/MMCI/MS/DeNovoAssembly2/work/ReREAD/Sample_ORNA/ORNA/build/CMakeFiles/CMakeTmp'
make[1]: *** [cmTryCompileExec1896640588] Error 1
Makefile:118: recipe for target 'cmTryCompileExec1896640588/fast' failed
make: *** [cmTryCompileExec1896640588/fast] Error 2


Determining if files sys/resource.h;sys/time.h;unistd.h;sys/ioctl.h;sys/stat.h;sys/socket.h;sys/types.h;stddef.h;setjmp.h;features.h;dirent.h;stdint.h;mach/mach_time.h exist failed with the following output:
Change Dir: /MMCI/MS/DeNovoAssembly2/work/ReREAD/Sample_ORNA/ORNA/build/CMakeFiles/CMakeTmp

Run Build Command:"/usr/bin/make" "cmTryCompileExec2992512861/fast"
/usr/bin/make -f CMakeFiles/cmTryCompileExec2992512861.dir/build.make CMakeFiles/cmTryCompileExec2992512861.dir/build
make[1]: Entering directory '/MMCI/MS/DeNovoAssembly2/work/ReREAD/Sample_ORNA/ORNA/build/CMakeFiles/CMakeTmp'
/usr/bin/cmake -E cmake_progress_report /MMCI/MS/DeNovoAssembly2/work/ReREAD/Sample_ORNA/ORNA/build/CMakeFiles/CMakeTmp/CMakeFiles 1
Building C object CMakeFiles/cmTryCompileExec2992512861.dir/CheckIncludeFiles.c.o
/usr/bin/cc   -msse2 -msse4.2 -mpopcnt    -o CMakeFiles/cmTryCompileExec2992512861.dir/CheckIncludeFiles.c.o   -c /MMCI/MS/DeNovoAssembly2/work/ReREAD/Sample_ORNA/ORNA/build/CMakeFiles/CMakeTmp/CheckIncludeFiles.c
/MMCI/MS/DeNovoAssembly2/work/ReREAD/Sample_ORNA/ORNA/build/CMakeFiles/CMakeTmp/CheckIncludeFiles.c:14:28: fatal error: mach/mach_time.h: No such file or directory
 #include <mach/mach_time.h>
                            ^
compilation terminated.
CMakeFiles/cmTryCompileExec2992512861.dir/build.make:57: recipe for target 'CMakeFiles/cmTryCompileExec2992512861.dir/CheckIncludeFiles.c.o' failed
make[1]: Leaving directory '/MMCI/MS/DeNovoAssembly2/work/ReREAD/Sample_ORNA/ORNA/build/CMakeFiles/CMakeTmp'
make[1]: *** [CMakeFiles/cmTryCompileExec2992512861.dir/CheckIncludeFiles.c.o] Error 1
Makefile:118: recipe for target 'cmTryCompileExec2992512861/fast' failed
make: *** [cmTryCompileExec2992512861/fast] Error 2

Source:
/* */
#include <sys/resource.h>
#include <sys/time.h>
#include <unistd.h>
#include <sys/ioctl.h>
#include <sys/stat.h>
#include <sys/socket.h>
#include <sys/types.h>
#include <stddef.h>
#include <setjmp.h>
#include <features.h>
#include <dirent.h>
#include <stdint.h>
#include <mach/mach_time.h>


int main(){return 0;}

Determining if files sys/resource.h;sys/time.h;unistd.h;sys/ioctl.h;sys/stat.h;sys/socket.h;sys/types.h;stddef.h;setjmp.h;features.h;dirent.h;stdint.h;io.h exist failed with the following output:
Change Dir: /MMCI/MS/DeNovoAssembly2/work/ReREAD/Sample_ORNA/ORNA/build/CMakeFiles/CMakeTmp

Run Build Command:"/usr/bin/make" "cmTryCompileExec1360610171/fast"
/usr/bin/make -f CMakeFiles/cmTryCompileExec1360610171.dir/build.make CMakeFiles/cmTryCompileExec1360610171.dir/build
make[1]: Entering directory '/MMCI/MS/DeNovoAssembly2/work/ReREAD/Sample_ORNA/ORNA/build/CMakeFiles/CMakeTmp'
/usr/bin/cmake -E cmake_progress_report /MMCI/MS/DeNovoAssembly2/work/ReREAD/Sample_ORNA/ORNA/build/CMakeFiles/CMakeTmp/CMakeFiles 1
Building C object CMakeFiles/cmTryCompileExec1360610171.dir/CheckIncludeFiles.c.o
/usr/bin/cc   -msse2 -msse4.2 -mpopcnt    -o CMakeFiles/cmTryCompileExec1360610171.dir/CheckIncludeFiles.c.o   -c /MMCI/MS/DeNovoAssembly2/work/ReREAD/Sample_ORNA/ORNA/build/CMakeFiles/CMakeTmp/CheckIncludeFiles.c
/MMCI/MS/DeNovoAssembly2/work/ReREAD/Sample_ORNA/ORNA/build/CMakeFiles/CMakeTmp/CheckIncludeFiles.c:14:16: fatal error: io.h: No such file or directory
 #include <io.h>
                ^
compilation terminated.
CMakeFiles/cmTryCompileExec1360610171.dir/build.make:57: recipe for target 'CMakeFiles/cmTryCompileExec1360610171.dir/CheckIncludeFiles.c.o' failed
make[1]: Leaving directory '/MMCI/MS/DeNovoAssembly2/work/ReREAD/Sample_ORNA/ORNA/build/CMakeFiles/CMakeTmp'
make[1]: *** [CMakeFiles/cmTryCompileExec1360610171.dir/CheckIncludeFiles.c.o] Error 1
Makefile:118: recipe for target 'cmTryCompileExec1360610171/fast' failed
make: *** [cmTryCompileExec1360610171/fast] Error 2

Source:
/* */
#include <sys/resource.h>
#include <sys/time.h>
#include <unistd.h>
#include <sys/ioctl.h>
#include <sys/stat.h>
#include <sys/socket.h>
#include <sys/types.h>
#include <stddef.h>
#include <setjmp.h>
#include <features.h>
#include <dirent.h>
#include <stdint.h>
#include <io.h>


int main(){return 0;}

Determining if files sys/resource.h;sys/time.h;unistd.h;sys/ioctl.h;sys/stat.h;sys/socket.h;sys/types.h;stddef.h;setjmp.h;features.h;dirent.h;stdint.h;winsock2.h exist failed with the following output:
Change Dir: /MMCI/MS/DeNovoAssembly2/work/ReREAD/Sample_ORNA/ORNA/build/CMakeFiles/CMakeTmp

Run Build Command:"/usr/bin/make" "cmTryCompileExec2487895330/fast"
/usr/bin/make -f CMakeFiles/cmTryCompileExec2487895330.dir/build.make CMakeFiles/cmTryCompileExec2487895330.dir/build
make[1]: Entering directory '/MMCI/MS/DeNovoAssembly2/work/ReREAD/Sample_ORNA/ORNA/build/CMakeFiles/CMakeTmp'
/usr/bin/cmake -E cmake_progress_report /MMCI/MS/DeNovoAssembly2/work/ReREAD/Sample_ORNA/ORNA/build/CMakeFiles/CMakeTmp/CMakeFiles 1
Building C object CMakeFiles/cmTryCompileExec2487895330.dir/CheckIncludeFiles.c.o
/usr/bin/cc   -msse2 -msse4.2 -mpopcnt    -o CMakeFiles/cmTryCompileExec2487895330.dir/CheckIncludeFiles.c.o   -c /MMCI/MS/DeNovoAssembly2/work/ReREAD/Sample_ORNA/ORNA/build/CMakeFiles/CMakeTmp/CheckIncludeFiles.c
/MMCI/MS/DeNovoAssembly2/work/ReREAD/Sample_ORNA/ORNA/build/CMakeFiles/CMakeTmp/CheckIncludeFiles.c:14:22: fatal error: winsock2.h: No such file or directory
 #include <winsock2.h>
                      ^
compilation terminated.
CMakeFiles/cmTryCompileExec2487895330.dir/build.make:57: recipe for target 'CMakeFiles/cmTryCompileExec2487895330.dir/CheckIncludeFiles.c.o' failed
make[1]: Leaving directory '/MMCI/MS/DeNovoAssembly2/work/ReREAD/Sample_ORNA/ORNA/build/CMakeFiles/CMakeTmp'
make[1]: *** [CMakeFiles/cmTryCompileExec2487895330.dir/CheckIncludeFiles.c.o] Error 1
Makefile:118: recipe for target 'cmTryCompileExec2487895330/fast' failed
make: *** [cmTryCompileExec2487895330/fast] Error 2

Source:
/* */
#include <sys/resource.h>
#include <sys/time.h>
#include <unistd.h>
#include <sys/ioctl.h>
#include <sys/stat.h>
#include <sys/socket.h>
#include <sys/types.h>
#include <stddef.h>
#include <setjmp.h>
#include <features.h>
#include <dirent.h>
#include <stdint.h>
#include <winsock2.h>


int main(){return 0;}

Determining if files sys/resource.h;sys/time.h;unistd.h;sys/ioctl.h;sys/stat.h;sys/socket.h;sys/types.h;stddef.h;setjmp.h;features.h;dirent.h;stdint.h;sys/timeb.h;globus/common.h exist failed with the following output:
Change Dir: /MMCI/MS/DeNovoAssembly2/work/ReREAD/Sample_ORNA/ORNA/build/CMakeFiles/CMakeTmp

Run Build Command:"/usr/bin/make" "cmTryCompileExec3593794577/fast"
/usr/bin/make -f CMakeFiles/cmTryCompileExec3593794577.dir/build.make CMakeFiles/cmTryCompileExec3593794577.dir/build
make[1]: Entering directory '/MMCI/MS/DeNovoAssembly2/work/ReREAD/Sample_ORNA/ORNA/build/CMakeFiles/CMakeTmp'
/usr/bin/cmake -E cmake_progress_report /MMCI/MS/DeNovoAssembly2/work/ReREAD/Sample_ORNA/ORNA/build/CMakeFiles/CMakeTmp/CMakeFiles 1
Building C object CMakeFiles/cmTryCompileExec3593794577.dir/CheckIncludeFiles.c.o
/usr/bin/cc   -msse2 -msse4.2 -mpopcnt    -o CMakeFiles/cmTryCompileExec3593794577.dir/CheckIncludeFiles.c.o   -c /MMCI/MS/DeNovoAssembly2/work/ReREAD/Sample_ORNA/ORNA/build/CMakeFiles/CMakeTmp/CheckIncludeFiles.c
/MMCI/MS/DeNovoAssembly2/work/ReREAD/Sample_ORNA/ORNA/build/CMakeFiles/CMakeTmp/CheckIncludeFiles.c:15:27: fatal error: globus/common.h: No such file or directory
 #include <globus/common.h>
                           ^
compilation terminated.
CMakeFiles/cmTryCompileExec3593794577.dir/build.make:57: recipe for target 'CMakeFiles/cmTryCompileExec3593794577.dir/CheckIncludeFiles.c.o' failed
make[1]: Leaving directory '/MMCI/MS/DeNovoAssembly2/work/ReREAD/Sample_ORNA/ORNA/build/CMakeFiles/CMakeTmp'
make[1]: *** [CMakeFiles/cmTryCompileExec3593794577.dir/CheckIncludeFiles.c.o] Error 1
Makefile:118: recipe for target 'cmTryCompileExec3593794577/fast' failed
make: *** [cmTryCompileExec3593794577/fast] Error 2

Source:
/* */
#include <sys/resource.h>
#include <sys/time.h>
#include <unistd.h>
#include <sys/ioctl.h>
#include <sys/stat.h>
#include <sys/socket.h>
#include <sys/types.h>
#include <stddef.h>
#include <setjmp.h>
#include <features.h>
#include <dirent.h>
#include <stdint.h>
#include <sys/timeb.h>
#include <globus/common.h>


int main(){return 0;}

Determining if files sys/resource.h;sys/time.h;unistd.h;sys/ioctl.h;sys/stat.h;sys/socket.h;sys/types.h;stddef.h;setjmp.h;features.h;dirent.h;stdint.h;sys/timeb.h;pdb.h exist failed with the following output:
Change Dir: /MMCI/MS/DeNovoAssembly2/work/ReREAD/Sample_ORNA/ORNA/build/CMakeFiles/CMakeTmp

Run Build Command:"/usr/bin/make" "cmTryCompileExec2573833409/fast"
/usr/bin/make -f CMakeFiles/cmTryCompileExec2573833409.dir/build.make CMakeFiles/cmTryCompileExec2573833409.dir/build
make[1]: Entering directory '/MMCI/MS/DeNovoAssembly2/work/ReREAD/Sample_ORNA/ORNA/build/CMakeFiles/CMakeTmp'
/usr/bin/cmake -E cmake_progress_report /MMCI/MS/DeNovoAssembly2/work/ReREAD/Sample_ORNA/ORNA/build/CMakeFiles/CMakeTmp/CMakeFiles 1
Building C object CMakeFiles/cmTryCompileExec2573833409.dir/CheckIncludeFiles.c.o
/usr/bin/cc   -msse2 -msse4.2 -mpopcnt    -o CMakeFiles/cmTryCompileExec2573833409.dir/CheckIncludeFiles.c.o   -c /MMCI/MS/DeNovoAssembly2/work/ReREAD/Sample_ORNA/ORNA/build/CMakeFiles/CMakeTmp/CheckIncludeFiles.c
/MMCI/MS/DeNovoAssembly2/work/ReREAD/Sample_ORNA/ORNA/build/CMakeFiles/CMakeTmp/CheckIncludeFiles.c:15:17: fatal error: pdb.h: No such file or directory
 #include <pdb.h>
                 ^
compilation terminated.
CMakeFiles/cmTryCompileExec2573833409.dir/build.make:57: recipe for target 'CMakeFiles/cmTryCompileExec2573833409.dir/CheckIncludeFiles.c.o' failed
make[1]: Leaving directory '/MMCI/MS/DeNovoAssembly2/work/ReREAD/Sample_ORNA/ORNA/build/CMakeFiles/CMakeTmp'
make[1]: *** [CMakeFiles/cmTryCompileExec2573833409.dir/CheckIncludeFiles.c.o] Error 1
Makefile:118: recipe for target 'cmTryCompileExec2573833409/fast' failed
make: *** [cmTryCompileExec2573833409/fast] Error 2

Source:
/* */
#include <sys/resource.h>
#include <sys/time.h>
#include <unistd.h>
#include <sys/ioctl.h>
#include <sys/stat.h>
#include <sys/socket.h>
#include <sys/types.h>
#include <stddef.h>
#include <setjmp.h>
#include <features.h>
#include <dirent.h>
#include <stdint.h>
#include <sys/timeb.h>
#include <pdb.h>


int main(){return 0;}

Determining if files sys/resource.h;sys/time.h;unistd.h;sys/ioctl.h;sys/stat.h;sys/socket.h;sys/types.h;stddef.h;setjmp.h;features.h;dirent.h;stdint.h;sys/timeb.h;pthread.h;srbclient.h exist failed with the following output:
Change Dir: /MMCI/MS/DeNovoAssembly2/work/ReREAD/Sample_ORNA/ORNA/build/CMakeFiles/CMakeTmp

Run Build Command:"/usr/bin/make" "cmTryCompileExec3483060703/fast"
/usr/bin/make -f CMakeFiles/cmTryCompileExec3483060703.dir/build.make CMakeFiles/cmTryCompileExec3483060703.dir/build
make[1]: Entering directory '/MMCI/MS/DeNovoAssembly2/work/ReREAD/Sample_ORNA/ORNA/build/CMakeFiles/CMakeTmp'
/usr/bin/cmake -E cmake_progress_report /MMCI/MS/DeNovoAssembly2/work/ReREAD/Sample_ORNA/ORNA/build/CMakeFiles/CMakeTmp/CMakeFiles 1
Building C object CMakeFiles/cmTryCompileExec3483060703.dir/CheckIncludeFiles.c.o
/usr/bin/cc   -msse2 -msse4.2 -mpopcnt    -o CMakeFiles/cmTryCompileExec3483060703.dir/CheckIncludeFiles.c.o   -c /MMCI/MS/DeNovoAssembly2/work/ReREAD/Sample_ORNA/ORNA/build/CMakeFiles/CMakeTmp/CheckIncludeFiles.c
/MMCI/MS/DeNovoAssembly2/work/ReREAD/Sample_ORNA/ORNA/build/CMakeFiles/CMakeTmp/CheckIncludeFiles.c:16:23: fatal error: srbclient.h: No such file or directory
 #include <srbclient.h>
                       ^
compilation terminated.
CMakeFiles/cmTryCompileExec3483060703.dir/build.make:57: recipe for target 'CMakeFiles/cmTryCompileExec3483060703.dir/CheckIncludeFiles.c.o' failed
make[1]: Leaving directory '/MMCI/MS/DeNovoAssembly2/work/ReREAD/Sample_ORNA/ORNA/build/CMakeFiles/CMakeTmp'
make[1]: *** [CMakeFiles/cmTryCompileExec3483060703.dir/CheckIncludeFiles.c.o] Error 1
Makefile:118: recipe for target 'cmTryCompileExec3483060703/fast' failed
make: *** [cmTryCompileExec3483060703/fast] Error 2

Source:
/* */
#include <sys/resource.h>
#include <sys/time.h>
#include <unistd.h>
#include <sys/ioctl.h>
#include <sys/stat.h>
#include <sys/socket.h>
#include <sys/types.h>
#include <stddef.h>
#include <setjmp.h>
#include <features.h>
#include <dirent.h>
#include <stdint.h>
#include <sys/timeb.h>
#include <pthread.h>
#include <srbclient.h>


int main(){return 0;}

Determining size of __int64 failed with the following output:
Change Dir: /MMCI/MS/DeNovoAssembly2/work/ReREAD/Sample_ORNA/ORNA/build/CMakeFiles/CMakeTmp

Run Build Command:"/usr/bin/make" "cmTryCompileExec90621967/fast"
/usr/bin/make -f CMakeFiles/cmTryCompileExec90621967.dir/build.make CMakeFiles/cmTryCompileExec90621967.dir/build
make[1]: Entering directory '/MMCI/MS/DeNovoAssembly2/work/ReREAD/Sample_ORNA/ORNA/build/CMakeFiles/CMakeTmp'
/usr/bin/cmake -E cmake_progress_report /MMCI/MS/DeNovoAssembly2/work/ReREAD/Sample_ORNA/ORNA/build/CMakeFiles/CMakeTmp/CMakeFiles 1
Building C object CMakeFiles/cmTryCompileExec90621967.dir/H5_SIZEOF___INT64.c.o
/usr/bin/cc  -D_BSD_SOURCE -D_FILE_OFFSET_BITS=64 -D_LARGEFILE64_SOURCE -D_LARGEFILE_SOURCE -msse2 -msse4.2 -mpopcnt    -o CMakeFiles/cmTryCompileExec90621967.dir/H5_SIZEOF___INT64.c.o   -c /MMCI/MS/DeNovoAssembly2/work/ReREAD/Sample_ORNA/ORNA/build/CMakeFiles/CheckTypeSize/H5_SIZEOF___INT64.c
/MMCI/MS/DeNovoAssembly2/work/ReREAD/Sample_ORNA/ORNA/build/CMakeFiles/CheckTypeSize/H5_SIZEOF___INT64.c:17:22: error: ‘__int64’ undeclared here (not in a function)
 #define SIZE (sizeof(__int64))
                      ^
/MMCI/MS/DeNovoAssembly2/work/ReREAD/Sample_ORNA/ORNA/build/CMakeFiles/CheckTypeSize/H5_SIZEOF___INT64.c:19:12: note: in expansion of macro ‘SIZE’
   ('0' + ((SIZE / 10000)%10)),
            ^
CMakeFiles/cmTryCompileExec90621967.dir/build.make:57: recipe for target 'CMakeFiles/cmTryCompileExec90621967.dir/H5_SIZEOF___INT64.c.o' failed
make[1]: Leaving directory '/MMCI/MS/DeNovoAssembly2/work/ReREAD/Sample_ORNA/ORNA/build/CMakeFiles/CMakeTmp'
make[1]: *** [CMakeFiles/cmTryCompileExec90621967.dir/H5_SIZEOF___INT64.c.o] Error 1
Makefile:118: recipe for target 'cmTryCompileExec90621967/fast' failed
make: *** [cmTryCompileExec90621967/fast] Error 2

/MMCI/MS/DeNovoAssembly2/work/ReREAD/Sample_ORNA/ORNA/build/CMakeFiles/CheckTypeSize/H5_SIZEOF___INT64.c:
#include <sys/types.h>
#include <stdint.h>
#include <stddef.h>


#undef KEY
#if defined(__i386)
# define KEY '_','_','i','3','8','6'
#elif defined(__x86_64)
# define KEY '_','_','x','8','6','_','6','4'
#elif defined(__ppc__)
# define KEY '_','_','p','p','c','_','_'
#elif defined(__ppc64__)
# define KEY '_','_','p','p','c','6','4','_','_'
#endif

#define SIZE (sizeof(__int64))
char info_size[] =  {'I', 'N', 'F', 'O', ':', 's','i','z','e','[',
  ('0' + ((SIZE / 10000)%10)),
  ('0' + ((SIZE / 1000)%10)),
  ('0' + ((SIZE / 100)%10)),
  ('0' + ((SIZE / 10)%10)),
  ('0' +  (SIZE    % 10)),
  ']',
#ifdef KEY
  ' ','k','e','y','[', KEY, ']',
#endif
  '\0'};

#ifdef __CLASSIC_C__
int main(argc, argv) int argc; char *argv[];
#else
int main(int argc, char *argv[])
#endif
{
  int require = 0;
  require += info_size[argc];
  (void)argv;
  return require;
}


Determining if the variable CLOCK_MONOTONIC exists failed with the following output:
Change Dir: /MMCI/MS/DeNovoAssembly2/work/ReREAD/Sample_ORNA/ORNA/build/CMakeFiles/CMakeTmp

Run Build Command:"/usr/bin/make" "cmTryCompileExec1524906541/fast"
/usr/bin/make -f CMakeFiles/cmTryCompileExec1524906541.dir/build.make CMakeFiles/cmTryCompileExec1524906541.dir/build
make[1]: Entering directory '/MMCI/MS/DeNovoAssembly2/work/ReREAD/Sample_ORNA/ORNA/build/CMakeFiles/CMakeTmp'
/usr/bin/cmake -E cmake_progress_report /MMCI/MS/DeNovoAssembly2/work/ReREAD/Sample_ORNA/ORNA/build/CMakeFiles/CMakeTmp/CMakeFiles 1
Building C object CMakeFiles/cmTryCompileExec1524906541.dir/CheckVariableExists.c.o
/usr/bin/cc  -D_BSD_SOURCE -D_FILE_OFFSET_BITS=64 -D_LARGEFILE64_SOURCE -D_LARGEFILE_SOURCE -msse2 -msse4.2 -mpopcnt -DCHECK_VARIABLE_EXISTS=CLOCK_MONOTONIC   -o CMakeFiles/cmTryCompileExec1524906541.dir/CheckVariableExists.c.o   -c /usr/share/cmake-3.0/Modules/CheckVariableExists.c
Linking C executable cmTryCompileExec1524906541
/usr/bin/cmake -E cmake_link_script CMakeFiles/cmTryCompileExec1524906541.dir/link.txt --verbose=1
/usr/bin/cc   -msse2 -msse4.2 -mpopcnt -DCHECK_VARIABLE_EXISTS=CLOCK_MONOTONIC    CMakeFiles/cmTryCompileExec1524906541.dir/CheckVariableExists.c.o  -o cmTryCompileExec1524906541 -rdynamic -lm -ldl 
CMakeFiles/cmTryCompileExec1524906541.dir/CheckVariableExists.c.o: In function `main':
CheckVariableExists.c:(.text+0x25): undefined reference to `CLOCK_MONOTONIC'
collect2: error: ld returned 1 exit status
CMakeFiles/cmTryCompileExec1524906541.dir/build.make:88: recipe for target 'cmTryCompileExec1524906541' failed
make[1]: Leaving directory '/MMCI/MS/DeNovoAssembly2/work/ReREAD/Sample_ORNA/ORNA/build/CMakeFiles/CMakeTmp'
make[1]: *** [cmTryCompileExec1524906541] Error 1
Makefile:118: recipe for target 'cmTryCompileExec1524906541/fast' failed
make: *** [cmTryCompileExec1524906541/fast] Error 2


Performing Other Test HAVE___TM_GMTOFF failed with the following output:
Change Dir: /MMCI/MS/DeNovoAssembly2/work/ReREAD/Sample_ORNA/ORNA/build/CMakeFiles/CMakeTmp

Run Build Command:"/usr/bin/make" "cmTryCompileExec3796363231/fast"
/usr/bin/make -f CMakeFiles/cmTryCompileExec3796363231.dir/build.make CMakeFiles/cmTryCompileExec3796363231.dir/build
make[1]: Entering directory '/MMCI/MS/DeNovoAssembly2/work/ReREAD/Sample_ORNA/ORNA/build/CMakeFiles/CMakeTmp'
/usr/bin/cmake -E cmake_progress_report /MMCI/MS/DeNovoAssembly2/work/ReREAD/Sample_ORNA/ORNA/build/CMakeFiles/CMakeTmp/CMakeFiles 1
Building C object CMakeFiles/cmTryCompileExec3796363231.dir/HDF5Tests.c.o
/usr/bin/cc   -msse2 -msse4.2 -mpopcnt -DHAVE___TM_GMTOFF  -DHAVE_SYS_TIME_H -DHAVE_UNISTD_H -DHAVE_SYS_TYPES_H -DHAVE_SYS_SOCKET_H -D_FILE_OFFSET_BITS=64 -D_LARGEFILE64_SOURCE -D_LARGEFILE_SOURCE   -o CMakeFiles/cmTryCompileExec3796363231.dir/HDF5Tests.c.o   -c /MMCI/MS/DeNovoAssembly2/work/ReREAD/Sample_ORNA/ORNA/thirdparty/gatb-core/thirdparty/hdf5/config/cmake/HDF5Tests.c
/MMCI/MS/DeNovoAssembly2/work/ReREAD/Sample_ORNA/ORNA/thirdparty/gatb-core/thirdparty/hdf5/config/cmake/HDF5Tests.c: In function ‘main’:
/MMCI/MS/DeNovoAssembly2/work/ReREAD/Sample_ORNA/ORNA/thirdparty/gatb-core/thirdparty/hdf5/config/cmake/HDF5Tests.c:191:29: error: ‘struct tm’ has no member named ‘__tm_gmtoff’
 SIMPLE_TEST(struct tm tm; tm.__tm_gmtoff=0);
                             ^
/MMCI/MS/DeNovoAssembly2/work/ReREAD/Sample_ORNA/ORNA/thirdparty/gatb-core/thirdparty/hdf5/config/cmake/HDF5Tests.c:1:36: note: in definition of macro ‘SIMPLE_TEST’
 #define SIMPLE_TEST(x) int main(){ x; return 0; }
                                    ^
CMakeFiles/cmTryCompileExec3796363231.dir/build.make:57: recipe for target 'CMakeFiles/cmTryCompileExec3796363231.dir/HDF5Tests.c.o' failed
make[1]: Leaving directory '/MMCI/MS/DeNovoAssembly2/work/ReREAD/Sample_ORNA/ORNA/build/CMakeFiles/CMakeTmp'
make[1]: *** [CMakeFiles/cmTryCompileExec3796363231.dir/HDF5Tests.c.o] Error 1
Makefile:118: recipe for target 'cmTryCompileExec3796363231/fast' failed
make: *** [cmTryCompileExec3796363231/fast] Error 2

Performing Other Test HAVE_STRUCT_VIDEOCONFIG failed with the following output:
Change Dir: /MMCI/MS/DeNovoAssembly2/work/ReREAD/Sample_ORNA/ORNA/build/CMakeFiles/CMakeTmp

Run Build Command:"/usr/bin/make" "cmTryCompileExec4261421964/fast"
/usr/bin/make -f CMakeFiles/cmTryCompileExec4261421964.dir/build.make CMakeFiles/cmTryCompileExec4261421964.dir/build
make[1]: Entering directory '/MMCI/MS/DeNovoAssembly2/work/ReREAD/Sample_ORNA/ORNA/build/CMakeFiles/CMakeTmp'
/usr/bin/cmake -E cmake_progress_report /MMCI/MS/DeNovoAssembly2/work/ReREAD/Sample_ORNA/ORNA/build/CMakeFiles/CMakeTmp/CMakeFiles 1
Building C object CMakeFiles/cmTryCompileExec4261421964.dir/HDF5Tests.c.o
/usr/bin/cc   -msse2 -msse4.2 -mpopcnt -DHAVE_STRUCT_VIDEOCONFIG  -DHAVE_SYS_TIME_H -DHAVE_UNISTD_H -DHAVE_SYS_TYPES_H -DHAVE_SYS_SOCKET_H -D_FILE_OFFSET_BITS=64 -D_LARGEFILE64_SOURCE -D_LARGEFILE_SOURCE   -o CMakeFiles/cmTryCompileExec4261421964.dir/HDF5Tests.c.o   -c /MMCI/MS/DeNovoAssembly2/work/ReREAD/Sample_ORNA/ORNA/thirdparty/gatb-core/thirdparty/hdf5/config/cmake/HDF5Tests.c
/MMCI/MS/DeNovoAssembly2/work/ReREAD/Sample_ORNA/ORNA/thirdparty/gatb-core/thirdparty/hdf5/config/cmake/HDF5Tests.c: In function ‘main’:
/MMCI/MS/DeNovoAssembly2/work/ReREAD/Sample_ORNA/ORNA/thirdparty/gatb-core/thirdparty/hdf5/config/cmake/HDF5Tests.c:471:32: error: storage size of ‘w’ isn’t known
 SIMPLE_TEST(struct videoconfig w; w.numtextcols=0);
                                ^
/MMCI/MS/DeNovoAssembly2/work/ReREAD/Sample_ORNA/ORNA/thirdparty/gatb-core/thirdparty/hdf5/config/cmake/HDF5Tests.c:1:36: note: in definition of macro ‘SIMPLE_TEST’
 #define SIMPLE_TEST(x) int main(){ x; return 0; }
                                    ^
CMakeFiles/cmTryCompileExec4261421964.dir/build.make:57: recipe for target 'CMakeFiles/cmTryCompileExec4261421964.dir/HDF5Tests.c.o' failed
make[1]: Leaving directory '/MMCI/MS/DeNovoAssembly2/work/ReREAD/Sample_ORNA/ORNA/build/CMakeFiles/CMakeTmp'
make[1]: *** [CMakeFiles/cmTryCompileExec4261421964.dir/HDF5Tests.c.o] Error 1
Makefile:118: recipe for target 'cmTryCompileExec4261421964/fast' failed
make: *** [cmTryCompileExec4261421964/fast] Error 2

Performing Other Test HAVE_STRUCT_TEXT_INFO failed with the following output:
Change Dir: /MMCI/MS/DeNovoAssembly2/work/ReREAD/Sample_ORNA/ORNA/build/CMakeFiles/CMakeTmp

Run Build Command:"/usr/bin/make" "cmTryCompileExec3138406870/fast"
/usr/bin/make -f CMakeFiles/cmTryCompileExec3138406870.dir/build.make CMakeFiles/cmTryCompileExec3138406870.dir/build
make[1]: Entering directory '/MMCI/MS/DeNovoAssembly2/work/ReREAD/Sample_ORNA/ORNA/build/CMakeFiles/CMakeTmp'
/usr/bin/cmake -E cmake_progress_report /MMCI/MS/DeNovoAssembly2/work/ReREAD/Sample_ORNA/ORNA/build/CMakeFiles/CMakeTmp/CMakeFiles 1
Building C object CMakeFiles/cmTryCompileExec3138406870.dir/HDF5Tests.c.o
/usr/bin/cc   -msse2 -msse4.2 -mpopcnt -DHAVE_STRUCT_TEXT_INFO  -DHAVE_SYS_TIME_H -DHAVE_UNISTD_H -DHAVE_SYS_TYPES_H -DHAVE_SYS_SOCKET_H -D_FILE_OFFSET_BITS=64 -D_LARGEFILE64_SOURCE -D_LARGEFILE_SOURCE   -o CMakeFiles/cmTryCompileExec3138406870.dir/HDF5Tests.c.o   -c /MMCI/MS/DeNovoAssembly2/work/ReREAD/Sample_ORNA/ORNA/thirdparty/gatb-core/thirdparty/hdf5/config/cmake/HDF5Tests.c
/MMCI/MS/DeNovoAssembly2/work/ReREAD/Sample_ORNA/ORNA/thirdparty/gatb-core/thirdparty/hdf5/config/cmake/HDF5Tests.c: In function ‘main’:
/MMCI/MS/DeNovoAssembly2/work/ReREAD/Sample_ORNA/ORNA/thirdparty/gatb-core/thirdparty/hdf5/config/cmake/HDF5Tests.c:477:30: error: storage size of ‘w’ isn’t known
 SIMPLE_TEST(struct text_info w; w.screenwidth=0);
                              ^
/MMCI/MS/DeNovoAssembly2/work/ReREAD/Sample_ORNA/ORNA/thirdparty/gatb-core/thirdparty/hdf5/config/cmake/HDF5Tests.c:1:36: note: in definition of macro ‘SIMPLE_TEST’
 #define SIMPLE_TEST(x) int main(){ x; return 0; }
                                    ^
CMakeFiles/cmTryCompileExec3138406870.dir/build.make:57: recipe for target 'CMakeFiles/cmTryCompileExec3138406870.dir/HDF5Tests.c.o' failed
make[1]: Leaving directory '/MMCI/MS/DeNovoAssembly2/work/ReREAD/Sample_ORNA/ORNA/build/CMakeFiles/CMakeTmp'
make[1]: *** [CMakeFiles/cmTryCompileExec3138406870.dir/HDF5Tests.c.o] Error 1
Makefile:118: recipe for target 'cmTryCompileExec3138406870/fast' failed
make: *** [cmTryCompileExec3138406870/fast] Error 2

Determining if the function _getvideoconfig exists failed with the following output:
Change Dir: /MMCI/MS/DeNovoAssembly2/work/ReREAD/Sample_ORNA/ORNA/build/CMakeFiles/CMakeTmp

Run Build Command:"/usr/bin/make" "cmTryCompileExec2851226278/fast"
/usr/bin/make -f CMakeFiles/cmTryCompileExec2851226278.dir/build.make CMakeFiles/cmTryCompileExec2851226278.dir/build
make[1]: Entering directory '/MMCI/MS/DeNovoAssembly2/work/ReREAD/Sample_ORNA/ORNA/build/CMakeFiles/CMakeTmp'
/usr/bin/cmake -E cmake_progress_report /MMCI/MS/DeNovoAssembly2/work/ReREAD/Sample_ORNA/ORNA/build/CMakeFiles/CMakeTmp/CMakeFiles 1
Building C object CMakeFiles/cmTryCompileExec2851226278.dir/CheckFunctionExists.c.o
/usr/bin/cc  -D_BSD_SOURCE -D_FILE_OFFSET_BITS=64 -D_LARGEFILE64_SOURCE -D_LARGEFILE_SOURCE -msse2 -msse4.2 -mpopcnt -DCHECK_FUNCTION_EXISTS=_getvideoconfig   -o CMakeFiles/cmTryCompileExec2851226278.dir/CheckFunctionExists.c.o   -c /usr/share/cmake-3.0/Modules/CheckFunctionExists.c
Linking C executable cmTryCompileExec2851226278
/usr/bin/cmake -E cmake_link_script CMakeFiles/cmTryCompileExec2851226278.dir/link.txt --verbose=1
/usr/bin/cc   -msse2 -msse4.2 -mpopcnt -DCHECK_FUNCTION_EXISTS=_getvideoconfig    CMakeFiles/cmTryCompileExec2851226278.dir/CheckFunctionExists.c.o  -o cmTryCompileExec2851226278 -rdynamic -lm -ldl 
CMakeFiles/cmTryCompileExec2851226278.dir/CheckFunctionExists.c.o: In function `main':
CheckFunctionExists.c:(.text+0x15): undefined reference to `_getvideoconfig'
collect2: error: ld returned 1 exit status
CMakeFiles/cmTryCompileExec2851226278.dir/build.make:88: recipe for target 'cmTryCompileExec2851226278' failed
make[1]: Leaving directory '/MMCI/MS/DeNovoAssembly2/work/ReREAD/Sample_ORNA/ORNA/build/CMakeFiles/CMakeTmp'
make[1]: *** [cmTryCompileExec2851226278] Error 1
Makefile:118: recipe for target 'cmTryCompileExec2851226278/fast' failed
make: *** [cmTryCompileExec2851226278/fast] Error 2


Determining if the function gettextinfo exists failed with the following output:
Change Dir: /MMCI/MS/DeNovoAssembly2/work/ReREAD/Sample_ORNA/ORNA/build/CMakeFiles/CMakeTmp

Run Build Command:"/usr/bin/make" "cmTryCompileExec379302778/fast"
/usr/bin/make -f CMakeFiles/cmTryCompileExec379302778.dir/build.make CMakeFiles/cmTryCompileExec379302778.dir/build
make[1]: Entering directory '/MMCI/MS/DeNovoAssembly2/work/ReREAD/Sample_ORNA/ORNA/build/CMakeFiles/CMakeTmp'
/usr/bin/cmake -E cmake_progress_report /MMCI/MS/DeNovoAssembly2/work/ReREAD/Sample_ORNA/ORNA/build/CMakeFiles/CMakeTmp/CMakeFiles 1
Building C object CMakeFiles/cmTryCompileExec379302778.dir/CheckFunctionExists.c.o
/usr/bin/cc  -D_BSD_SOURCE -D_FILE_OFFSET_BITS=64 -D_LARGEFILE64_SOURCE -D_LARGEFILE_SOURCE -msse2 -msse4.2 -mpopcnt -DCHECK_FUNCTION_EXISTS=gettextinfo   -o CMakeFiles/cmTryCompileExec379302778.dir/CheckFunctionExists.c.o   -c /usr/share/cmake-3.0/Modules/CheckFunctionExists.c
Linking C executable cmTryCompileExec379302778
/usr/bin/cmake -E cmake_link_script CMakeFiles/cmTryCompileExec379302778.dir/link.txt --verbose=1
/usr/bin/cc   -msse2 -msse4.2 -mpopcnt -DCHECK_FUNCTION_EXISTS=gettextinfo    CMakeFiles/cmTryCompileExec379302778.dir/CheckFunctionExists.c.o  -o cmTryCompileExec379302778 -rdynamic -lm -ldl 
CMakeFiles/cmTryCompileExec379302778.dir/CheckFunctionExists.c.o: In function `main':
CheckFunctionExists.c:(.text+0x15): undefined reference to `gettextinfo'
collect2: error: ld returned 1 exit status
CMakeFiles/cmTryCompileExec379302778.dir/build.make:88: recipe for target 'cmTryCompileExec379302778' failed
make[1]: Leaving directory '/MMCI/MS/DeNovoAssembly2/work/ReREAD/Sample_ORNA/ORNA/build/CMakeFiles/CMakeTmp'
make[1]: *** [cmTryCompileExec379302778] Error 1
Makefile:118: recipe for target 'cmTryCompileExec379302778/fast' failed
make: *** [cmTryCompileExec379302778/fast] Error 2


Determining if the function _scrsize exists failed with the following output:
Change Dir: /MMCI/MS/DeNovoAssembly2/work/ReREAD/Sample_ORNA/ORNA/build/CMakeFiles/CMakeTmp

Run Build Command:"/usr/bin/make" "cmTryCompileExec3433173015/fast"
/usr/bin/make -f CMakeFiles/cmTryCompileExec3433173015.dir/build.make CMakeFiles/cmTryCompileExec3433173015.dir/build
make[1]: Entering directory '/MMCI/MS/DeNovoAssembly2/work/ReREAD/Sample_ORNA/ORNA/build/CMakeFiles/CMakeTmp'
/usr/bin/cmake -E cmake_progress_report /MMCI/MS/DeNovoAssembly2/work/ReREAD/Sample_ORNA/ORNA/build/CMakeFiles/CMakeTmp/CMakeFiles 1
Building C object CMakeFiles/cmTryCompileExec3433173015.dir/CheckFunctionExists.c.o
/usr/bin/cc  -D_BSD_SOURCE -D_FILE_OFFSET_BITS=64 -D_LARGEFILE64_SOURCE -D_LARGEFILE_SOURCE -msse2 -msse4.2 -mpopcnt -DCHECK_FUNCTION_EXISTS=_scrsize   -o CMakeFiles/cmTryCompileExec3433173015.dir/CheckFunctionExists.c.o   -c /usr/share/cmake-3.0/Modules/CheckFunctionExists.c
Linking C executable cmTryCompileExec3433173015
/usr/bin/cmake -E cmake_link_script CMakeFiles/cmTryCompileExec3433173015.dir/link.txt --verbose=1
/usr/bin/cc   -msse2 -msse4.2 -mpopcnt -DCHECK_FUNCTION_EXISTS=_scrsize    CMakeFiles/cmTryCompileExec3433173015.dir/CheckFunctionExists.c.o  -o cmTryCompileExec3433173015 -rdynamic -lm -ldl 
CMakeFiles/cmTryCompileExec3433173015.dir/CheckFunctionExists.c.o: In function `main':
CheckFunctionExists.c:(.text+0x15): undefined reference to `_scrsize'
collect2: error: ld returned 1 exit status
CMakeFiles/cmTryCompileExec3433173015.dir/build.make:88: recipe for target 'cmTryCompileExec3433173015' failed
make[1]: Leaving directory '/MMCI/MS/DeNovoAssembly2/work/ReREAD/Sample_ORNA/ORNA/build/CMakeFiles/CMakeTmp'
make[1]: *** [cmTryCompileExec3433173015] Error 1
Makefile:118: recipe for target 'cmTryCompileExec3433173015/fast' failed
make: *** [cmTryCompileExec3433173015/fast] Error 2


Determining if the function GetConsoleScreenBufferInfo exists failed with the following output:
Change Dir: /MMCI/MS/DeNovoAssembly2/work/ReREAD/Sample_ORNA/ORNA/build/CMakeFiles/CMakeTmp

Run Build Command:"/usr/bin/make" "cmTryCompileExec2539474504/fast"
/usr/bin/make -f CMakeFiles/cmTryCompileExec2539474504.dir/build.make CMakeFiles/cmTryCompileExec2539474504.dir/build
make[1]: Entering directory '/MMCI/MS/DeNovoAssembly2/work/ReREAD/Sample_ORNA/ORNA/build/CMakeFiles/CMakeTmp'
/usr/bin/cmake -E cmake_progress_report /MMCI/MS/DeNovoAssembly2/work/ReREAD/Sample_ORNA/ORNA/build/CMakeFiles/CMakeTmp/CMakeFiles 1
Building C object CMakeFiles/cmTryCompileExec2539474504.dir/CheckFunctionExists.c.o
/usr/bin/cc  -D_BSD_SOURCE -D_FILE_OFFSET_BITS=64 -D_LARGEFILE64_SOURCE -D_LARGEFILE_SOURCE -msse2 -msse4.2 -mpopcnt -DCHECK_FUNCTION_EXISTS=GetConsoleScreenBufferInfo   -o CMakeFiles/cmTryCompileExec2539474504.dir/CheckFunctionExists.c.o   -c /usr/share/cmake-3.0/Modules/CheckFunctionExists.c
Linking C executable cmTryCompileExec2539474504
/usr/bin/cmake -E cmake_link_script CMakeFiles/cmTryCompileExec2539474504.dir/link.txt --verbose=1
/usr/bin/cc   -msse2 -msse4.2 -mpopcnt -DCHECK_FUNCTION_EXISTS=GetConsoleScreenBufferInfo    CMakeFiles/cmTryCompileExec2539474504.dir/CheckFunctionExists.c.o  -o cmTryCompileExec2539474504 -rdynamic -lm -ldl 
CMakeFiles/cmTryCompileExec2539474504.dir/CheckFunctionExists.c.o: In function `main':
CheckFunctionExists.c:(.text+0x15): undefined reference to `GetConsoleScreenBufferInfo'
collect2: error: ld returned 1 exit status
CMakeFiles/cmTryCompileExec2539474504.dir/build.make:88: recipe for target 'cmTryCompileExec2539474504' failed
make[1]: Leaving directory '/MMCI/MS/DeNovoAssembly2/work/ReREAD/Sample_ORNA/ORNA/build/CMakeFiles/CMakeTmp'
make[1]: *** [cmTryCompileExec2539474504] Error 1
Makefile:118: recipe for target 'cmTryCompileExec2539474504/fast' failed
make: *** [cmTryCompileExec2539474504/fast] Error 2


Determining if the function setsysinfo exists failed with the following output:
Change Dir: /MMCI/MS/DeNovoAssembly2/work/ReREAD/Sample_ORNA/ORNA/build/CMakeFiles/CMakeTmp

Run Build Command:"/usr/bin/make" "cmTryCompileExec3723245794/fast"
/usr/bin/make -f CMakeFiles/cmTryCompileExec3723245794.dir/build.make CMakeFiles/cmTryCompileExec3723245794.dir/build
make[1]: Entering directory '/MMCI/MS/DeNovoAssembly2/work/ReREAD/Sample_ORNA/ORNA/build/CMakeFiles/CMakeTmp'
/usr/bin/cmake -E cmake_progress_report /MMCI/MS/DeNovoAssembly2/work/ReREAD/Sample_ORNA/ORNA/build/CMakeFiles/CMakeTmp/CMakeFiles 1
Building C object CMakeFiles/cmTryCompileExec3723245794.dir/CheckFunctionExists.c.o
/usr/bin/cc  -D_BSD_SOURCE -D_FILE_OFFSET_BITS=64 -D_LARGEFILE64_SOURCE -D_LARGEFILE_SOURCE -msse2 -msse4.2 -mpopcnt -DCHECK_FUNCTION_EXISTS=setsysinfo   -o CMakeFiles/cmTryCompileExec3723245794.dir/CheckFunctionExists.c.o   -c /usr/share/cmake-3.0/Modules/CheckFunctionExists.c
Linking C executable cmTryCompileExec3723245794
/usr/bin/cmake -E cmake_link_script CMakeFiles/cmTryCompileExec3723245794.dir/link.txt --verbose=1
/usr/bin/cc   -msse2 -msse4.2 -mpopcnt -DCHECK_FUNCTION_EXISTS=setsysinfo    CMakeFiles/cmTryCompileExec3723245794.dir/CheckFunctionExists.c.o  -o cmTryCompileExec3723245794 -rdynamic -lm -ldl 
CMakeFiles/cmTryCompileExec3723245794.dir/CheckFunctionExists.c.o: In function `main':
CheckFunctionExists.c:(.text+0x15): undefined reference to `setsysinfo'
collect2: error: ld returned 1 exit status
CMakeFiles/cmTryCompileExec3723245794.dir/build.make:88: recipe for target 'cmTryCompileExec3723245794' failed
make[1]: Leaving directory '/MMCI/MS/DeNovoAssembly2/work/ReREAD/Sample_ORNA/ORNA/build/CMakeFiles/CMakeTmp'
make[1]: *** [cmTryCompileExec3723245794] Error 1
Makefile:118: recipe for target 'cmTryCompileExec3723245794/fast' failed
make: *** [cmTryCompileExec3723245794/fast] Error 2


Determining if the function sigsetjmp exists failed with the following output:
Change Dir: /MMCI/MS/DeNovoAssembly2/work/ReREAD/Sample_ORNA/ORNA/build/CMakeFiles/CMakeTmp

Run Build Command:"/usr/bin/make" "cmTryCompileExec18557887/fast"
/usr/bin/make -f CMakeFiles/cmTryCompileExec18557887.dir/build.make CMakeFiles/cmTryCompileExec18557887.dir/build
make[1]: Entering directory '/MMCI/MS/DeNovoAssembly2/work/ReREAD/Sample_ORNA/ORNA/build/CMakeFiles/CMakeTmp'
/usr/bin/cmake -E cmake_progress_report /MMCI/MS/DeNovoAssembly2/work/ReREAD/Sample_ORNA/ORNA/build/CMakeFiles/CMakeTmp/CMakeFiles 1
Building C object CMakeFiles/cmTryCompileExec18557887.dir/CheckFunctionExists.c.o
/usr/bin/cc  -D_BSD_SOURCE -D_FILE_OFFSET_BITS=64 -D_LARGEFILE64_SOURCE -D_LARGEFILE_SOURCE -msse2 -msse4.2 -mpopcnt -DCHECK_FUNCTION_EXISTS=sigsetjmp   -o CMakeFiles/cmTryCompileExec18557887.dir/CheckFunctionExists.c.o   -c /usr/share/cmake-3.0/Modules/CheckFunctionExists.c
Linking C executable cmTryCompileExec18557887
/usr/bin/cmake -E cmake_link_script CMakeFiles/cmTryCompileExec18557887.dir/link.txt --verbose=1
/usr/bin/cc   -msse2 -msse4.2 -mpopcnt -DCHECK_FUNCTION_EXISTS=sigsetjmp    CMakeFiles/cmTryCompileExec18557887.dir/CheckFunctionExists.c.o  -o cmTryCompileExec18557887 -rdynamic -lm -ldl 
CMakeFiles/cmTryCompileExec18557887.dir/CheckFunctionExists.c.o: In function `main':
CheckFunctionExists.c:(.text+0x15): undefined reference to `sigsetjmp'
collect2: error: ld returned 1 exit status
CMakeFiles/cmTryCompileExec18557887.dir/build.make:88: recipe for target 'cmTryCompileExec18557887' failed
make[1]: Leaving directory '/MMCI/MS/DeNovoAssembly2/work/ReREAD/Sample_ORNA/ORNA/build/CMakeFiles/CMakeTmp'
make[1]: *** [cmTryCompileExec18557887] Error 1
Makefile:118: recipe for target 'cmTryCompileExec18557887/fast' failed
make: *** [cmTryCompileExec18557887/fast] Error 2


Performing CXX Test OLD_HEADER_FILENAME failed with the following output:
Change Dir: /MMCI/MS/DeNovoAssembly2/work/ReREAD/Sample_ORNA/ORNA/build/CMakeFiles/CMakeTmp

Run Build Command:"/usr/bin/make" "cmTryCompileExec800951886/fast"
/usr/bin/make -f CMakeFiles/cmTryCompileExec800951886.dir/build.make CMakeFiles/cmTryCompileExec800951886.dir/build
make[1]: Entering directory '/MMCI/MS/DeNovoAssembly2/work/ReREAD/Sample_ORNA/ORNA/build/CMakeFiles/CMakeTmp'
/usr/bin/cmake -E cmake_progress_report /MMCI/MS/DeNovoAssembly2/work/ReREAD/Sample_ORNA/ORNA/build/CMakeFiles/CMakeTmp/CMakeFiles 1
Building CXX object CMakeFiles/cmTryCompileExec800951886.dir/HDF5CXXTests.cpp.o
/usr/bin/c++    -msse2 -msse4.2 -mpopcnt -DOLD_HEADER_FILENAME  -DHAVE_SYS_TIME_H -DHAVE_UNISTD_H -DHAVE_SYS_TYPES_H -DHAVE_SYS_SOCKET_H -D_FILE_OFFSET_BITS=64 -D_LARGEFILE64_SOURCE -D_LARGEFILE_SOURCE   -o CMakeFiles/cmTryCompileExec800951886.dir/HDF5CXXTests.cpp.o -c /MMCI/MS/DeNovoAssembly2/work/ReREAD/Sample_ORNA/ORNA/thirdparty/gatb-core/thirdparty/hdf5/config/cmake/HDF5CXXTests.cpp
Linking CXX executable cmTryCompileExec800951886
/usr/bin/cmake -E cmake_link_script CMakeFiles/cmTryCompileExec800951886.dir/link.txt --verbose=1
/usr/bin/c++    -msse2 -msse4.2 -mpopcnt -DOLD_HEADER_FILENAME  -DHAVE_SYS_TIME_H -DHAVE_UNISTD_H -DHAVE_SYS_TYPES_H -DHAVE_SYS_SOCKET_H -D_FILE_OFFSET_BITS=64 -D_LARGEFILE64_SOURCE -D_LARGEFILE_SOURCE    CMakeFiles/cmTryCompileExec800951886.dir/HDF5CXXTests.cpp.o  -o cmTryCompileExec800951886 -rdynamic -lm -ldl 
make[1]: Leaving directory '/MMCI/MS/DeNovoAssembly2/work/ReREAD/Sample_ORNA/ORNA/build/CMakeFiles/CMakeTmp'

Performing CXX Test H5_NO_NAMESPACE failed with the following output:
Change Dir: /MMCI/MS/DeNovoAssembly2/work/ReREAD/Sample_ORNA/ORNA/build/CMakeFiles/CMakeTmp

Run Build Command:"/usr/bin/make" "cmTryCompileExec98410621/fast"
/usr/bin/make -f CMakeFiles/cmTryCompileExec98410621.dir/build.make CMakeFiles/cmTryCompileExec98410621.dir/build
make[1]: Entering directory '/MMCI/MS/DeNovoAssembly2/work/ReREAD/Sample_ORNA/ORNA/build/CMakeFiles/CMakeTmp'
/usr/bin/cmake -E cmake_progress_report /MMCI/MS/DeNovoAssembly2/work/ReREAD/Sample_ORNA/ORNA/build/CMakeFiles/CMakeTmp/CMakeFiles 1
Building CXX object CMakeFiles/cmTryCompileExec98410621.dir/HDF5CXXTests.cpp.o
/usr/bin/c++    -msse2 -msse4.2 -mpopcnt -DH5_NO_NAMESPACE  -DHAVE_SYS_TIME_H -DHAVE_UNISTD_H -DHAVE_SYS_TYPES_H -DHAVE_SYS_SOCKET_H -D_FILE_OFFSET_BITS=64 -D_LARGEFILE64_SOURCE -D_LARGEFILE_SOURCE   -o CMakeFiles/cmTryCompileExec98410621.dir/HDF5CXXTests.cpp.o -c /MMCI/MS/DeNovoAssembly2/work/ReREAD/Sample_ORNA/ORNA/thirdparty/gatb-core/thirdparty/hdf5/config/cmake/HDF5CXXTests.cpp
Linking CXX executable cmTryCompileExec98410621
/usr/bin/cmake -E cmake_link_script CMakeFiles/cmTryCompileExec98410621.dir/link.txt --verbose=1
/usr/bin/c++    -msse2 -msse4.2 -mpopcnt -DH5_NO_NAMESPACE  -DHAVE_SYS_TIME_H -DHAVE_UNISTD_H -DHAVE_SYS_TYPES_H -DHAVE_SYS_SOCKET_H -D_FILE_OFFSET_BITS=64 -D_LARGEFILE64_SOURCE -D_LARGEFILE_SOURCE    CMakeFiles/cmTryCompileExec98410621.dir/HDF5CXXTests.cpp.o  -o cmTryCompileExec98410621 -rdynamic -lm -ldl 
make[1]: Leaving directory '/MMCI/MS/DeNovoAssembly2/work/ReREAD/Sample_ORNA/ORNA/build/CMakeFiles/CMakeTmp'

Performing CXX Test H5_NO_STD failed with the following output:
Change Dir: /MMCI/MS/DeNovoAssembly2/work/ReREAD/Sample_ORNA/ORNA/build/CMakeFiles/CMakeTmp

Run Build Command:"/usr/bin/make" "cmTryCompileExec969032973/fast"
/usr/bin/make -f CMakeFiles/cmTryCompileExec969032973.dir/build.make CMakeFiles/cmTryCompileExec969032973.dir/build
make[1]: Entering directory '/MMCI/MS/DeNovoAssembly2/work/ReREAD/Sample_ORNA/ORNA/build/CMakeFiles/CMakeTmp'
/usr/bin/cmake -E cmake_progress_report /MMCI/MS/DeNovoAssembly2/work/ReREAD/Sample_ORNA/ORNA/build/CMakeFiles/CMakeTmp/CMakeFiles 1
Building CXX object CMakeFiles/cmTryCompileExec969032973.dir/HDF5CXXTests.cpp.o
/usr/bin/c++    -msse2 -msse4.2 -mpopcnt -DH5_NO_STD  -DHAVE_SYS_TIME_H -DHAVE_UNISTD_H -DHAVE_SYS_TYPES_H -DHAVE_SYS_SOCKET_H -D_FILE_OFFSET_BITS=64 -D_LARGEFILE64_SOURCE -D_LARGEFILE_SOURCE   -o CMakeFiles/cmTryCompileExec969032973.dir/HDF5CXXTests.cpp.o -c /MMCI/MS/DeNovoAssembly2/work/ReREAD/Sample_ORNA/ORNA/thirdparty/gatb-core/thirdparty/hdf5/config/cmake/HDF5CXXTests.cpp
Linking CXX executable cmTryCompileExec969032973
/usr/bin/cmake -E cmake_link_script CMakeFiles/cmTryCompileExec969032973.dir/link.txt --verbose=1
/usr/bin/c++    -msse2 -msse4.2 -mpopcnt -DH5_NO_STD  -DHAVE_SYS_TIME_H -DHAVE_UNISTD_H -DHAVE_SYS_TYPES_H -DHAVE_SYS_SOCKET_H -D_FILE_OFFSET_BITS=64 -D_LARGEFILE64_SOURCE -D_LARGEFILE_SOURCE    CMakeFiles/cmTryCompileExec969032973.dir/HDF5CXXTests.cpp.o  -o cmTryCompileExec969032973 -rdynamic -lm -ldl 
make[1]: Leaving directory '/MMCI/MS/DeNovoAssembly2/work/ReREAD/Sample_ORNA/ORNA/build/CMakeFiles/CMakeTmp'

Performing CXX Test BOOL_NOTDEFINED failed with the following output:
Change Dir: /MMCI/MS/DeNovoAssembly2/work/ReREAD/Sample_ORNA/ORNA/build/CMakeFiles/CMakeTmp

Run Build Command:"/usr/bin/make" "cmTryCompileExec3530767867/fast"
/usr/bin/make -f CMakeFiles/cmTryCompileExec3530767867.dir/build.make CMakeFiles/cmTryCompileExec3530767867.dir/build
make[1]: Entering directory '/MMCI/MS/DeNovoAssembly2/work/ReREAD/Sample_ORNA/ORNA/build/CMakeFiles/CMakeTmp'
/usr/bin/cmake -E cmake_progress_report /MMCI/MS/DeNovoAssembly2/work/ReREAD/Sample_ORNA/ORNA/build/CMakeFiles/CMakeTmp/CMakeFiles 1
Building CXX object CMakeFiles/cmTryCompileExec3530767867.dir/HDF5CXXTests.cpp.o
/usr/bin/c++    -msse2 -msse4.2 -mpopcnt -DBOOL_NOTDEFINED  -DHAVE_SYS_TIME_H -DHAVE_UNISTD_H -DHAVE_SYS_TYPES_H -DHAVE_SYS_SOCKET_H -D_FILE_OFFSET_BITS=64 -D_LARGEFILE64_SOURCE -D_LARGEFILE_SOURCE   -o CMakeFiles/cmTryCompileExec3530767867.dir/HDF5CXXTests.cpp.o -c /MMCI/MS/DeNovoAssembly2/work/ReREAD/Sample_ORNA/ORNA/thirdparty/gatb-core/thirdparty/hdf5/config/cmake/HDF5CXXTests.cpp
Linking CXX executable cmTryCompileExec3530767867
/usr/bin/cmake -E cmake_link_script CMakeFiles/cmTryCompileExec3530767867.dir/link.txt --verbose=1
/usr/bin/c++    -msse2 -msse4.2 -mpopcnt -DBOOL_NOTDEFINED  -DHAVE_SYS_TIME_H -DHAVE_UNISTD_H -DHAVE_SYS_TYPES_H -DHAVE_SYS_SOCKET_H -D_FILE_OFFSET_BITS=64 -D_LARGEFILE64_SOURCE -D_LARGEFILE_SOURCE    CMakeFiles/cmTryCompileExec3530767867.dir/HDF5CXXTests.cpp.o  -o cmTryCompileExec3530767867 -rdynamic -lm -ldl 
make[1]: Leaving directory '/MMCI/MS/DeNovoAssembly2/work/ReREAD/Sample_ORNA/ORNA/build/CMakeFiles/CMakeTmp'

Performing CXX Test NO_STATIC_CAST failed with the following output:
Change Dir: /MMCI/MS/DeNovoAssembly2/work/ReREAD/Sample_ORNA/ORNA/build/CMakeFiles/CMakeTmp

Run Build Command:"/usr/bin/make" "cmTryCompileExec1781984533/fast"
/usr/bin/make -f CMakeFiles/cmTryCompileExec1781984533.dir/build.make CMakeFiles/cmTryCompileExec1781984533.dir/build
make[1]: Entering directory '/MMCI/MS/DeNovoAssembly2/work/ReREAD/Sample_ORNA/ORNA/build/CMakeFiles/CMakeTmp'
/usr/bin/cmake -E cmake_progress_report /MMCI/MS/DeNovoAssembly2/work/ReREAD/Sample_ORNA/ORNA/build/CMakeFiles/CMakeTmp/CMakeFiles 1
Building CXX object CMakeFiles/cmTryCompileExec1781984533.dir/HDF5CXXTests.cpp.o
/usr/bin/c++    -msse2 -msse4.2 -mpopcnt -DNO_STATIC_CAST  -DHAVE_SYS_TIME_H -DHAVE_UNISTD_H -DHAVE_SYS_TYPES_H -DHAVE_SYS_SOCKET_H -D_FILE_OFFSET_BITS=64 -D_LARGEFILE64_SOURCE -D_LARGEFILE_SOURCE   -o CMakeFiles/cmTryCompileExec1781984533.dir/HDF5CXXTests.cpp.o -c /MMCI/MS/DeNovoAssembly2/work/ReREAD/Sample_ORNA/ORNA/thirdparty/gatb-core/thirdparty/hdf5/config/cmake/HDF5CXXTests.cpp
Linking CXX executable cmTryCompileExec1781984533
/usr/bin/cmake -E cmake_link_script CMakeFiles/cmTryCompileExec1781984533.dir/link.txt --verbose=1
/usr/bin/c++    -msse2 -msse4.2 -mpopcnt -DNO_STATIC_CAST  -DHAVE_SYS_TIME_H -DHAVE_UNISTD_H -DHAVE_SYS_TYPES_H -DHAVE_SYS_SOCKET_H -D_FILE_OFFSET_BITS=64 -D_LARGEFILE64_SOURCE -D_LARGEFILE_SOURCE    CMakeFiles/cmTryCompileExec1781984533.dir/HDF5CXXTests.cpp.o  -o cmTryCompileExec1781984533 -rdynamic -lm -ldl 
make[1]: Leaving directory '/MMCI/MS/DeNovoAssembly2/work/ReREAD/Sample_ORNA/ORNA/build/CMakeFiles/CMakeTmp'

Test H5_ULONG_TO_FP_BOTTOM_BIT_ACCURATE Run failed with the following output and exit code:
 Change Dir: /MMCI/MS/DeNovoAssembly2/work/ReREAD/Sample_ORNA/ORNA/build/ext/gatb-core/thirdparty/hdf5/CMake/CMakeFiles/CMakeTmp

Run Build Command:"/usr/bin/make" "cmTryCompileExec3485278937/fast"
/usr/bin/make -f CMakeFiles/cmTryCompileExec3485278937.dir/build.make CMakeFiles/cmTryCompileExec3485278937.dir/build
make[1]: Entering directory '/MMCI/MS/DeNovoAssembly2/work/ReREAD/Sample_ORNA/ORNA/build/ext/gatb-core/thirdparty/hdf5/CMake/CMakeFiles/CMakeTmp'
/usr/bin/cmake -E cmake_progress_report /MMCI/MS/DeNovoAssembly2/work/ReREAD/Sample_ORNA/ORNA/build/ext/gatb-core/thirdparty/hdf5/CMake/CMakeFiles/CMakeTmp/CMakeFiles 1
Building C object CMakeFiles/cmTryCompileExec3485278937.dir/ConversionTests.c.o
/usr/bin/cc   -msse2 -msse4.2 -mpopcnt -DH5_ULONG_TO_FP_BOTTOM_BIT_ACCURATE_TEST   -o CMakeFiles/cmTryCompileExec3485278937.dir/ConversionTests.c.o   -c /MMCI/MS/DeNovoAssembly2/work/ReREAD/Sample_ORNA/ORNA/thirdparty/gatb-core/thirdparty/hdf5/config/cmake/ConversionTests.c
/MMCI/MS/DeNovoAssembly2/work/ReREAD/Sample_ORNA/ORNA/thirdparty/gatb-core/thirdparty/hdf5/config/cmake/ConversionTests.c: In function ‘main’:
/MMCI/MS/DeNovoAssembly2/work/ReREAD/Sample_ORNA/ORNA/thirdparty/gatb-core/thirdparty/hdf5/config/cmake/ConversionTests.c:420:5: warning: incompatible implicit declaration of built-in function ‘exit’
     exit(ret);
     ^
Linking C executable cmTryCompileExec3485278937
/usr/bin/cmake -E cmake_link_script CMakeFiles/cmTryCompileExec3485278937.dir/link.txt --verbose=1
/usr/bin/cc   -msse2 -msse4.2 -mpopcnt -DH5_ULONG_TO_FP_BOTTOM_BIT_ACCURATE_TEST    CMakeFiles/cmTryCompileExec3485278937.dir/ConversionTests.c.o  -o cmTryCompileExec3485278937 -rdynamic 
make[1]: Leaving directory '/MMCI/MS/DeNovoAssembly2/work/ReREAD/Sample_ORNA/ORNA/build/ext/gatb-core/thirdparty/hdf5/CMake/CMakeFiles/CMakeTmp'

