Determining if the function WSAStartup exists in the ws2_32;m;dl failed with the following output:
Change Dir: /MMCI/MS/DeNovoAssembly2/work/ReREAD/Sample_ORNA/ORNA/thirdparty/gatb-core/thirdparty/hdf5/build/CMakeFiles/CMakeTmp

Run Build Command:"/usr/bin/make" "cmTryCompileExec94479780/fast"
/usr/bin/make -f CMakeFiles/cmTryCompileExec94479780.dir/build.make CMakeFiles/cmTryCompileExec94479780.dir/build
make[1]: Entering directory '/MMCI/MS/DeNovoAssembly2/work/ReREAD/Sample_ORNA/ORNA/thirdparty/gatb-core/thirdparty/hdf5/build/CMakeFiles/CMakeTmp'
/usr/bin/cmake -E cmake_progress_report /MMCI/MS/DeNovoAssembly2/work/ReREAD/Sample_ORNA/ORNA/thirdparty/gatb-core/thirdparty/hdf5/build/CMakeFiles/CMakeTmp/CMakeFiles 1
Building C object CMakeFiles/cmTryCompileExec94479780.dir/CheckFunctionExists.c.o
/usr/bin/cc   -DCHECK_FUNCTION_EXISTS=WSAStartup   -o CMakeFiles/cmTryCompileExec94479780.dir/CheckFunctionExists.c.o   -c /usr/share/cmake-3.0/Modules/CheckFunctionExists.c
Linking C executable cmTryCompileExec94479780
/usr/bin/cmake -E cmake_link_script CMakeFiles/cmTryCompileExec94479780.dir/link.txt --verbose=1
/usr/bin/cc   -DCHECK_FUNCTION_EXISTS=WSAStartup    CMakeFiles/cmTryCompileExec94479780.dir/CheckFunctionExists.c.o  -o cmTryCompileExec94479780 -rdynamic -lws2_32 -lm -ldl 
/usr/bin/ld: cannot find -lws2_32
collect2: error: ld returned 1 exit status
CMakeFiles/cmTryCompileExec94479780.dir/build.make:88: recipe for target 'cmTryCompileExec94479780' failed
make[1]: *** [cmTryCompileExec94479780] Error 1
make[1]: Leaving directory '/MMCI/MS/DeNovoAssembly2/work/ReREAD/Sample_ORNA/ORNA/thirdparty/gatb-core/thirdparty/hdf5/build/CMakeFiles/CMakeTmp'
Makefile:118: recipe for target 'cmTryCompileExec94479780/fast' failed
make: *** [cmTryCompileExec94479780/fast] Error 2


Determining if the function gethostbyname exists in the wsock32;m;dl failed with the following output:
Change Dir: /MMCI/MS/DeNovoAssembly2/work/ReREAD/Sample_ORNA/ORNA/thirdparty/gatb-core/thirdparty/hdf5/build/CMakeFiles/CMakeTmp

Run Build Command:"/usr/bin/make" "cmTryCompileExec537118086/fast"
/usr/bin/make -f CMakeFiles/cmTryCompileExec537118086.dir/build.make CMakeFiles/cmTryCompileExec537118086.dir/build
make[1]: Entering directory '/MMCI/MS/DeNovoAssembly2/work/ReREAD/Sample_ORNA/ORNA/thirdparty/gatb-core/thirdparty/hdf5/build/CMakeFiles/CMakeTmp'
/usr/bin/cmake -E cmake_progress_report /MMCI/MS/DeNovoAssembly2/work/ReREAD/Sample_ORNA/ORNA/thirdparty/gatb-core/thirdparty/hdf5/build/CMakeFiles/CMakeTmp/CMakeFiles 1
Building C object CMakeFiles/cmTryCompileExec537118086.dir/CheckFunctionExists.c.o
/usr/bin/cc   -DCHECK_FUNCTION_EXISTS=gethostbyname   -o CMakeFiles/cmTryCompileExec537118086.dir/CheckFunctionExists.c.o   -c /usr/share/cmake-3.0/Modules/CheckFunctionExists.c
Linking C executable cmTryCompileExec537118086
/usr/bin/cmake -E cmake_link_script CMakeFiles/cmTryCompileExec537118086.dir/link.txt --verbose=1
/usr/bin/cc   -DCHECK_FUNCTION_EXISTS=gethostbyname    CMakeFiles/cmTryCompileExec537118086.dir/CheckFunctionExists.c.o  -o cmTryCompileExec537118086 -rdynamic -lwsock32 -lm -ldl 
/usr/bin/ld: cannot find -lwsock32
collect2: error: ld returned 1 exit status
CMakeFiles/cmTryCompileExec537118086.dir/build.make:88: recipe for target 'cmTryCompileExec537118086' failed
make[1]: Leaving directory '/MMCI/MS/DeNovoAssembly2/work/ReREAD/Sample_ORNA/ORNA/thirdparty/gatb-core/thirdparty/hdf5/build/CMakeFiles/CMakeTmp'
make[1]: *** [cmTryCompileExec537118086] Error 1
Makefile:118: recipe for target 'cmTryCompileExec537118086/fast' failed
make: *** [cmTryCompileExec537118086/fast] Error 2


Determining if the function gethostname exists in the ucb;m;dl failed with the following output:
Change Dir: /MMCI/MS/DeNovoAssembly2/work/ReREAD/Sample_ORNA/ORNA/thirdparty/gatb-core/thirdparty/hdf5/build/CMakeFiles/CMakeTmp

Run Build Command:"/usr/bin/make" "cmTryCompileExec3788200636/fast"
/usr/bin/make -f CMakeFiles/cmTryCompileExec3788200636.dir/build.make CMakeFiles/cmTryCompileExec3788200636.dir/build
make[1]: Entering directory '/MMCI/MS/DeNovoAssembly2/work/ReREAD/Sample_ORNA/ORNA/thirdparty/gatb-core/thirdparty/hdf5/build/CMakeFiles/CMakeTmp'
/usr/bin/cmake -E cmake_progress_report /MMCI/MS/DeNovoAssembly2/work/ReREAD/Sample_ORNA/ORNA/thirdparty/gatb-core/thirdparty/hdf5/build/CMakeFiles/CMakeTmp/CMakeFiles 1
Building C object CMakeFiles/cmTryCompileExec3788200636.dir/CheckFunctionExists.c.o
/usr/bin/cc   -DCHECK_FUNCTION_EXISTS=gethostname   -o CMakeFiles/cmTryCompileExec3788200636.dir/CheckFunctionExists.c.o   -c /usr/share/cmake-3.0/Modules/CheckFunctionExists.c
Linking C executable cmTryCompileExec3788200636
/usr/bin/cmake -E cmake_link_script CMakeFiles/cmTryCompileExec3788200636.dir/link.txt --verbose=1
/usr/bin/cc   -DCHECK_FUNCTION_EXISTS=gethostname    CMakeFiles/cmTryCompileExec3788200636.dir/CheckFunctionExists.c.o  -o cmTryCompileExec3788200636 -rdynamic -lucb -lm -ldl 
/usr/bin/ld: cannot find -lucb
collect2: error: ld returned 1 exit status
CMakeFiles/cmTryCompileExec3788200636.dir/build.make:88: recipe for target 'cmTryCompileExec3788200636' failed
make[1]: *** [cmTryCompileExec3788200636] Error 1
make[1]: Leaving directory '/MMCI/MS/DeNovoAssembly2/work/ReREAD/Sample_ORNA/ORNA/thirdparty/gatb-core/thirdparty/hdf5/build/CMakeFiles/CMakeTmp'
Makefile:118: recipe for target 'cmTryCompileExec3788200636/fast' failed
make: *** [cmTryCompileExec3788200636/fast] Error 2


Determining if the function connect exists in the socket;m;dl failed with the following output:
Change Dir: /MMCI/MS/DeNovoAssembly2/work/ReREAD/Sample_ORNA/ORNA/thirdparty/gatb-core/thirdparty/hdf5/build/CMakeFiles/CMakeTmp

Run Build Command:"/usr/bin/make" "cmTryCompileExec2726211531/fast"
/usr/bin/make -f CMakeFiles/cmTryCompileExec2726211531.dir/build.make CMakeFiles/cmTryCompileExec2726211531.dir/build
make[1]: Entering directory '/MMCI/MS/DeNovoAssembly2/work/ReREAD/Sample_ORNA/ORNA/thirdparty/gatb-core/thirdparty/hdf5/build/CMakeFiles/CMakeTmp'
/usr/bin/cmake -E cmake_progress_report /MMCI/MS/DeNovoAssembly2/work/ReREAD/Sample_ORNA/ORNA/thirdparty/gatb-core/thirdparty/hdf5/build/CMakeFiles/CMakeTmp/CMakeFiles 1
Building C object CMakeFiles/cmTryCompileExec2726211531.dir/CheckFunctionExists.c.o
/usr/bin/cc   -DCHECK_FUNCTION_EXISTS=connect   -o CMakeFiles/cmTryCompileExec2726211531.dir/CheckFunctionExists.c.o   -c /usr/share/cmake-3.0/Modules/CheckFunctionExists.c
Linking C executable cmTryCompileExec2726211531
/usr/bin/cmake -E cmake_link_script CMakeFiles/cmTryCompileExec2726211531.dir/link.txt --verbose=1
/usr/bin/cc   -DCHECK_FUNCTION_EXISTS=connect    CMakeFiles/cmTryCompileExec2726211531.dir/CheckFunctionExists.c.o  -o cmTryCompileExec2726211531 -rdynamic -lsocket -lm -ldl 
/usr/bin/ld: cannot find -lsocket
collect2: error: ld returned 1 exit status
CMakeFiles/cmTryCompileExec2726211531.dir/build.make:88: recipe for target 'cmTryCompileExec2726211531' failed
make[1]: Leaving directory '/MMCI/MS/DeNovoAssembly2/work/ReREAD/Sample_ORNA/ORNA/thirdparty/gatb-core/thirdparty/hdf5/build/CMakeFiles/CMakeTmp'
make[1]: *** [cmTryCompileExec2726211531] Error 1
Makefile:118: recipe for target 'cmTryCompileExec2726211531/fast' failed
make: *** [cmTryCompileExec2726211531/fast] Error 2


Determining if the system is big endian passed with the following output:
Change Dir: /MMCI/MS/DeNovoAssembly2/work/ReREAD/Sample_ORNA/ORNA/thirdparty/gatb-core/thirdparty/hdf5/build/CMakeFiles/CMakeTmp

Run Build Command:"/usr/bin/make" "cmTryCompileExec1599273432/fast"
/usr/bin/make -f CMakeFiles/cmTryCompileExec1599273432.dir/build.make CMakeFiles/cmTryCompileExec1599273432.dir/build
make[1]: Entering directory '/MMCI/MS/DeNovoAssembly2/work/ReREAD/Sample_ORNA/ORNA/thirdparty/gatb-core/thirdparty/hdf5/build/CMakeFiles/CMakeTmp'
/usr/bin/cmake -E cmake_progress_report /MMCI/MS/DeNovoAssembly2/work/ReREAD/Sample_ORNA/ORNA/thirdparty/gatb-core/thirdparty/hdf5/build/CMakeFiles/CMakeTmp/CMakeFiles 1
Building C object CMakeFiles/cmTryCompileExec1599273432.dir/TestEndianess.c.o
/usr/bin/cc    -o CMakeFiles/cmTryCompileExec1599273432.dir/TestEndianess.c.o   -c /MMCI/MS/DeNovoAssembly2/work/ReREAD/Sample_ORNA/ORNA/thirdparty/gatb-core/thirdparty/hdf5/build/CMakeFiles/CMakeTmp/TestEndianess.c
Linking C executable cmTryCompileExec1599273432
/usr/bin/cmake -E cmake_link_script CMakeFiles/cmTryCompileExec1599273432.dir/link.txt --verbose=1
/usr/bin/cc       CMakeFiles/cmTryCompileExec1599273432.dir/TestEndianess.c.o  -o cmTryCompileExec1599273432 -rdynamic 
make[1]: Leaving directory '/MMCI/MS/DeNovoAssembly2/work/ReREAD/Sample_ORNA/ORNA/thirdparty/gatb-core/thirdparty/hdf5/build/CMakeFiles/CMakeTmp'

TestEndianess.c:
/* A 16 bit integer is required. */
typedef unsigned short cmakeint16;

/* On a little endian machine, these 16bit ints will give "THIS IS LITTLE ENDIAN."
   On a big endian machine the characters will be exchanged pairwise. */
const cmakeint16 info_little[] =  {0x4854, 0x5349, 0x4920, 0x2053, 0x494c, 0x5454, 0x454c, 0x4520, 0x444e, 0x4149, 0x2e4e, 0x0000};

/* on a big endian machine, these 16bit ints will give "THIS IS BIG ENDIAN."
   On a little endian machine the characters will be exchanged pairwise. */
const cmakeint16 info_big[] =     {0x5448, 0x4953, 0x2049, 0x5320, 0x4249, 0x4720, 0x454e, 0x4449, 0x414e, 0x2e2e, 0x0000};

#ifdef __CLASSIC_C__
int main(argc, argv) int argc; char *argv[];
#else
int main(int argc, char *argv[])
#endif
{
  int require = 0;
  require += info_little[argc];
  require += info_big[argc];
  (void)argv;
  return require;
}


Determining if the function clock_gettime exists in the posix4 failed with the following output:
Change Dir: /MMCI/MS/DeNovoAssembly2/work/ReREAD/Sample_ORNA/ORNA/thirdparty/gatb-core/thirdparty/hdf5/build/CMakeFiles/CMakeTmp

Run Build Command:"/usr/bin/make" "cmTryCompileExec3978556251/fast"
/usr/bin/make -f CMakeFiles/cmTryCompileExec3978556251.dir/build.make CMakeFiles/cmTryCompileExec3978556251.dir/build
make[1]: Entering directory '/MMCI/MS/DeNovoAssembly2/work/ReREAD/Sample_ORNA/ORNA/thirdparty/gatb-core/thirdparty/hdf5/build/CMakeFiles/CMakeTmp'
/usr/bin/cmake -E cmake_progress_report /MMCI/MS/DeNovoAssembly2/work/ReREAD/Sample_ORNA/ORNA/thirdparty/gatb-core/thirdparty/hdf5/build/CMakeFiles/CMakeTmp/CMakeFiles 1
Building C object CMakeFiles/cmTryCompileExec3978556251.dir/CheckFunctionExists.c.o
/usr/bin/cc   -DCHECK_FUNCTION_EXISTS=clock_gettime   -o CMakeFiles/cmTryCompileExec3978556251.dir/CheckFunctionExists.c.o   -c /usr/share/cmake-3.0/Modules/CheckFunctionExists.c
Linking C executable cmTryCompileExec3978556251
/usr/bin/cmake -E cmake_link_script CMakeFiles/cmTryCompileExec3978556251.dir/link.txt --verbose=1
/usr/bin/cc   -DCHECK_FUNCTION_EXISTS=clock_gettime    CMakeFiles/cmTryCompileExec3978556251.dir/CheckFunctionExists.c.o  -o cmTryCompileExec3978556251 -rdynamic -lposix4 -lm -ldl 
/usr/bin/ld: cannot find -lposix4
collect2: error: ld returned 1 exit status
CMakeFiles/cmTryCompileExec3978556251.dir/build.make:88: recipe for target 'cmTryCompileExec3978556251' failed
make[1]: *** [cmTryCompileExec3978556251] Error 1
make[1]: Leaving directory '/MMCI/MS/DeNovoAssembly2/work/ReREAD/Sample_ORNA/ORNA/thirdparty/gatb-core/thirdparty/hdf5/build/CMakeFiles/CMakeTmp'
Makefile:118: recipe for target 'cmTryCompileExec3978556251/fast' failed
make: *** [cmTryCompileExec3978556251/fast] Error 2


Determining if files sys/resource.h;sys/time.h;unistd.h;sys/ioctl.h;sys/stat.h;sys/socket.h;sys/types.h;stddef.h;setjmp.h;features.h;dirent.h;stdint.h;mach/mach_time.h exist failed with the following output:
Change Dir: /MMCI/MS/DeNovoAssembly2/work/ReREAD/Sample_ORNA/ORNA/thirdparty/gatb-core/thirdparty/hdf5/build/CMakeFiles/CMakeTmp

Run Build Command:"/usr/bin/make" "cmTryCompileExec102408677/fast"
/usr/bin/make -f CMakeFiles/cmTryCompileExec102408677.dir/build.make CMakeFiles/cmTryCompileExec102408677.dir/build
make[1]: Entering directory '/MMCI/MS/DeNovoAssembly2/work/ReREAD/Sample_ORNA/ORNA/thirdparty/gatb-core/thirdparty/hdf5/build/CMakeFiles/CMakeTmp'
/usr/bin/cmake -E cmake_progress_report /MMCI/MS/DeNovoAssembly2/work/ReREAD/Sample_ORNA/ORNA/thirdparty/gatb-core/thirdparty/hdf5/build/CMakeFiles/CMakeTmp/CMakeFiles 1
Building C object CMakeFiles/cmTryCompileExec102408677.dir/CheckIncludeFiles.c.o
/usr/bin/cc    -o CMakeFiles/cmTryCompileExec102408677.dir/CheckIncludeFiles.c.o   -c /MMCI/MS/DeNovoAssembly2/work/ReREAD/Sample_ORNA/ORNA/thirdparty/gatb-core/thirdparty/hdf5/build/CMakeFiles/CMakeTmp/CheckIncludeFiles.c
/MMCI/MS/DeNovoAssembly2/work/ReREAD/Sample_ORNA/ORNA/thirdparty/gatb-core/thirdparty/hdf5/build/CMakeFiles/CMakeTmp/CheckIncludeFiles.c:14:28: fatal error: mach/mach_time.h: No such file or directory
 #include <mach/mach_time.h>
                            ^
compilation terminated.
CMakeFiles/cmTryCompileExec102408677.dir/build.make:57: recipe for target 'CMakeFiles/cmTryCompileExec102408677.dir/CheckIncludeFiles.c.o' failed
make[1]: *** [CMakeFiles/cmTryCompileExec102408677.dir/CheckIncludeFiles.c.o] Error 1
make[1]: Leaving directory '/MMCI/MS/DeNovoAssembly2/work/ReREAD/Sample_ORNA/ORNA/thirdparty/gatb-core/thirdparty/hdf5/build/CMakeFiles/CMakeTmp'
Makefile:118: recipe for target 'cmTryCompileExec102408677/fast' failed
make: *** [cmTryCompileExec102408677/fast] Error 2

Source:
/* */
#include <sys/resource.h>
#include <sys/time.h>
#include <unistd.h>
#include <sys/ioctl.h>
#include <sys/stat.h>
#include <sys/socket.h>
#include <sys/types.h>
#include <stddef.h>
#include <setjmp.h>
#include <features.h>
#include <dirent.h>
#include <stdint.h>
#include <mach/mach_time.h>


int main(){return 0;}

Determining if files sys/resource.h;sys/time.h;unistd.h;sys/ioctl.h;sys/stat.h;sys/socket.h;sys/types.h;stddef.h;setjmp.h;features.h;dirent.h;stdint.h;io.h exist failed with the following output:
Change Dir: /MMCI/MS/DeNovoAssembly2/work/ReREAD/Sample_ORNA/ORNA/thirdparty/gatb-core/thirdparty/hdf5/build/CMakeFiles/CMakeTmp

Run Build Command:"/usr/bin/make" "cmTryCompileExec151477983/fast"
/usr/bin/make -f CMakeFiles/cmTryCompileExec151477983.dir/build.make CMakeFiles/cmTryCompileExec151477983.dir/build
make[1]: Entering directory '/MMCI/MS/DeNovoAssembly2/work/ReREAD/Sample_ORNA/ORNA/thirdparty/gatb-core/thirdparty/hdf5/build/CMakeFiles/CMakeTmp'
/usr/bin/cmake -E cmake_progress_report /MMCI/MS/DeNovoAssembly2/work/ReREAD/Sample_ORNA/ORNA/thirdparty/gatb-core/thirdparty/hdf5/build/CMakeFiles/CMakeTmp/CMakeFiles 1
Building C object CMakeFiles/cmTryCompileExec151477983.dir/CheckIncludeFiles.c.o
/usr/bin/cc    -o CMakeFiles/cmTryCompileExec151477983.dir/CheckIncludeFiles.c.o   -c /MMCI/MS/DeNovoAssembly2/work/ReREAD/Sample_ORNA/ORNA/thirdparty/gatb-core/thirdparty/hdf5/build/CMakeFiles/CMakeTmp/CheckIncludeFiles.c
/MMCI/MS/DeNovoAssembly2/work/ReREAD/Sample_ORNA/ORNA/thirdparty/gatb-core/thirdparty/hdf5/build/CMakeFiles/CMakeTmp/CheckIncludeFiles.c:14:16: fatal error: io.h: No such file or directory
 #include <io.h>
                ^
compilation terminated.
CMakeFiles/cmTryCompileExec151477983.dir/build.make:57: recipe for target 'CMakeFiles/cmTryCompileExec151477983.dir/CheckIncludeFiles.c.o' failed
make[1]: *** [CMakeFiles/cmTryCompileExec151477983.dir/CheckIncludeFiles.c.o] Error 1
make[1]: Leaving directory '/MMCI/MS/DeNovoAssembly2/work/ReREAD/Sample_ORNA/ORNA/thirdparty/gatb-core/thirdparty/hdf5/build/CMakeFiles/CMakeTmp'
Makefile:118: recipe for target 'cmTryCompileExec151477983/fast' failed
make: *** [cmTryCompileExec151477983/fast] Error 2

Source:
/* */
#include <sys/resource.h>
#include <sys/time.h>
#include <unistd.h>
#include <sys/ioctl.h>
#include <sys/stat.h>
#include <sys/socket.h>
#include <sys/types.h>
#include <stddef.h>
#include <setjmp.h>
#include <features.h>
#include <dirent.h>
#include <stdint.h>
#include <io.h>


int main(){return 0;}

Determining if files sys/resource.h;sys/time.h;unistd.h;sys/ioctl.h;sys/stat.h;sys/socket.h;sys/types.h;stddef.h;setjmp.h;features.h;dirent.h;stdint.h;winsock2.h exist failed with the following output:
Change Dir: /MMCI/MS/DeNovoAssembly2/work/ReREAD/Sample_ORNA/ORNA/thirdparty/gatb-core/thirdparty/hdf5/build/CMakeFiles/CMakeTmp

Run Build Command:"/usr/bin/make" "cmTryCompileExec221186440/fast"
/usr/bin/make -f CMakeFiles/cmTryCompileExec221186440.dir/build.make CMakeFiles/cmTryCompileExec221186440.dir/build
make[1]: Entering directory '/MMCI/MS/DeNovoAssembly2/work/ReREAD/Sample_ORNA/ORNA/thirdparty/gatb-core/thirdparty/hdf5/build/CMakeFiles/CMakeTmp'
/usr/bin/cmake -E cmake_progress_report /MMCI/MS/DeNovoAssembly2/work/ReREAD/Sample_ORNA/ORNA/thirdparty/gatb-core/thirdparty/hdf5/build/CMakeFiles/CMakeTmp/CMakeFiles 1
Building C object CMakeFiles/cmTryCompileExec221186440.dir/CheckIncludeFiles.c.o
/usr/bin/cc    -o CMakeFiles/cmTryCompileExec221186440.dir/CheckIncludeFiles.c.o   -c /MMCI/MS/DeNovoAssembly2/work/ReREAD/Sample_ORNA/ORNA/thirdparty/gatb-core/thirdparty/hdf5/build/CMakeFiles/CMakeTmp/CheckIncludeFiles.c
/MMCI/MS/DeNovoAssembly2/work/ReREAD/Sample_ORNA/ORNA/thirdparty/gatb-core/thirdparty/hdf5/build/CMakeFiles/CMakeTmp/CheckIncludeFiles.c:14:22: fatal error: winsock2.h: No such file or directory
 #include <winsock2.h>
                      ^
compilation terminated.
CMakeFiles/cmTryCompileExec221186440.dir/build.make:57: recipe for target 'CMakeFiles/cmTryCompileExec221186440.dir/CheckIncludeFiles.c.o' failed
make[1]: *** [CMakeFiles/cmTryCompileExec221186440.dir/CheckIncludeFiles.c.o] Error 1
make[1]: Leaving directory '/MMCI/MS/DeNovoAssembly2/work/ReREAD/Sample_ORNA/ORNA/thirdparty/gatb-core/thirdparty/hdf5/build/CMakeFiles/CMakeTmp'
Makefile:118: recipe for target 'cmTryCompileExec221186440/fast' failed
make: *** [cmTryCompileExec221186440/fast] Error 2

Source:
/* */
#include <sys/resource.h>
#include <sys/time.h>
#include <unistd.h>
#include <sys/ioctl.h>
#include <sys/stat.h>
#include <sys/socket.h>
#include <sys/types.h>
#include <stddef.h>
#include <setjmp.h>
#include <features.h>
#include <dirent.h>
#include <stdint.h>
#include <winsock2.h>


int main(){return 0;}

Determining if files sys/resource.h;sys/time.h;unistd.h;sys/ioctl.h;sys/stat.h;sys/socket.h;sys/types.h;stddef.h;setjmp.h;features.h;dirent.h;stdint.h;sys/timeb.h;globus/common.h exist failed with the following output:
Change Dir: /MMCI/MS/DeNovoAssembly2/work/ReREAD/Sample_ORNA/ORNA/thirdparty/gatb-core/thirdparty/hdf5/build/CMakeFiles/CMakeTmp

Run Build Command:"/usr/bin/make" "cmTryCompileExec4014145284/fast"
/usr/bin/make -f CMakeFiles/cmTryCompileExec4014145284.dir/build.make CMakeFiles/cmTryCompileExec4014145284.dir/build
make[1]: Entering directory '/MMCI/MS/DeNovoAssembly2/work/ReREAD/Sample_ORNA/ORNA/thirdparty/gatb-core/thirdparty/hdf5/build/CMakeFiles/CMakeTmp'
/usr/bin/cmake -E cmake_progress_report /MMCI/MS/DeNovoAssembly2/work/ReREAD/Sample_ORNA/ORNA/thirdparty/gatb-core/thirdparty/hdf5/build/CMakeFiles/CMakeTmp/CMakeFiles 1
Building C object CMakeFiles/cmTryCompileExec4014145284.dir/CheckIncludeFiles.c.o
/usr/bin/cc    -o CMakeFiles/cmTryCompileExec4014145284.dir/CheckIncludeFiles.c.o   -c /MMCI/MS/DeNovoAssembly2/work/ReREAD/Sample_ORNA/ORNA/thirdparty/gatb-core/thirdparty/hdf5/build/CMakeFiles/CMakeTmp/CheckIncludeFiles.c
/MMCI/MS/DeNovoAssembly2/work/ReREAD/Sample_ORNA/ORNA/thirdparty/gatb-core/thirdparty/hdf5/build/CMakeFiles/CMakeTmp/CheckIncludeFiles.c:15:27: fatal error: globus/common.h: No such file or directory
 #include <globus/common.h>
                           ^
compilation terminated.
CMakeFiles/cmTryCompileExec4014145284.dir/build.make:57: recipe for target 'CMakeFiles/cmTryCompileExec4014145284.dir/CheckIncludeFiles.c.o' failed
make[1]: *** [CMakeFiles/cmTryCompileExec4014145284.dir/CheckIncludeFiles.c.o] Error 1
make[1]: Leaving directory '/MMCI/MS/DeNovoAssembly2/work/ReREAD/Sample_ORNA/ORNA/thirdparty/gatb-core/thirdparty/hdf5/build/CMakeFiles/CMakeTmp'
Makefile:118: recipe for target 'cmTryCompileExec4014145284/fast' failed
make: *** [cmTryCompileExec4014145284/fast] Error 2

Source:
/* */
#include <sys/resource.h>
#include <sys/time.h>
#include <unistd.h>
#include <sys/ioctl.h>
#include <sys/stat.h>
#include <sys/socket.h>
#include <sys/types.h>
#include <stddef.h>
#include <setjmp.h>
#include <features.h>
#include <dirent.h>
#include <stdint.h>
#include <sys/timeb.h>
#include <globus/common.h>


int main(){return 0;}

Determining if files sys/resource.h;sys/time.h;unistd.h;sys/ioctl.h;sys/stat.h;sys/socket.h;sys/types.h;stddef.h;setjmp.h;features.h;dirent.h;stdint.h;sys/timeb.h;pdb.h exist failed with the following output:
Change Dir: /MMCI/MS/DeNovoAssembly2/work/ReREAD/Sample_ORNA/ORNA/thirdparty/gatb-core/thirdparty/hdf5/build/CMakeFiles/CMakeTmp

Run Build Command:"/usr/bin/make" "cmTryCompileExec1721063073/fast"
/usr/bin/make -f CMakeFiles/cmTryCompileExec1721063073.dir/build.make CMakeFiles/cmTryCompileExec1721063073.dir/build
make[1]: Entering directory '/MMCI/MS/DeNovoAssembly2/work/ReREAD/Sample_ORNA/ORNA/thirdparty/gatb-core/thirdparty/hdf5/build/CMakeFiles/CMakeTmp'
/usr/bin/cmake -E cmake_progress_report /MMCI/MS/DeNovoAssembly2/work/ReREAD/Sample_ORNA/ORNA/thirdparty/gatb-core/thirdparty/hdf5/build/CMakeFiles/CMakeTmp/CMakeFiles 1
Building C object CMakeFiles/cmTryCompileExec1721063073.dir/CheckIncludeFiles.c.o
/usr/bin/cc    -o CMakeFiles/cmTryCompileExec1721063073.dir/CheckIncludeFiles.c.o   -c /MMCI/MS/DeNovoAssembly2/work/ReREAD/Sample_ORNA/ORNA/thirdparty/gatb-core/thirdparty/hdf5/build/CMakeFiles/CMakeTmp/CheckIncludeFiles.c
/MMCI/MS/DeNovoAssembly2/work/ReREAD/Sample_ORNA/ORNA/thirdparty/gatb-core/thirdparty/hdf5/build/CMakeFiles/CMakeTmp/CheckIncludeFiles.c:15:17: fatal error: pdb.h: No such file or directory
 #include <pdb.h>
                 ^
compilation terminated.
CMakeFiles/cmTryCompileExec1721063073.dir/build.make:57: recipe for target 'CMakeFiles/cmTryCompileExec1721063073.dir/CheckIncludeFiles.c.o' failed
make[1]: *** [CMakeFiles/cmTryCompileExec1721063073.dir/CheckIncludeFiles.c.o] Error 1
make[1]: Leaving directory '/MMCI/MS/DeNovoAssembly2/work/ReREAD/Sample_ORNA/ORNA/thirdparty/gatb-core/thirdparty/hdf5/build/CMakeFiles/CMakeTmp'
Makefile:118: recipe for target 'cmTryCompileExec1721063073/fast' failed
make: *** [cmTryCompileExec1721063073/fast] Error 2

Source:
/* */
#include <sys/resource.h>
#include <sys/time.h>
#include <unistd.h>
#include <sys/ioctl.h>
#include <sys/stat.h>
#include <sys/socket.h>
#include <sys/types.h>
#include <stddef.h>
#include <setjmp.h>
#include <features.h>
#include <dirent.h>
#include <stdint.h>
#include <sys/timeb.h>
#include <pdb.h>


int main(){return 0;}

Determining if files sys/resource.h;sys/time.h;unistd.h;sys/ioctl.h;sys/stat.h;sys/socket.h;sys/types.h;stddef.h;setjmp.h;features.h;dirent.h;stdint.h;sys/timeb.h;pthread.h;srbclient.h exist failed with the following output:
Change Dir: /MMCI/MS/DeNovoAssembly2/work/ReREAD/Sample_ORNA/ORNA/thirdparty/gatb-core/thirdparty/hdf5/build/CMakeFiles/CMakeTmp

Run Build Command:"/usr/bin/make" "cmTryCompileExec2329191160/fast"
/usr/bin/make -f CMakeFiles/cmTryCompileExec2329191160.dir/build.make CMakeFiles/cmTryCompileExec2329191160.dir/build
make[1]: Entering directory '/MMCI/MS/DeNovoAssembly2/work/ReREAD/Sample_ORNA/ORNA/thirdparty/gatb-core/thirdparty/hdf5/build/CMakeFiles/CMakeTmp'
/usr/bin/cmake -E cmake_progress_report /MMCI/MS/DeNovoAssembly2/work/ReREAD/Sample_ORNA/ORNA/thirdparty/gatb-core/thirdparty/hdf5/build/CMakeFiles/CMakeTmp/CMakeFiles 1
Building C object CMakeFiles/cmTryCompileExec2329191160.dir/CheckIncludeFiles.c.o
/usr/bin/cc    -o CMakeFiles/cmTryCompileExec2329191160.dir/CheckIncludeFiles.c.o   -c /MMCI/MS/DeNovoAssembly2/work/ReREAD/Sample_ORNA/ORNA/thirdparty/gatb-core/thirdparty/hdf5/build/CMakeFiles/CMakeTmp/CheckIncludeFiles.c
/MMCI/MS/DeNovoAssembly2/work/ReREAD/Sample_ORNA/ORNA/thirdparty/gatb-core/thirdparty/hdf5/build/CMakeFiles/CMakeTmp/CheckIncludeFiles.c:16:23: fatal error: srbclient.h: No such file or directory
 #include <srbclient.h>
                       ^
compilation terminated.
CMakeFiles/cmTryCompileExec2329191160.dir/build.make:57: recipe for target 'CMakeFiles/cmTryCompileExec2329191160.dir/CheckIncludeFiles.c.o' failed
make[1]: *** [CMakeFiles/cmTryCompileExec2329191160.dir/CheckIncludeFiles.c.o] Error 1
make[1]: Leaving directory '/MMCI/MS/DeNovoAssembly2/work/ReREAD/Sample_ORNA/ORNA/thirdparty/gatb-core/thirdparty/hdf5/build/CMakeFiles/CMakeTmp'
Makefile:118: recipe for target 'cmTryCompileExec2329191160/fast' failed
make: *** [cmTryCompileExec2329191160/fast] Error 2

Source:
/* */
#include <sys/resource.h>
#include <sys/time.h>
#include <unistd.h>
#include <sys/ioctl.h>
#include <sys/stat.h>
#include <sys/socket.h>
#include <sys/types.h>
#include <stddef.h>
#include <setjmp.h>
#include <features.h>
#include <dirent.h>
#include <stdint.h>
#include <sys/timeb.h>
#include <pthread.h>
#include <srbclient.h>


int main(){return 0;}

Determining size of __int64 failed with the following output:
Change Dir: /MMCI/MS/DeNovoAssembly2/work/ReREAD/Sample_ORNA/ORNA/thirdparty/gatb-core/thirdparty/hdf5/build/CMakeFiles/CMakeTmp

Run Build Command:"/usr/bin/make" "cmTryCompileExec1850759297/fast"
/usr/bin/make -f CMakeFiles/cmTryCompileExec1850759297.dir/build.make CMakeFiles/cmTryCompileExec1850759297.dir/build
make[1]: Entering directory '/MMCI/MS/DeNovoAssembly2/work/ReREAD/Sample_ORNA/ORNA/thirdparty/gatb-core/thirdparty/hdf5/build/CMakeFiles/CMakeTmp'
/usr/bin/cmake -E cmake_progress_report /MMCI/MS/DeNovoAssembly2/work/ReREAD/Sample_ORNA/ORNA/thirdparty/gatb-core/thirdparty/hdf5/build/CMakeFiles/CMakeTmp/CMakeFiles 1
Building C object CMakeFiles/cmTryCompileExec1850759297.dir/H5_SIZEOF___INT64.c.o
/usr/bin/cc  -D_BSD_SOURCE -D_FILE_OFFSET_BITS=64 -D_LARGEFILE64_SOURCE -D_LARGEFILE_SOURCE  -o CMakeFiles/cmTryCompileExec1850759297.dir/H5_SIZEOF___INT64.c.o   -c /MMCI/MS/DeNovoAssembly2/work/ReREAD/Sample_ORNA/ORNA/thirdparty/gatb-core/thirdparty/hdf5/build/CMakeFiles/CheckTypeSize/H5_SIZEOF___INT64.c
/MMCI/MS/DeNovoAssembly2/work/ReREAD/Sample_ORNA/ORNA/thirdparty/gatb-core/thirdparty/hdf5/build/CMakeFiles/CheckTypeSize/H5_SIZEOF___INT64.c:17:22: error: ‘__int64’ undeclared here (not in a function)
 #define SIZE (sizeof(__int64))
                      ^
/MMCI/MS/DeNovoAssembly2/work/ReREAD/Sample_ORNA/ORNA/thirdparty/gatb-core/thirdparty/hdf5/build/CMakeFiles/CheckTypeSize/H5_SIZEOF___INT64.c:19:12: note: in expansion of macro ‘SIZE’
   ('0' + ((SIZE / 10000)%10)),
            ^
CMakeFiles/cmTryCompileExec1850759297.dir/build.make:57: recipe for target 'CMakeFiles/cmTryCompileExec1850759297.dir/H5_SIZEOF___INT64.c.o' failed
make[1]: *** [CMakeFiles/cmTryCompileExec1850759297.dir/H5_SIZEOF___INT64.c.o] Error 1
make[1]: Leaving directory '/MMCI/MS/DeNovoAssembly2/work/ReREAD/Sample_ORNA/ORNA/thirdparty/gatb-core/thirdparty/hdf5/build/CMakeFiles/CMakeTmp'
Makefile:118: recipe for target 'cmTryCompileExec1850759297/fast' failed
make: *** [cmTryCompileExec1850759297/fast] Error 2

/MMCI/MS/DeNovoAssembly2/work/ReREAD/Sample_ORNA/ORNA/thirdparty/gatb-core/thirdparty/hdf5/build/CMakeFiles/CheckTypeSize/H5_SIZEOF___INT64.c:
#include <sys/types.h>
#include <stdint.h>
#include <stddef.h>


#undef KEY
#if defined(__i386)
# define KEY '_','_','i','3','8','6'
#elif defined(__x86_64)
# define KEY '_','_','x','8','6','_','6','4'
#elif defined(__ppc__)
# define KEY '_','_','p','p','c','_','_'
#elif defined(__ppc64__)
# define KEY '_','_','p','p','c','6','4','_','_'
#endif

#define SIZE (sizeof(__int64))
char info_size[] =  {'I', 'N', 'F', 'O', ':', 's','i','z','e','[',
  ('0' + ((SIZE / 10000)%10)),
  ('0' + ((SIZE / 1000)%10)),
  ('0' + ((SIZE / 100)%10)),
  ('0' + ((SIZE / 10)%10)),
  ('0' +  (SIZE    % 10)),
  ']',
#ifdef KEY
  ' ','k','e','y','[', KEY, ']',
#endif
  '\0'};

#ifdef __CLASSIC_C__
int main(argc, argv) int argc; char *argv[];
#else
int main(int argc, char *argv[])
#endif
{
  int require = 0;
  require += info_size[argc];
  (void)argv;
  return require;
}


Determining if the variable CLOCK_MONOTONIC exists failed with the following output:
Change Dir: /MMCI/MS/DeNovoAssembly2/work/ReREAD/Sample_ORNA/ORNA/thirdparty/gatb-core/thirdparty/hdf5/build/CMakeFiles/CMakeTmp

Run Build Command:"/usr/bin/make" "cmTryCompileExec3669316574/fast"
/usr/bin/make -f CMakeFiles/cmTryCompileExec3669316574.dir/build.make CMakeFiles/cmTryCompileExec3669316574.dir/build
make[1]: Entering directory '/MMCI/MS/DeNovoAssembly2/work/ReREAD/Sample_ORNA/ORNA/thirdparty/gatb-core/thirdparty/hdf5/build/CMakeFiles/CMakeTmp'
/usr/bin/cmake -E cmake_progress_report /MMCI/MS/DeNovoAssembly2/work/ReREAD/Sample_ORNA/ORNA/thirdparty/gatb-core/thirdparty/hdf5/build/CMakeFiles/CMakeTmp/CMakeFiles 1
Building C object CMakeFiles/cmTryCompileExec3669316574.dir/CheckVariableExists.c.o
/usr/bin/cc  -D_BSD_SOURCE -D_FILE_OFFSET_BITS=64 -D_LARGEFILE64_SOURCE -D_LARGEFILE_SOURCE -DCHECK_VARIABLE_EXISTS=CLOCK_MONOTONIC   -o CMakeFiles/cmTryCompileExec3669316574.dir/CheckVariableExists.c.o   -c /usr/share/cmake-3.0/Modules/CheckVariableExists.c
Linking C executable cmTryCompileExec3669316574
/usr/bin/cmake -E cmake_link_script CMakeFiles/cmTryCompileExec3669316574.dir/link.txt --verbose=1
/usr/bin/cc   -DCHECK_VARIABLE_EXISTS=CLOCK_MONOTONIC    CMakeFiles/cmTryCompileExec3669316574.dir/CheckVariableExists.c.o  -o cmTryCompileExec3669316574 -rdynamic -lm -ldl 
CMakeFiles/cmTryCompileExec3669316574.dir/CheckVariableExists.c.o: In function `main':
CheckVariableExists.c:(.text+0x25): undefined reference to `CLOCK_MONOTONIC'
collect2: error: ld returned 1 exit status
CMakeFiles/cmTryCompileExec3669316574.dir/build.make:88: recipe for target 'cmTryCompileExec3669316574' failed
make[1]: Leaving directory '/MMCI/MS/DeNovoAssembly2/work/ReREAD/Sample_ORNA/ORNA/thirdparty/gatb-core/thirdparty/hdf5/build/CMakeFiles/CMakeTmp'
make[1]: *** [cmTryCompileExec3669316574] Error 1
Makefile:118: recipe for target 'cmTryCompileExec3669316574/fast' failed
make: *** [cmTryCompileExec3669316574/fast] Error 2


Performing Other Test HAVE___TM_GMTOFF failed with the following output:
Change Dir: /MMCI/MS/DeNovoAssembly2/work/ReREAD/Sample_ORNA/ORNA/thirdparty/gatb-core/thirdparty/hdf5/build/CMakeFiles/CMakeTmp

Run Build Command:"/usr/bin/make" "cmTryCompileExec2000625509/fast"
/usr/bin/make -f CMakeFiles/cmTryCompileExec2000625509.dir/build.make CMakeFiles/cmTryCompileExec2000625509.dir/build
make[1]: Entering directory '/MMCI/MS/DeNovoAssembly2/work/ReREAD/Sample_ORNA/ORNA/thirdparty/gatb-core/thirdparty/hdf5/build/CMakeFiles/CMakeTmp'
/usr/bin/cmake -E cmake_progress_report /MMCI/MS/DeNovoAssembly2/work/ReREAD/Sample_ORNA/ORNA/thirdparty/gatb-core/thirdparty/hdf5/build/CMakeFiles/CMakeTmp/CMakeFiles 1
Building C object CMakeFiles/cmTryCompileExec2000625509.dir/HDF5Tests.c.o
/usr/bin/cc   -DHAVE___TM_GMTOFF  -DHAVE_SYS_TIME_H -DHAVE_UNISTD_H -DHAVE_SYS_TYPES_H -DHAVE_SYS_SOCKET_H -D_FILE_OFFSET_BITS=64 -D_LARGEFILE64_SOURCE -D_LARGEFILE_SOURCE   -o CMakeFiles/cmTryCompileExec2000625509.dir/HDF5Tests.c.o   -c /MMCI/MS/DeNovoAssembly2/work/ReREAD/Sample_ORNA/ORNA/thirdparty/gatb-core/thirdparty/hdf5/config/cmake/HDF5Tests.c
/MMCI/MS/DeNovoAssembly2/work/ReREAD/Sample_ORNA/ORNA/thirdparty/gatb-core/thirdparty/hdf5/config/cmake/HDF5Tests.c: In function ‘main’:
/MMCI/MS/DeNovoAssembly2/work/ReREAD/Sample_ORNA/ORNA/thirdparty/gatb-core/thirdparty/hdf5/config/cmake/HDF5Tests.c:191:29: error: ‘struct tm’ has no member named ‘__tm_gmtoff’
 SIMPLE_TEST(struct tm tm; tm.__tm_gmtoff=0);
                             ^
/MMCI/MS/DeNovoAssembly2/work/ReREAD/Sample_ORNA/ORNA/thirdparty/gatb-core/thirdparty/hdf5/config/cmake/HDF5Tests.c:1:36: note: in definition of macro ‘SIMPLE_TEST’
 #define SIMPLE_TEST(x) int main(){ x; return 0; }
                                    ^
CMakeFiles/cmTryCompileExec2000625509.dir/build.make:57: recipe for target 'CMakeFiles/cmTryCompileExec2000625509.dir/HDF5Tests.c.o' failed
make[1]: *** [CMakeFiles/cmTryCompileExec2000625509.dir/HDF5Tests.c.o] Error 1
make[1]: Leaving directory '/MMCI/MS/DeNovoAssembly2/work/ReREAD/Sample_ORNA/ORNA/thirdparty/gatb-core/thirdparty/hdf5/build/CMakeFiles/CMakeTmp'
Makefile:118: recipe for target 'cmTryCompileExec2000625509/fast' failed
make: *** [cmTryCompileExec2000625509/fast] Error 2

Performing Other Test HAVE_STRUCT_VIDEOCONFIG failed with the following output:
Change Dir: /MMCI/MS/DeNovoAssembly2/work/ReREAD/Sample_ORNA/ORNA/thirdparty/gatb-core/thirdparty/hdf5/build/CMakeFiles/CMakeTmp

Run Build Command:"/usr/bin/make" "cmTryCompileExec3443467312/fast"
/usr/bin/make -f CMakeFiles/cmTryCompileExec3443467312.dir/build.make CMakeFiles/cmTryCompileExec3443467312.dir/build
make[1]: Entering directory '/MMCI/MS/DeNovoAssembly2/work/ReREAD/Sample_ORNA/ORNA/thirdparty/gatb-core/thirdparty/hdf5/build/CMakeFiles/CMakeTmp'
/usr/bin/cmake -E cmake_progress_report /MMCI/MS/DeNovoAssembly2/work/ReREAD/Sample_ORNA/ORNA/thirdparty/gatb-core/thirdparty/hdf5/build/CMakeFiles/CMakeTmp/CMakeFiles 1
Building C object CMakeFiles/cmTryCompileExec3443467312.dir/HDF5Tests.c.o
/usr/bin/cc   -DHAVE_STRUCT_VIDEOCONFIG  -DHAVE_SYS_TIME_H -DHAVE_UNISTD_H -DHAVE_SYS_TYPES_H -DHAVE_SYS_SOCKET_H -D_FILE_OFFSET_BITS=64 -D_LARGEFILE64_SOURCE -D_LARGEFILE_SOURCE   -o CMakeFiles/cmTryCompileExec3443467312.dir/HDF5Tests.c.o   -c /MMCI/MS/DeNovoAssembly2/work/ReREAD/Sample_ORNA/ORNA/thirdparty/gatb-core/thirdparty/hdf5/config/cmake/HDF5Tests.c
/MMCI/MS/DeNovoAssembly2/work/ReREAD/Sample_ORNA/ORNA/thirdparty/gatb-core/thirdparty/hdf5/config/cmake/HDF5Tests.c: In function ‘main’:
/MMCI/MS/DeNovoAssembly2/work/ReREAD/Sample_ORNA/ORNA/thirdparty/gatb-core/thirdparty/hdf5/config/cmake/HDF5Tests.c:471:32: error: storage size of ‘w’ isn’t known
 SIMPLE_TEST(struct videoconfig w; w.numtextcols=0);
                                ^
/MMCI/MS/DeNovoAssembly2/work/ReREAD/Sample_ORNA/ORNA/thirdparty/gatb-core/thirdparty/hdf5/config/cmake/HDF5Tests.c:1:36: note: in definition of macro ‘SIMPLE_TEST’
 #define SIMPLE_TEST(x) int main(){ x; return 0; }
                                    ^
CMakeFiles/cmTryCompileExec3443467312.dir/build.make:57: recipe for target 'CMakeFiles/cmTryCompileExec3443467312.dir/HDF5Tests.c.o' failed
make[1]: *** [CMakeFiles/cmTryCompileExec3443467312.dir/HDF5Tests.c.o] Error 1
make[1]: Leaving directory '/MMCI/MS/DeNovoAssembly2/work/ReREAD/Sample_ORNA/ORNA/thirdparty/gatb-core/thirdparty/hdf5/build/CMakeFiles/CMakeTmp'
Makefile:118: recipe for target 'cmTryCompileExec3443467312/fast' failed
make: *** [cmTryCompileExec3443467312/fast] Error 2

Performing Other Test HAVE_STRUCT_TEXT_INFO failed with the following output:
Change Dir: /MMCI/MS/DeNovoAssembly2/work/ReREAD/Sample_ORNA/ORNA/thirdparty/gatb-core/thirdparty/hdf5/build/CMakeFiles/CMakeTmp

Run Build Command:"/usr/bin/make" "cmTryCompileExec1870556670/fast"
/usr/bin/make -f CMakeFiles/cmTryCompileExec1870556670.dir/build.make CMakeFiles/cmTryCompileExec1870556670.dir/build
make[1]: Entering directory '/MMCI/MS/DeNovoAssembly2/work/ReREAD/Sample_ORNA/ORNA/thirdparty/gatb-core/thirdparty/hdf5/build/CMakeFiles/CMakeTmp'
/usr/bin/cmake -E cmake_progress_report /MMCI/MS/DeNovoAssembly2/work/ReREAD/Sample_ORNA/ORNA/thirdparty/gatb-core/thirdparty/hdf5/build/CMakeFiles/CMakeTmp/CMakeFiles 1
Building C object CMakeFiles/cmTryCompileExec1870556670.dir/HDF5Tests.c.o
/usr/bin/cc   -DHAVE_STRUCT_TEXT_INFO  -DHAVE_SYS_TIME_H -DHAVE_UNISTD_H -DHAVE_SYS_TYPES_H -DHAVE_SYS_SOCKET_H -D_FILE_OFFSET_BITS=64 -D_LARGEFILE64_SOURCE -D_LARGEFILE_SOURCE   -o CMakeFiles/cmTryCompileExec1870556670.dir/HDF5Tests.c.o   -c /MMCI/MS/DeNovoAssembly2/work/ReREAD/Sample_ORNA/ORNA/thirdparty/gatb-core/thirdparty/hdf5/config/cmake/HDF5Tests.c
/MMCI/MS/DeNovoAssembly2/work/ReREAD/Sample_ORNA/ORNA/thirdparty/gatb-core/thirdparty/hdf5/config/cmake/HDF5Tests.c: In function ‘main’:
/MMCI/MS/DeNovoAssembly2/work/ReREAD/Sample_ORNA/ORNA/thirdparty/gatb-core/thirdparty/hdf5/config/cmake/HDF5Tests.c:477:30: error: storage size of ‘w’ isn’t known
 SIMPLE_TEST(struct text_info w; w.screenwidth=0);
                              ^
/MMCI/MS/DeNovoAssembly2/work/ReREAD/Sample_ORNA/ORNA/thirdparty/gatb-core/thirdparty/hdf5/config/cmake/HDF5Tests.c:1:36: note: in definition of macro ‘SIMPLE_TEST’
 #define SIMPLE_TEST(x) int main(){ x; return 0; }
                                    ^
CMakeFiles/cmTryCompileExec1870556670.dir/build.make:57: recipe for target 'CMakeFiles/cmTryCompileExec1870556670.dir/HDF5Tests.c.o' failed
make[1]: Leaving directory '/MMCI/MS/DeNovoAssembly2/work/ReREAD/Sample_ORNA/ORNA/thirdparty/gatb-core/thirdparty/hdf5/build/CMakeFiles/CMakeTmp'
make[1]: *** [CMakeFiles/cmTryCompileExec1870556670.dir/HDF5Tests.c.o] Error 1
Makefile:118: recipe for target 'cmTryCompileExec1870556670/fast' failed
make: *** [cmTryCompileExec1870556670/fast] Error 2

Determining if the function _getvideoconfig exists failed with the following output:
Change Dir: /MMCI/MS/DeNovoAssembly2/work/ReREAD/Sample_ORNA/ORNA/thirdparty/gatb-core/thirdparty/hdf5/build/CMakeFiles/CMakeTmp

Run Build Command:"/usr/bin/make" "cmTryCompileExec799052553/fast"
/usr/bin/make -f CMakeFiles/cmTryCompileExec799052553.dir/build.make CMakeFiles/cmTryCompileExec799052553.dir/build
make[1]: Entering directory '/MMCI/MS/DeNovoAssembly2/work/ReREAD/Sample_ORNA/ORNA/thirdparty/gatb-core/thirdparty/hdf5/build/CMakeFiles/CMakeTmp'
/usr/bin/cmake -E cmake_progress_report /MMCI/MS/DeNovoAssembly2/work/ReREAD/Sample_ORNA/ORNA/thirdparty/gatb-core/thirdparty/hdf5/build/CMakeFiles/CMakeTmp/CMakeFiles 1
Building C object CMakeFiles/cmTryCompileExec799052553.dir/CheckFunctionExists.c.o
/usr/bin/cc  -D_BSD_SOURCE -D_FILE_OFFSET_BITS=64 -D_LARGEFILE64_SOURCE -D_LARGEFILE_SOURCE -DCHECK_FUNCTION_EXISTS=_getvideoconfig   -o CMakeFiles/cmTryCompileExec799052553.dir/CheckFunctionExists.c.o   -c /usr/share/cmake-3.0/Modules/CheckFunctionExists.c
Linking C executable cmTryCompileExec799052553
/usr/bin/cmake -E cmake_link_script CMakeFiles/cmTryCompileExec799052553.dir/link.txt --verbose=1
/usr/bin/cc   -DCHECK_FUNCTION_EXISTS=_getvideoconfig    CMakeFiles/cmTryCompileExec799052553.dir/CheckFunctionExists.c.o  -o cmTryCompileExec799052553 -rdynamic -lm -ldl 
CMakeFiles/cmTryCompileExec799052553.dir/CheckFunctionExists.c.o: In function `main':
CheckFunctionExists.c:(.text+0x15): undefined reference to `_getvideoconfig'
collect2: error: ld returned 1 exit status
CMakeFiles/cmTryCompileExec799052553.dir/build.make:88: recipe for target 'cmTryCompileExec799052553' failed
make[1]: *** [cmTryCompileExec799052553] Error 1
make[1]: Leaving directory '/MMCI/MS/DeNovoAssembly2/work/ReREAD/Sample_ORNA/ORNA/thirdparty/gatb-core/thirdparty/hdf5/build/CMakeFiles/CMakeTmp'
Makefile:118: recipe for target 'cmTryCompileExec799052553/fast' failed
make: *** [cmTryCompileExec799052553/fast] Error 2


Determining if the function gettextinfo exists failed with the following output:
Change Dir: /MMCI/MS/DeNovoAssembly2/work/ReREAD/Sample_ORNA/ORNA/thirdparty/gatb-core/thirdparty/hdf5/build/CMakeFiles/CMakeTmp

Run Build Command:"/usr/bin/make" "cmTryCompileExec241602818/fast"
/usr/bin/make -f CMakeFiles/cmTryCompileExec241602818.dir/build.make CMakeFiles/cmTryCompileExec241602818.dir/build
make[1]: Entering directory '/MMCI/MS/DeNovoAssembly2/work/ReREAD/Sample_ORNA/ORNA/thirdparty/gatb-core/thirdparty/hdf5/build/CMakeFiles/CMakeTmp'
/usr/bin/cmake -E cmake_progress_report /MMCI/MS/DeNovoAssembly2/work/ReREAD/Sample_ORNA/ORNA/thirdparty/gatb-core/thirdparty/hdf5/build/CMakeFiles/CMakeTmp/CMakeFiles 1
Building C object CMakeFiles/cmTryCompileExec241602818.dir/CheckFunctionExists.c.o
/usr/bin/cc  -D_BSD_SOURCE -D_FILE_OFFSET_BITS=64 -D_LARGEFILE64_SOURCE -D_LARGEFILE_SOURCE -DCHECK_FUNCTION_EXISTS=gettextinfo   -o CMakeFiles/cmTryCompileExec241602818.dir/CheckFunctionExists.c.o   -c /usr/share/cmake-3.0/Modules/CheckFunctionExists.c
Linking C executable cmTryCompileExec241602818
/usr/bin/cmake -E cmake_link_script CMakeFiles/cmTryCompileExec241602818.dir/link.txt --verbose=1
/usr/bin/cc   -DCHECK_FUNCTION_EXISTS=gettextinfo    CMakeFiles/cmTryCompileExec241602818.dir/CheckFunctionExists.c.o  -o cmTryCompileExec241602818 -rdynamic -lm -ldl 
CMakeFiles/cmTryCompileExec241602818.dir/CheckFunctionExists.c.o: In function `main':
CheckFunctionExists.c:(.text+0x15): undefined reference to `gettextinfo'
collect2: error: ld returned 1 exit status
CMakeFiles/cmTryCompileExec241602818.dir/build.make:88: recipe for target 'cmTryCompileExec241602818' failed
make[1]: Leaving directory '/MMCI/MS/DeNovoAssembly2/work/ReREAD/Sample_ORNA/ORNA/thirdparty/gatb-core/thirdparty/hdf5/build/CMakeFiles/CMakeTmp'
make[1]: *** [cmTryCompileExec241602818] Error 1
Makefile:118: recipe for target 'cmTryCompileExec241602818/fast' failed
make: *** [cmTryCompileExec241602818/fast] Error 2


Determining if the function _scrsize exists failed with the following output:
Change Dir: /MMCI/MS/DeNovoAssembly2/work/ReREAD/Sample_ORNA/ORNA/thirdparty/gatb-core/thirdparty/hdf5/build/CMakeFiles/CMakeTmp

Run Build Command:"/usr/bin/make" "cmTryCompileExec516398486/fast"
/usr/bin/make -f CMakeFiles/cmTryCompileExec516398486.dir/build.make CMakeFiles/cmTryCompileExec516398486.dir/build
make[1]: Entering directory '/MMCI/MS/DeNovoAssembly2/work/ReREAD/Sample_ORNA/ORNA/thirdparty/gatb-core/thirdparty/hdf5/build/CMakeFiles/CMakeTmp'
/usr/bin/cmake -E cmake_progress_report /MMCI/MS/DeNovoAssembly2/work/ReREAD/Sample_ORNA/ORNA/thirdparty/gatb-core/thirdparty/hdf5/build/CMakeFiles/CMakeTmp/CMakeFiles 1
Building C object CMakeFiles/cmTryCompileExec516398486.dir/CheckFunctionExists.c.o
/usr/bin/cc  -D_BSD_SOURCE -D_FILE_OFFSET_BITS=64 -D_LARGEFILE64_SOURCE -D_LARGEFILE_SOURCE -DCHECK_FUNCTION_EXISTS=_scrsize   -o CMakeFiles/cmTryCompileExec516398486.dir/CheckFunctionExists.c.o   -c /usr/share/cmake-3.0/Modules/CheckFunctionExists.c
Linking C executable cmTryCompileExec516398486
/usr/bin/cmake -E cmake_link_script CMakeFiles/cmTryCompileExec516398486.dir/link.txt --verbose=1
/usr/bin/cc   -DCHECK_FUNCTION_EXISTS=_scrsize    CMakeFiles/cmTryCompileExec516398486.dir/CheckFunctionExists.c.o  -o cmTryCompileExec516398486 -rdynamic -lm -ldl 
CMakeFiles/cmTryCompileExec516398486.dir/CheckFunctionExists.c.o: In function `main':
CheckFunctionExists.c:(.text+0x15): undefined reference to `_scrsize'
collect2: error: ld returned 1 exit status
CMakeFiles/cmTryCompileExec516398486.dir/build.make:88: recipe for target 'cmTryCompileExec516398486' failed
make[1]: Leaving directory '/MMCI/MS/DeNovoAssembly2/work/ReREAD/Sample_ORNA/ORNA/thirdparty/gatb-core/thirdparty/hdf5/build/CMakeFiles/CMakeTmp'
make[1]: *** [cmTryCompileExec516398486] Error 1
Makefile:118: recipe for target 'cmTryCompileExec516398486/fast' failed
make: *** [cmTryCompileExec516398486/fast] Error 2


Determining if the function GetConsoleScreenBufferInfo exists failed with the following output:
Change Dir: /MMCI/MS/DeNovoAssembly2/work/ReREAD/Sample_ORNA/ORNA/thirdparty/gatb-core/thirdparty/hdf5/build/CMakeFiles/CMakeTmp

Run Build Command:"/usr/bin/make" "cmTryCompileExec2780231384/fast"
/usr/bin/make -f CMakeFiles/cmTryCompileExec2780231384.dir/build.make CMakeFiles/cmTryCompileExec2780231384.dir/build
make[1]: Entering directory '/MMCI/MS/DeNovoAssembly2/work/ReREAD/Sample_ORNA/ORNA/thirdparty/gatb-core/thirdparty/hdf5/build/CMakeFiles/CMakeTmp'
/usr/bin/cmake -E cmake_progress_report /MMCI/MS/DeNovoAssembly2/work/ReREAD/Sample_ORNA/ORNA/thirdparty/gatb-core/thirdparty/hdf5/build/CMakeFiles/CMakeTmp/CMakeFiles 1
Building C object CMakeFiles/cmTryCompileExec2780231384.dir/CheckFunctionExists.c.o
/usr/bin/cc  -D_BSD_SOURCE -D_FILE_OFFSET_BITS=64 -D_LARGEFILE64_SOURCE -D_LARGEFILE_SOURCE -DCHECK_FUNCTION_EXISTS=GetConsoleScreenBufferInfo   -o CMakeFiles/cmTryCompileExec2780231384.dir/CheckFunctionExists.c.o   -c /usr/share/cmake-3.0/Modules/CheckFunctionExists.c
Linking C executable cmTryCompileExec2780231384
/usr/bin/cmake -E cmake_link_script CMakeFiles/cmTryCompileExec2780231384.dir/link.txt --verbose=1
/usr/bin/cc   -DCHECK_FUNCTION_EXISTS=GetConsoleScreenBufferInfo    CMakeFiles/cmTryCompileExec2780231384.dir/CheckFunctionExists.c.o  -o cmTryCompileExec2780231384 -rdynamic -lm -ldl 
CMakeFiles/cmTryCompileExec2780231384.dir/CheckFunctionExists.c.o: In function `main':
CheckFunctionExists.c:(.text+0x15): undefined reference to `GetConsoleScreenBufferInfo'
collect2: error: ld returned 1 exit status
CMakeFiles/cmTryCompileExec2780231384.dir/build.make:88: recipe for target 'cmTryCompileExec2780231384' failed
make[1]: *** [cmTryCompileExec2780231384] Error 1
make[1]: Leaving directory '/MMCI/MS/DeNovoAssembly2/work/ReREAD/Sample_ORNA/ORNA/thirdparty/gatb-core/thirdparty/hdf5/build/CMakeFiles/CMakeTmp'
Makefile:118: recipe for target 'cmTryCompileExec2780231384/fast' failed
make: *** [cmTryCompileExec2780231384/fast] Error 2


Determining if the function setsysinfo exists failed with the following output:
Change Dir: /MMCI/MS/DeNovoAssembly2/work/ReREAD/Sample_ORNA/ORNA/thirdparty/gatb-core/thirdparty/hdf5/build/CMakeFiles/CMakeTmp

Run Build Command:"/usr/bin/make" "cmTryCompileExec3553293661/fast"
/usr/bin/make -f CMakeFiles/cmTryCompileExec3553293661.dir/build.make CMakeFiles/cmTryCompileExec3553293661.dir/build
make[1]: Entering directory '/MMCI/MS/DeNovoAssembly2/work/ReREAD/Sample_ORNA/ORNA/thirdparty/gatb-core/thirdparty/hdf5/build/CMakeFiles/CMakeTmp'
/usr/bin/cmake -E cmake_progress_report /MMCI/MS/DeNovoAssembly2/work/ReREAD/Sample_ORNA/ORNA/thirdparty/gatb-core/thirdparty/hdf5/build/CMakeFiles/CMakeTmp/CMakeFiles 1
Building C object CMakeFiles/cmTryCompileExec3553293661.dir/CheckFunctionExists.c.o
/usr/bin/cc  -D_BSD_SOURCE -D_FILE_OFFSET_BITS=64 -D_LARGEFILE64_SOURCE -D_LARGEFILE_SOURCE -DCHECK_FUNCTION_EXISTS=setsysinfo   -o CMakeFiles/cmTryCompileExec3553293661.dir/CheckFunctionExists.c.o   -c /usr/share/cmake-3.0/Modules/CheckFunctionExists.c
Linking C executable cmTryCompileExec3553293661
/usr/bin/cmake -E cmake_link_script CMakeFiles/cmTryCompileExec3553293661.dir/link.txt --verbose=1
/usr/bin/cc   -DCHECK_FUNCTION_EXISTS=setsysinfo    CMakeFiles/cmTryCompileExec3553293661.dir/CheckFunctionExists.c.o  -o cmTryCompileExec3553293661 -rdynamic -lm -ldl 
CMakeFiles/cmTryCompileExec3553293661.dir/CheckFunctionExists.c.o: In function `main':
CheckFunctionExists.c:(.text+0x15): undefined reference to `setsysinfo'
collect2: error: ld returned 1 exit status
CMakeFiles/cmTryCompileExec3553293661.dir/build.make:88: recipe for target 'cmTryCompileExec3553293661' failed
make[1]: Leaving directory '/MMCI/MS/DeNovoAssembly2/work/ReREAD/Sample_ORNA/ORNA/thirdparty/gatb-core/thirdparty/hdf5/build/CMakeFiles/CMakeTmp'
make[1]: *** [cmTryCompileExec3553293661] Error 1
Makefile:118: recipe for target 'cmTryCompileExec3553293661/fast' failed
make: *** [cmTryCompileExec3553293661/fast] Error 2


Determining if the function sigsetjmp exists failed with the following output:
Change Dir: /MMCI/MS/DeNovoAssembly2/work/ReREAD/Sample_ORNA/ORNA/thirdparty/gatb-core/thirdparty/hdf5/build/CMakeFiles/CMakeTmp

Run Build Command:"/usr/bin/make" "cmTryCompileExec1838149991/fast"
/usr/bin/make -f CMakeFiles/cmTryCompileExec1838149991.dir/build.make CMakeFiles/cmTryCompileExec1838149991.dir/build
make[1]: Entering directory '/MMCI/MS/DeNovoAssembly2/work/ReREAD/Sample_ORNA/ORNA/thirdparty/gatb-core/thirdparty/hdf5/build/CMakeFiles/CMakeTmp'
/usr/bin/cmake -E cmake_progress_report /MMCI/MS/DeNovoAssembly2/work/ReREAD/Sample_ORNA/ORNA/thirdparty/gatb-core/thirdparty/hdf5/build/CMakeFiles/CMakeTmp/CMakeFiles 1
Building C object CMakeFiles/cmTryCompileExec1838149991.dir/CheckFunctionExists.c.o
/usr/bin/cc  -D_BSD_SOURCE -D_FILE_OFFSET_BITS=64 -D_LARGEFILE64_SOURCE -D_LARGEFILE_SOURCE -DCHECK_FUNCTION_EXISTS=sigsetjmp   -o CMakeFiles/cmTryCompileExec1838149991.dir/CheckFunctionExists.c.o   -c /usr/share/cmake-3.0/Modules/CheckFunctionExists.c
Linking C executable cmTryCompileExec1838149991
/usr/bin/cmake -E cmake_link_script CMakeFiles/cmTryCompileExec1838149991.dir/link.txt --verbose=1
/usr/bin/cc   -DCHECK_FUNCTION_EXISTS=sigsetjmp    CMakeFiles/cmTryCompileExec1838149991.dir/CheckFunctionExists.c.o  -o cmTryCompileExec1838149991 -rdynamic -lm -ldl 
CMakeFiles/cmTryCompileExec1838149991.dir/CheckFunctionExists.c.o: In function `main':
CheckFunctionExists.c:(.text+0x15): undefined reference to `sigsetjmp'
collect2: error: ld returned 1 exit status
CMakeFiles/cmTryCompileExec1838149991.dir/build.make:88: recipe for target 'cmTryCompileExec1838149991' failed
make[1]: *** [cmTryCompileExec1838149991] Error 1
make[1]: Leaving directory '/MMCI/MS/DeNovoAssembly2/work/ReREAD/Sample_ORNA/ORNA/thirdparty/gatb-core/thirdparty/hdf5/build/CMakeFiles/CMakeTmp'
Makefile:118: recipe for target 'cmTryCompileExec1838149991/fast' failed
make: *** [cmTryCompileExec1838149991/fast] Error 2


Performing CXX Test OLD_HEADER_FILENAME failed with the following output:
Change Dir: /MMCI/MS/DeNovoAssembly2/work/ReREAD/Sample_ORNA/ORNA/thirdparty/gatb-core/thirdparty/hdf5/build/CMakeFiles/CMakeTmp

Run Build Command:"/usr/bin/make" "cmTryCompileExec1042359186/fast"
/usr/bin/make -f CMakeFiles/cmTryCompileExec1042359186.dir/build.make CMakeFiles/cmTryCompileExec1042359186.dir/build
make[1]: Entering directory '/MMCI/MS/DeNovoAssembly2/work/ReREAD/Sample_ORNA/ORNA/thirdparty/gatb-core/thirdparty/hdf5/build/CMakeFiles/CMakeTmp'
/usr/bin/cmake -E cmake_progress_report /MMCI/MS/DeNovoAssembly2/work/ReREAD/Sample_ORNA/ORNA/thirdparty/gatb-core/thirdparty/hdf5/build/CMakeFiles/CMakeTmp/CMakeFiles 1
Building CXX object CMakeFiles/cmTryCompileExec1042359186.dir/HDF5CXXTests.cpp.o
/usr/bin/c++    -DOLD_HEADER_FILENAME  -DHAVE_SYS_TIME_H -DHAVE_UNISTD_H -DHAVE_SYS_TYPES_H -DHAVE_SYS_SOCKET_H -D_FILE_OFFSET_BITS=64 -D_LARGEFILE64_SOURCE -D_LARGEFILE_SOURCE   -o CMakeFiles/cmTryCompileExec1042359186.dir/HDF5CXXTests.cpp.o -c /MMCI/MS/DeNovoAssembly2/work/ReREAD/Sample_ORNA/ORNA/thirdparty/gatb-core/thirdparty/hdf5/config/cmake/HDF5CXXTests.cpp
Linking CXX executable cmTryCompileExec1042359186
/usr/bin/cmake -E cmake_link_script CMakeFiles/cmTryCompileExec1042359186.dir/link.txt --verbose=1
/usr/bin/c++    -DOLD_HEADER_FILENAME  -DHAVE_SYS_TIME_H -DHAVE_UNISTD_H -DHAVE_SYS_TYPES_H -DHAVE_SYS_SOCKET_H -D_FILE_OFFSET_BITS=64 -D_LARGEFILE64_SOURCE -D_LARGEFILE_SOURCE    CMakeFiles/cmTryCompileExec1042359186.dir/HDF5CXXTests.cpp.o  -o cmTryCompileExec1042359186 -rdynamic -lm -ldl 
make[1]: Leaving directory '/MMCI/MS/DeNovoAssembly2/work/ReREAD/Sample_ORNA/ORNA/thirdparty/gatb-core/thirdparty/hdf5/build/CMakeFiles/CMakeTmp'

Performing CXX Test H5_NO_NAMESPACE failed with the following output:
Change Dir: /MMCI/MS/DeNovoAssembly2/work/ReREAD/Sample_ORNA/ORNA/thirdparty/gatb-core/thirdparty/hdf5/build/CMakeFiles/CMakeTmp

Run Build Command:"/usr/bin/make" "cmTryCompileExec3618197301/fast"
/usr/bin/make -f CMakeFiles/cmTryCompileExec3618197301.dir/build.make CMakeFiles/cmTryCompileExec3618197301.dir/build
make[1]: Entering directory '/MMCI/MS/DeNovoAssembly2/work/ReREAD/Sample_ORNA/ORNA/thirdparty/gatb-core/thirdparty/hdf5/build/CMakeFiles/CMakeTmp'
/usr/bin/cmake -E cmake_progress_report /MMCI/MS/DeNovoAssembly2/work/ReREAD/Sample_ORNA/ORNA/thirdparty/gatb-core/thirdparty/hdf5/build/CMakeFiles/CMakeTmp/CMakeFiles 1
Building CXX object CMakeFiles/cmTryCompileExec3618197301.dir/HDF5CXXTests.cpp.o
/usr/bin/c++    -DH5_NO_NAMESPACE  -DHAVE_SYS_TIME_H -DHAVE_UNISTD_H -DHAVE_SYS_TYPES_H -DHAVE_SYS_SOCKET_H -D_FILE_OFFSET_BITS=64 -D_LARGEFILE64_SOURCE -D_LARGEFILE_SOURCE   -o CMakeFiles/cmTryCompileExec3618197301.dir/HDF5CXXTests.cpp.o -c /MMCI/MS/DeNovoAssembly2/work/ReREAD/Sample_ORNA/ORNA/thirdparty/gatb-core/thirdparty/hdf5/config/cmake/HDF5CXXTests.cpp
Linking CXX executable cmTryCompileExec3618197301
/usr/bin/cmake -E cmake_link_script CMakeFiles/cmTryCompileExec3618197301.dir/link.txt --verbose=1
/usr/bin/c++    -DH5_NO_NAMESPACE  -DHAVE_SYS_TIME_H -DHAVE_UNISTD_H -DHAVE_SYS_TYPES_H -DHAVE_SYS_SOCKET_H -D_FILE_OFFSET_BITS=64 -D_LARGEFILE64_SOURCE -D_LARGEFILE_SOURCE    CMakeFiles/cmTryCompileExec3618197301.dir/HDF5CXXTests.cpp.o  -o cmTryCompileExec3618197301 -rdynamic -lm -ldl 
make[1]: Leaving directory '/MMCI/MS/DeNovoAssembly2/work/ReREAD/Sample_ORNA/ORNA/thirdparty/gatb-core/thirdparty/hdf5/build/CMakeFiles/CMakeTmp'

Performing CXX Test H5_NO_STD failed with the following output:
Change Dir: /MMCI/MS/DeNovoAssembly2/work/ReREAD/Sample_ORNA/ORNA/thirdparty/gatb-core/thirdparty/hdf5/build/CMakeFiles/CMakeTmp

Run Build Command:"/usr/bin/make" "cmTryCompileExec2854514152/fast"
/usr/bin/make -f CMakeFiles/cmTryCompileExec2854514152.dir/build.make CMakeFiles/cmTryCompileExec2854514152.dir/build
make[1]: Entering directory '/MMCI/MS/DeNovoAssembly2/work/ReREAD/Sample_ORNA/ORNA/thirdparty/gatb-core/thirdparty/hdf5/build/CMakeFiles/CMakeTmp'
/usr/bin/cmake -E cmake_progress_report /MMCI/MS/DeNovoAssembly2/work/ReREAD/Sample_ORNA/ORNA/thirdparty/gatb-core/thirdparty/hdf5/build/CMakeFiles/CMakeTmp/CMakeFiles 1
Building CXX object CMakeFiles/cmTryCompileExec2854514152.dir/HDF5CXXTests.cpp.o
/usr/bin/c++    -DH5_NO_STD  -DHAVE_SYS_TIME_H -DHAVE_UNISTD_H -DHAVE_SYS_TYPES_H -DHAVE_SYS_SOCKET_H -D_FILE_OFFSET_BITS=64 -D_LARGEFILE64_SOURCE -D_LARGEFILE_SOURCE   -o CMakeFiles/cmTryCompileExec2854514152.dir/HDF5CXXTests.cpp.o -c /MMCI/MS/DeNovoAssembly2/work/ReREAD/Sample_ORNA/ORNA/thirdparty/gatb-core/thirdparty/hdf5/config/cmake/HDF5CXXTests.cpp
Linking CXX executable cmTryCompileExec2854514152
/usr/bin/cmake -E cmake_link_script CMakeFiles/cmTryCompileExec2854514152.dir/link.txt --verbose=1
/usr/bin/c++    -DH5_NO_STD  -DHAVE_SYS_TIME_H -DHAVE_UNISTD_H -DHAVE_SYS_TYPES_H -DHAVE_SYS_SOCKET_H -D_FILE_OFFSET_BITS=64 -D_LARGEFILE64_SOURCE -D_LARGEFILE_SOURCE    CMakeFiles/cmTryCompileExec2854514152.dir/HDF5CXXTests.cpp.o  -o cmTryCompileExec2854514152 -rdynamic -lm -ldl 
make[1]: Leaving directory '/MMCI/MS/DeNovoAssembly2/work/ReREAD/Sample_ORNA/ORNA/thirdparty/gatb-core/thirdparty/hdf5/build/CMakeFiles/CMakeTmp'

Performing CXX Test BOOL_NOTDEFINED failed with the following output:
Change Dir: /MMCI/MS/DeNovoAssembly2/work/ReREAD/Sample_ORNA/ORNA/thirdparty/gatb-core/thirdparty/hdf5/build/CMakeFiles/CMakeTmp

Run Build Command:"/usr/bin/make" "cmTryCompileExec3947386739/fast"
/usr/bin/make -f CMakeFiles/cmTryCompileExec3947386739.dir/build.make CMakeFiles/cmTryCompileExec3947386739.dir/build
make[1]: Entering directory '/MMCI/MS/DeNovoAssembly2/work/ReREAD/Sample_ORNA/ORNA/thirdparty/gatb-core/thirdparty/hdf5/build/CMakeFiles/CMakeTmp'
/usr/bin/cmake -E cmake_progress_report /MMCI/MS/DeNovoAssembly2/work/ReREAD/Sample_ORNA/ORNA/thirdparty/gatb-core/thirdparty/hdf5/build/CMakeFiles/CMakeTmp/CMakeFiles 1
Building CXX object CMakeFiles/cmTryCompileExec3947386739.dir/HDF5CXXTests.cpp.o
/usr/bin/c++    -DBOOL_NOTDEFINED  -DHAVE_SYS_TIME_H -DHAVE_UNISTD_H -DHAVE_SYS_TYPES_H -DHAVE_SYS_SOCKET_H -D_FILE_OFFSET_BITS=64 -D_LARGEFILE64_SOURCE -D_LARGEFILE_SOURCE   -o CMakeFiles/cmTryCompileExec3947386739.dir/HDF5CXXTests.cpp.o -c /MMCI/MS/DeNovoAssembly2/work/ReREAD/Sample_ORNA/ORNA/thirdparty/gatb-core/thirdparty/hdf5/config/cmake/HDF5CXXTests.cpp
Linking CXX executable cmTryCompileExec3947386739
/usr/bin/cmake -E cmake_link_script CMakeFiles/cmTryCompileExec3947386739.dir/link.txt --verbose=1
/usr/bin/c++    -DBOOL_NOTDEFINED  -DHAVE_SYS_TIME_H -DHAVE_UNISTD_H -DHAVE_SYS_TYPES_H -DHAVE_SYS_SOCKET_H -D_FILE_OFFSET_BITS=64 -D_LARGEFILE64_SOURCE -D_LARGEFILE_SOURCE    CMakeFiles/cmTryCompileExec3947386739.dir/HDF5CXXTests.cpp.o  -o cmTryCompileExec3947386739 -rdynamic -lm -ldl 
make[1]: Leaving directory '/MMCI/MS/DeNovoAssembly2/work/ReREAD/Sample_ORNA/ORNA/thirdparty/gatb-core/thirdparty/hdf5/build/CMakeFiles/CMakeTmp'

Performing CXX Test NO_STATIC_CAST failed with the following output:
Change Dir: /MMCI/MS/DeNovoAssembly2/work/ReREAD/Sample_ORNA/ORNA/thirdparty/gatb-core/thirdparty/hdf5/build/CMakeFiles/CMakeTmp

Run Build Command:"/usr/bin/make" "cmTryCompileExec598805259/fast"
/usr/bin/make -f CMakeFiles/cmTryCompileExec598805259.dir/build.make CMakeFiles/cmTryCompileExec598805259.dir/build
make[1]: Entering directory '/MMCI/MS/DeNovoAssembly2/work/ReREAD/Sample_ORNA/ORNA/thirdparty/gatb-core/thirdparty/hdf5/build/CMakeFiles/CMakeTmp'
/usr/bin/cmake -E cmake_progress_report /MMCI/MS/DeNovoAssembly2/work/ReREAD/Sample_ORNA/ORNA/thirdparty/gatb-core/thirdparty/hdf5/build/CMakeFiles/CMakeTmp/CMakeFiles 1
Building CXX object CMakeFiles/cmTryCompileExec598805259.dir/HDF5CXXTests.cpp.o
/usr/bin/c++    -DNO_STATIC_CAST  -DHAVE_SYS_TIME_H -DHAVE_UNISTD_H -DHAVE_SYS_TYPES_H -DHAVE_SYS_SOCKET_H -D_FILE_OFFSET_BITS=64 -D_LARGEFILE64_SOURCE -D_LARGEFILE_SOURCE   -o CMakeFiles/cmTryCompileExec598805259.dir/HDF5CXXTests.cpp.o -c /MMCI/MS/DeNovoAssembly2/work/ReREAD/Sample_ORNA/ORNA/thirdparty/gatb-core/thirdparty/hdf5/config/cmake/HDF5CXXTests.cpp
Linking CXX executable cmTryCompileExec598805259
/usr/bin/cmake -E cmake_link_script CMakeFiles/cmTryCompileExec598805259.dir/link.txt --verbose=1
/usr/bin/c++    -DNO_STATIC_CAST  -DHAVE_SYS_TIME_H -DHAVE_UNISTD_H -DHAVE_SYS_TYPES_H -DHAVE_SYS_SOCKET_H -D_FILE_OFFSET_BITS=64 -D_LARGEFILE64_SOURCE -D_LARGEFILE_SOURCE    CMakeFiles/cmTryCompileExec598805259.dir/HDF5CXXTests.cpp.o  -o cmTryCompileExec598805259 -rdynamic -lm -ldl 
make[1]: Leaving directory '/MMCI/MS/DeNovoAssembly2/work/ReREAD/Sample_ORNA/ORNA/thirdparty/gatb-core/thirdparty/hdf5/build/CMakeFiles/CMakeTmp'

Test H5_ULONG_TO_FP_BOTTOM_BIT_ACCURATE Run failed with the following output and exit code:
 Change Dir: /MMCI/MS/DeNovoAssembly2/work/ReREAD/Sample_ORNA/ORNA/thirdparty/gatb-core/thirdparty/hdf5/build/CMake/CMakeFiles/CMakeTmp

Run Build Command:"/usr/bin/make" "cmTryCompileExec2035940470/fast"
/usr/bin/make -f CMakeFiles/cmTryCompileExec2035940470.dir/build.make CMakeFiles/cmTryCompileExec2035940470.dir/build
make[1]: Entering directory '/MMCI/MS/DeNovoAssembly2/work/ReREAD/Sample_ORNA/ORNA/thirdparty/gatb-core/thirdparty/hdf5/build/CMake/CMakeFiles/CMakeTmp'
/usr/bin/cmake -E cmake_progress_report /MMCI/MS/DeNovoAssembly2/work/ReREAD/Sample_ORNA/ORNA/thirdparty/gatb-core/thirdparty/hdf5/build/CMake/CMakeFiles/CMakeTmp/CMakeFiles 1
Building C object CMakeFiles/cmTryCompileExec2035940470.dir/ConversionTests.c.o
/usr/bin/cc   -DH5_ULONG_TO_FP_BOTTOM_BIT_ACCURATE_TEST   -o CMakeFiles/cmTryCompileExec2035940470.dir/ConversionTests.c.o   -c /MMCI/MS/DeNovoAssembly2/work/ReREAD/Sample_ORNA/ORNA/thirdparty/gatb-core/thirdparty/hdf5/config/cmake/ConversionTests.c
/MMCI/MS/DeNovoAssembly2/work/ReREAD/Sample_ORNA/ORNA/thirdparty/gatb-core/thirdparty/hdf5/config/cmake/ConversionTests.c: In function ‘main’:
/MMCI/MS/DeNovoAssembly2/work/ReREAD/Sample_ORNA/ORNA/thirdparty/gatb-core/thirdparty/hdf5/config/cmake/ConversionTests.c:420:5: warning: incompatible implicit declaration of built-in function ‘exit’
     exit(ret);
     ^
Linking C executable cmTryCompileExec2035940470
/usr/bin/cmake -E cmake_link_script CMakeFiles/cmTryCompileExec2035940470.dir/link.txt --verbose=1
/usr/bin/cc   -DH5_ULONG_TO_FP_BOTTOM_BIT_ACCURATE_TEST    CMakeFiles/cmTryCompileExec2035940470.dir/ConversionTests.c.o  -o cmTryCompileExec2035940470 -rdynamic 
make[1]: Leaving directory '/MMCI/MS/DeNovoAssembly2/work/ReREAD/Sample_ORNA/ORNA/thirdparty/gatb-core/thirdparty/hdf5/build/CMake/CMakeFiles/CMakeTmp'

